[Appium] Welcome to Appium v1.8.1
[Appium] Non-default server args:
[Appium]   port: 54575
[Appium]   loglevel: info
[Appium]   chromeDriverPort: 54576
[Appium]   tmpDir: /var/folders/9b/47rf2vv11fj1yk4gcyvmgn980000gn/T//Katalon/Appium/Temp1567313695668
[Appium] Appium REST http interface listener started on 0.0.0.0:54575
[HTTP] --> GET /wd/hub/status
[HTTP] {}
[HTTP] <-- GET /wd/hub/status 200 155 ms - 83
[HTTP] 
[HTTP] --> POST /wd/hub/session
[HTTP] {"desiredCapabilities":{"app":"/Users/macbookair/git/qa-mobil-hci/APK/base.apk","autoGrantPermissions":true,"automationName":"uiautomator2","deviceName":"asus ASUS_X01BDA (Android 9)","fullReset":false,"newCommandTimeout":1800,"noReset":true,"platform":"ANDROID","platformName":"Android","udid":"JCAXGF0223308CH"},"capabilities":{"desiredCapabilities":{"app":"/Users/macbookair/git/qa-mobil-hci/APK/base.apk","autoGrantPermissions":true,"automationName":"uiautomator2","deviceName":"asus ASUS_X01BDA (Android 9)","fullReset":false,"newCommandTimeout":1800,"noReset":true,"platform":"ANDROID","platformName":"Android","udid":"JCAXGF0223308CH"},"firstMatch":[{"platformName":"android"}]}}
[Appium] Could not parse W3C capabilities: 'deviceName' can't be blank. Falling back to JSONWP protocol.
[Appium] The following capabilities were provided in the JSONWP desired capabilities that are missing in W3C capabilities: ["app","autoGrantPermissions","automationName","deviceName","fullReset","newCommandTimeout","noReset","platform","platformName","udid"]. Falling back to JSONWP protocol.
[Appium] Creating new AndroidUiautomator2Driver (v1.12.0) session
[Appium] Capabilities:
[Appium]   app: /Users/macbookair/git/qa-mobil-hci/APK/base.apk
[Appium]   autoGrantPermissions: true
[Appium]   automationName: uiautomator2
[Appium]   deviceName: asus ASUS_X01BDA (Android 9)
[Appium]   fullReset: false
[Appium]   newCommandTimeout: 1800
[Appium]   noReset: true
[Appium]   platform: ANDROID
[Appium]   platformName: Android
[Appium]   udid: JCAXGF0223308CH
[BaseDriver] The following capabilities were provided, but are not recognized by appium: platform.
[BaseDriver] Session created with session id: 92016eec-4bfd-41fd-bf38-3b17927651c6
[BaseDriver] Using local app '/Users/macbookair/git/qa-mobil-hci/APK/base.apk'
[AndroidDriver] Java version is: 1.8.0_181
[ADB] Checking whether adb is present
[ADB] Found 1 'build-tools' folders under '/Users/macbookair/.katalon/tools/android_sdk' (newest first):
[ADB]     /Users/macbookair/.katalon/tools/android_sdk/build-tools/29.0.2
[ADB] Using adb from /Users/macbookair/.katalon/tools/android_sdk/platform-tools/adb
[AndroidDriver] Retrieving device list
[AndroidDriver] Using device: JCAXGF0223308CH
[ADB] Using the alternative activity name detection method because of: Could not find apkanalyzer in /Users/macbookair/.katalon/tools/android_sdk/platform-tools/apkanalyzer,/Users/macbookair/.katalon/tools/android_sdk/emulator/apkanalyzer,/Users/macbookair/.katalon/tools/android_sdk/tools/apkanalyzer,/Users/macbookair/.katalon/tools/android_sdk/tools/bin/apkanalyzer,/Users/macbookair/.katalon/tools/android_sdk/build-tools/29.0.2/apkanalyzer. Do you have the Android SDK installed at '/Users/macbookair/.katalon/tools/android_sdk'?
[ADB] Checking whether aapt is present
[ADB] Using aapt from /Users/macbookair/.katalon/tools/android_sdk/build-tools/29.0.2/aapt
[ADB] Extracting package and launch activity from manifest
[ADB] Package name: 'id.co.myhomecredit'
[ADB] Main activity name: 'id.co.homecredit.v2.launcherpage.SplashScreenActivity'
[ADB] Getting device platform version
[ADB] Using apksigner from /Users/macbookair/.katalon/tools/android_sdk/build-tools/29.0.2/apksigner
[ADB] Cannot read version codes of '/usr/local/lib/node_modules/appium/node_modules/appium-uiautomator2-server/apks/appium-uiautomator2-server-debug-androidTest.apk' and/or 'io.appium.uiautomator2.server.test'
[ADB] Cannot read version names of '/usr/local/lib/node_modules/appium/node_modules/appium-uiautomator2-server/apks/appium-uiautomator2-server-debug-androidTest.apk' and/or 'io.appium.uiautomator2.server.test'. Assuming correct app version is already installed
[AndroidDriver] setDeviceLanguageCountry requires language or country.
[AndroidDriver] Got language: 'null' and country: 'null'
[ADB] Successfully extracted 1802 strings from '/Users/macbookair/git/qa-mobil-hci/APK/base.apk' resources for '(default)' configuration
[UiAutomator2] Starting uiautomator2 server 1.12.0
[UiAutomator2] Using UIAutomator2 server from '/usr/local/lib/node_modules/appium/node_modules/appium-uiautomator2-server/apks/appium-uiautomator2-server-v1.12.0.apk' and test from '/usr/local/lib/node_modules/appium/node_modules/appium-uiautomator2-server/apks/appium-uiautomator2-server-debug-androidTest.apk'
[UiAutomator2] Running command: 'adb -s JCAXGF0223308CH shell am instrument -w io.appium.uiautomator2.server.test/android.support.test.runner.AndroidJUnitRunner'
[UiAutomator2] Waiting up to 20000ms for UiAutomator2 to be online...
[AndroidDriver] Screen already unlocked, doing nothing
[UiAutomator2] UiAutomator2 did not start the activity we were waiting for, 'id.co.myhomecredit/id.co.homecredit.v2.launcherpage.SplashScreenActivity'. Starting it ourselves
[Appium] New AndroidUiautomator2Driver session created successfully, session 92016eec-4bfd-41fd-bf38-3b17927651c6 added to master session list
[HTTP] <-- POST /wd/hub/session 200 13891 ms - 1141
[HTTP] 
[HTTP] --> GET /wd/hub/status
[HTTP] {}
[HTTP] <-- GET /wd/hub/status 200 38 ms - 55
[HTTP] 
[HTTP] --> POST /wd/hub/session/92016eec-4bfd-41fd-bf38-3b17927651c6/timeouts
[HTTP] {"type":"implicit","ms":30000}
[HTTP] <-- POST /wd/hub/session/92016eec-4bfd-41fd-bf38-3b17927651c6/timeouts 400 33 ms - 4181
[HTTP] 
[HTTP] --> GET /wd/hub/session/92016eec-4bfd-41fd-bf38-3b17927651c6/context
[HTTP] {}
[HTTP] <-- GET /wd/hub/session/92016eec-4bfd-41fd-bf38-3b17927651c6/context 200 44 ms - 84
[HTTP] 
[HTTP] --> GET /wd/hub/session/92016eec-4bfd-41fd-bf38-3b17927651c6/contexts
[HTTP] {}
[HTTP] <-- GET /wd/hub/session/92016eec-4bfd-41fd-bf38-3b17927651c6/contexts 200 69 ms - 86
[HTTP] 
[HTTP] --> POST /wd/hub/session/92016eec-4bfd-41fd-bf38-3b17927651c6/context
[HTTP] {"name":"NATIVE_APP"}
[HTTP] <-- POST /wd/hub/session/92016eec-4bfd-41fd-bf38-3b17927651c6/context 200 87 ms - 76
[HTTP] 
[HTTP] --> GET /wd/hub/session/92016eec-4bfd-41fd-bf38-3b17927651c6/window/current/size
[HTTP] {}
[W3C] Driver proxy active, passing request on via HTTP proxy
[JSONWP Proxy] Replacing sessionId 75568984-22cc-4d3f-a176-0424c20457c9 with 92016eec-4bfd-41fd-bf38-3b17927651c6
[HTTP] <-- GET /wd/hub/session/92016eec-4bfd-41fd-bf38-3b17927651c6/window/current/size 200 58 ms - 100
[HTTP] 
[HTTP] --> POST /wd/hub/session/92016eec-4bfd-41fd-bf38-3b17927651c6/context
[HTTP] {"name":"NATIVE_APP"}
[HTTP] <-- POST /wd/hub/session/92016eec-4bfd-41fd-bf38-3b17927651c6/context 200 66 ms - 76
[HTTP] 
[HTTP] --> GET /wd/hub/session/92016eec-4bfd-41fd-bf38-3b17927651c6/context
[HTTP] {}
[HTTP] <-- GET /wd/hub/session/92016eec-4bfd-41fd-bf38-3b17927651c6/context 200 7 ms - 84
[HTTP] 
[HTTP] --> GET /wd/hub/session/92016eec-4bfd-41fd-bf38-3b17927651c6/contexts
[HTTP] {}
[HTTP] <-- GET /wd/hub/session/92016eec-4bfd-41fd-bf38-3b17927651c6/contexts 200 66 ms - 86
[HTTP] 
[HTTP] --> POST /wd/hub/session/92016eec-4bfd-41fd-bf38-3b17927651c6/context
[HTTP] {"name":"NATIVE_APP"}
[HTTP] <-- POST /wd/hub/session/92016eec-4bfd-41fd-bf38-3b17927651c6/context 200 69 ms - 76
[HTTP] 
[HTTP] --> GET /wd/hub/session/92016eec-4bfd-41fd-bf38-3b17927651c6/window/current/size
[HTTP] {}
[W3C] Driver proxy active, passing request on via HTTP proxy
[JSONWP Proxy] Replacing sessionId 75568984-22cc-4d3f-a176-0424c20457c9 with 92016eec-4bfd-41fd-bf38-3b17927651c6
[HTTP] <-- GET /wd/hub/session/92016eec-4bfd-41fd-bf38-3b17927651c6/window/current/size 200 44 ms - 100
[HTTP] 
[HTTP] --> POST /wd/hub/session/92016eec-4bfd-41fd-bf38-3b17927651c6/context
[HTTP] {"name":"NATIVE_APP"}
[HTTP] <-- POST /wd/hub/session/92016eec-4bfd-41fd-bf38-3b17927651c6/context 200 70 ms - 76
[HTTP] 
[HTTP] --> GET /wd/hub/session/92016eec-4bfd-41fd-bf38-3b17927651c6/context
[HTTP] {}
[HTTP] <-- GET /wd/hub/session/92016eec-4bfd-41fd-bf38-3b17927651c6/context 200 3 ms - 84
[HTTP] 
[HTTP] --> GET /wd/hub/session/92016eec-4bfd-41fd-bf38-3b17927651c6/contexts
[HTTP] {}
[HTTP] <-- GET /wd/hub/session/92016eec-4bfd-41fd-bf38-3b17927651c6/contexts 200 85 ms - 86
[HTTP] 
[HTTP] --> POST /wd/hub/session/92016eec-4bfd-41fd-bf38-3b17927651c6/context
[HTTP] {"name":"NATIVE_APP"}
[HTTP] <-- POST /wd/hub/session/92016eec-4bfd-41fd-bf38-3b17927651c6/context 200 92 ms - 76
[HTTP] 
[HTTP] --> POST /wd/hub/session/92016eec-4bfd-41fd-bf38-3b17927651c6/touch/perform
[HTTP] {"actions":[{"action":"press","options":{"x":756,"y":1034}},{"action":"wait","options":{"ms":500}},{"action":"moveTo","options":{"x":324,"y":1034}},{"action":"release","options":{}}]}
[HTTP] <-- POST /wd/hub/session/92016eec-4bfd-41fd-bf38-3b17927651c6/touch/perform 200 1087 ms - 76
[HTTP] 
[HTTP] --> POST /wd/hub/session/92016eec-4bfd-41fd-bf38-3b17927651c6/context
[HTTP] {"name":"NATIVE_APP"}
[HTTP] <-- POST /wd/hub/session/92016eec-4bfd-41fd-bf38-3b17927651c6/context 200 57 ms - 76
[HTTP] 
[HTTP] --> GET /wd/hub/session/92016eec-4bfd-41fd-bf38-3b17927651c6/context
[HTTP] {}
[HTTP] <-- GET /wd/hub/session/92016eec-4bfd-41fd-bf38-3b17927651c6/context 200 2 ms - 84
[HTTP] 
[HTTP] --> GET /wd/hub/session/92016eec-4bfd-41fd-bf38-3b17927651c6/contexts
[HTTP] {}
[HTTP] <-- GET /wd/hub/session/92016eec-4bfd-41fd-bf38-3b17927651c6/contexts 200 59 ms - 86
[HTTP] 
[HTTP] --> POST /wd/hub/session/92016eec-4bfd-41fd-bf38-3b17927651c6/context
[HTTP] {"name":"NATIVE_APP"}
[HTTP] <-- POST /wd/hub/session/92016eec-4bfd-41fd-bf38-3b17927651c6/context 200 60 ms - 76
[HTTP] 
[HTTP] --> POST /wd/hub/session/92016eec-4bfd-41fd-bf38-3b17927651c6/touch/perform
[HTTP] {"actions":[{"action":"press","options":{"x":756,"y":1034}},{"action":"wait","options":{"ms":500}},{"action":"moveTo","options":{"x":324,"y":1034}},{"action":"release","options":{}}]}
[HTTP] <-- POST /wd/hub/session/92016eec-4bfd-41fd-bf38-3b17927651c6/touch/perform 200 1053 ms - 76
[HTTP] 
[HTTP] --> POST /wd/hub/session/92016eec-4bfd-41fd-bf38-3b17927651c6/context
[HTTP] {"name":"NATIVE_APP"}
[HTTP] <-- POST /wd/hub/session/92016eec-4bfd-41fd-bf38-3b17927651c6/context 200 63 ms - 76
[HTTP] 
[HTTP] --> GET /wd/hub/session/92016eec-4bfd-41fd-bf38-3b17927651c6/context
[HTTP] {}
[HTTP] <-- GET /wd/hub/session/92016eec-4bfd-41fd-bf38-3b17927651c6/context 200 4 ms - 84
[HTTP] 
[HTTP] --> GET /wd/hub/session/92016eec-4bfd-41fd-bf38-3b17927651c6/contexts
[HTTP] {}
[HTTP] <-- GET /wd/hub/session/92016eec-4bfd-41fd-bf38-3b17927651c6/contexts 200 63 ms - 86
[HTTP] 
[HTTP] --> POST /wd/hub/session/92016eec-4bfd-41fd-bf38-3b17927651c6/context
[HTTP] {"name":"NATIVE_APP"}
[HTTP] <-- POST /wd/hub/session/92016eec-4bfd-41fd-bf38-3b17927651c6/context 200 58 ms - 76
[HTTP] 
[HTTP] --> POST /wd/hub/session/92016eec-4bfd-41fd-bf38-3b17927651c6/touch/perform
[HTTP] {"actions":[{"action":"press","options":{"x":756,"y":1034}},{"action":"wait","options":{"ms":500}},{"action":"moveTo","options":{"x":324,"y":1034}},{"action":"release","options":{}}]}
[HTTP] <-- POST /wd/hub/session/92016eec-4bfd-41fd-bf38-3b17927651c6/touch/perform 200 1065 ms - 76
[HTTP] 
[HTTP] --> POST /wd/hub/session/92016eec-4bfd-41fd-bf38-3b17927651c6/context
[HTTP] {"name":"NATIVE_APP"}
[HTTP] <-- POST /wd/hub/session/92016eec-4bfd-41fd-bf38-3b17927651c6/context 200 70 ms - 76
[HTTP] 
[HTTP] --> GET /wd/hub/session/92016eec-4bfd-41fd-bf38-3b17927651c6/window/current/size
[HTTP] {}
[W3C] Driver proxy active, passing request on via HTTP proxy
[JSONWP Proxy] Replacing sessionId 75568984-22cc-4d3f-a176-0424c20457c9 with 92016eec-4bfd-41fd-bf38-3b17927651c6
[HTTP] <-- GET /wd/hub/session/92016eec-4bfd-41fd-bf38-3b17927651c6/window/current/size 200 62 ms - 100
[HTTP] 
[HTTP] --> POST /wd/hub/session/92016eec-4bfd-41fd-bf38-3b17927651c6/elements
[HTTP] {"using":"-android uiautomator","value":"new UiSelector().className(\"android.widget.TextView\").text(\"DAFTAR\").resourceId(\"id.co.myhomecredit:id/button_register\").instance(2)"}
[HTTP] <-- POST /wd/hub/session/92016eec-4bfd-41fd-bf38-3b17927651c6/elements 200 208 ms - 124
[HTTP] 
[HTTP] --> GET /wd/hub/session/92016eec-4bfd-41fd-bf38-3b17927651c6
[HTTP] {}
[HTTP] <-- GET /wd/hub/session/92016eec-4bfd-41fd-bf38-3b17927651c6 200 52 ms - 1258
[HTTP] 
[HTTP] --> GET /wd/hub/session/92016eec-4bfd-41fd-bf38-3b17927651c6
[HTTP] {}
[HTTP] <-- GET /wd/hub/session/92016eec-4bfd-41fd-bf38-3b17927651c6 200 45 ms - 1258
[HTTP] 
[HTTP] --> GET /wd/hub/session/92016eec-4bfd-41fd-bf38-3b17927651c6
[HTTP] {}
[HTTP] <-- GET /wd/hub/session/92016eec-4bfd-41fd-bf38-3b17927651c6 200 50 ms - 1258
[HTTP] 
[HTTP] --> GET /wd/hub/session/92016eec-4bfd-41fd-bf38-3b17927651c6
[HTTP] {}
[HTTP] <-- GET /wd/hub/session/92016eec-4bfd-41fd-bf38-3b17927651c6 200 36 ms - 1258
[HTTP] 
[HTTP] --> GET /wd/hub/session/92016eec-4bfd-41fd-bf38-3b17927651c6/element/26c195bc-7cb3-4a18-a1a7-0a365d941d85/location
[HTTP] {}
[W3C] Driver proxy active, passing request on via HTTP proxy
[JSONWP Proxy] Replacing sessionId 75568984-22cc-4d3f-a176-0424c20457c9 with 92016eec-4bfd-41fd-bf38-3b17927651c6
[HTTP] <-- GET /wd/hub/session/92016eec-4bfd-41fd-bf38-3b17927651c6/element/26c195bc-7cb3-4a18-a1a7-0a365d941d85/location 200 78 ms - 90
[HTTP] 
[HTTP] --> POST /wd/hub/session/92016eec-4bfd-41fd-bf38-3b17927651c6/touch/perform
[HTTP] {"actions":[{"action":"tap","options":{"element":"26c195bc-7cb3-4a18-a1a7-0a365d941d85","x":1,"y":1}}]}
[UiAutomator2] calling get location: 26c195bc-7cb3-4a18-a1a7-0a365d941d85
[HTTP] <-- POST /wd/hub/session/92016eec-4bfd-41fd-bf38-3b17927651c6/touch/perform 200 1460 ms - 76
[HTTP] 
[HTTP] --> GET /wd/hub/session/92016eec-4bfd-41fd-bf38-3b17927651c6/window/current/size
[HTTP] {}
[W3C] Driver proxy active, passing request on via HTTP proxy
[JSONWP Proxy] Replacing sessionId 75568984-22cc-4d3f-a176-0424c20457c9 with 92016eec-4bfd-41fd-bf38-3b17927651c6
[HTTP] <-- GET /wd/hub/session/92016eec-4bfd-41fd-bf38-3b17927651c6/window/current/size 200 50 ms - 100
[HTTP] 
[HTTP] --> POST /wd/hub/session/92016eec-4bfd-41fd-bf38-3b17927651c6/elements
[HTTP] {"using":"-android uiautomator","value":"new UiSelector().className(\"android.widget.TextView\").text(\"Tanggal Lahir\").resourceId(\"id.co.myhomecredit:id/input_dob\").instance(1)"}
[HTTP] <-- POST /wd/hub/session/92016eec-4bfd-41fd-bf38-3b17927651c6/elements 200 102 ms - 124
[HTTP] 
[HTTP] --> GET /wd/hub/session/92016eec-4bfd-41fd-bf38-3b17927651c6
[HTTP] {}
[HTTP] <-- GET /wd/hub/session/92016eec-4bfd-41fd-bf38-3b17927651c6 200 35 ms - 1258
[HTTP] 
[HTTP] --> GET /wd/hub/session/92016eec-4bfd-41fd-bf38-3b17927651c6
[HTTP] {}
[HTTP] <-- GET /wd/hub/session/92016eec-4bfd-41fd-bf38-3b17927651c6 200 34 ms - 1258
[HTTP] 
[HTTP] --> GET /wd/hub/session/92016eec-4bfd-41fd-bf38-3b17927651c6
[HTTP] {}
[HTTP] <-- GET /wd/hub/session/92016eec-4bfd-41fd-bf38-3b17927651c6 200 36 ms - 1258
[HTTP] 
[HTTP] --> GET /wd/hub/session/92016eec-4bfd-41fd-bf38-3b17927651c6
[HTTP] {}
[HTTP] <-- GET /wd/hub/session/92016eec-4bfd-41fd-bf38-3b17927651c6 200 46 ms - 1258
[HTTP] 
[HTTP] --> GET /wd/hub/session/92016eec-4bfd-41fd-bf38-3b17927651c6/element/9b882858-945d-47bd-932a-950f85c358a7/location
[HTTP] {}
[W3C] Driver proxy active, passing request on via HTTP proxy
[JSONWP Proxy] Replacing sessionId 75568984-22cc-4d3f-a176-0424c20457c9 with 92016eec-4bfd-41fd-bf38-3b17927651c6
[HTTP] <-- GET /wd/hub/session/92016eec-4bfd-41fd-bf38-3b17927651c6/element/9b882858-945d-47bd-932a-950f85c358a7/location 200 54 ms - 88
[HTTP] 
[HTTP] --> POST /wd/hub/session/92016eec-4bfd-41fd-bf38-3b17927651c6/touch/perform
[HTTP] {"actions":[{"action":"tap","options":{"element":"9b882858-945d-47bd-932a-950f85c358a7","x":1,"y":1}}]}
[UiAutomator2] calling get location: 9b882858-945d-47bd-932a-950f85c358a7
[HTTP] <-- POST /wd/hub/session/92016eec-4bfd-41fd-bf38-3b17927651c6/touch/perform 200 1578 ms - 76
[HTTP] 
[HTTP] --> GET /wd/hub/session/92016eec-4bfd-41fd-bf38-3b17927651c6/window/current/size
[HTTP] {}
[W3C] Driver proxy active, passing request on via HTTP proxy
[JSONWP Proxy] Replacing sessionId 75568984-22cc-4d3f-a176-0424c20457c9 with 92016eec-4bfd-41fd-bf38-3b17927651c6
[HTTP] <-- GET /wd/hub/session/92016eec-4bfd-41fd-bf38-3b17927651c6/window/current/size 200 41 ms - 100
[HTTP] 
[HTTP] --> POST /wd/hub/session/92016eec-4bfd-41fd-bf38-3b17927651c6/elements
[HTTP] {"using":"-android uiautomator","value":"new UiSelector().className(\"android.widget.Button\").text(\"OK\").resourceId(\"android:id/button1\").instance(7)"}
[HTTP] <-- POST /wd/hub/session/92016eec-4bfd-41fd-bf38-3b17927651c6/elements 200 94 ms - 124
[HTTP] 
[HTTP] --> GET /wd/hub/session/92016eec-4bfd-41fd-bf38-3b17927651c6
[HTTP] {}
[HTTP] <-- GET /wd/hub/session/92016eec-4bfd-41fd-bf38-3b17927651c6 200 30 ms - 1258
[HTTP] 
[HTTP] --> GET /wd/hub/session/92016eec-4bfd-41fd-bf38-3b17927651c6
[HTTP] {}
[HTTP] <-- GET /wd/hub/session/92016eec-4bfd-41fd-bf38-3b17927651c6 200 33 ms - 1258
[HTTP] 
[HTTP] --> GET /wd/hub/session/92016eec-4bfd-41fd-bf38-3b17927651c6
[HTTP] {}
[HTTP] <-- GET /wd/hub/session/92016eec-4bfd-41fd-bf38-3b17927651c6 200 34 ms - 1258
[HTTP] 
[HTTP] --> GET /wd/hub/session/92016eec-4bfd-41fd-bf38-3b17927651c6
[HTTP] {}
[HTTP] <-- GET /wd/hub/session/92016eec-4bfd-41fd-bf38-3b17927651c6 200 39 ms - 1258
[HTTP] 
[HTTP] --> GET /wd/hub/session/92016eec-4bfd-41fd-bf38-3b17927651c6/element/64f467ff-a90d-419f-ad30-ea56d06b2bca/location
[HTTP] {}
[W3C] Driver proxy active, passing request on via HTTP proxy
[JSONWP Proxy] Replacing sessionId 75568984-22cc-4d3f-a176-0424c20457c9 with 92016eec-4bfd-41fd-bf38-3b17927651c6
[HTTP] <-- GET /wd/hub/session/92016eec-4bfd-41fd-bf38-3b17927651c6/element/64f467ff-a90d-419f-ad30-ea56d06b2bca/location 200 53 ms - 90
[HTTP] 
[HTTP] --> POST /wd/hub/session/92016eec-4bfd-41fd-bf38-3b17927651c6/touch/perform
[HTTP] {"actions":[{"action":"tap","options":{"element":"64f467ff-a90d-419f-ad30-ea56d06b2bca","x":1,"y":1}}]}
[UiAutomator2] calling get location: 64f467ff-a90d-419f-ad30-ea56d06b2bca
[HTTP] <-- POST /wd/hub/session/92016eec-4bfd-41fd-bf38-3b17927651c6/touch/perform 200 3245 ms - 76
[HTTP] 
[HTTP] --> GET /wd/hub/session/92016eec-4bfd-41fd-bf38-3b17927651c6/window/current/size
[HTTP] {}
[W3C] Driver proxy active, passing request on via HTTP proxy
[JSONWP Proxy] Replacing sessionId 75568984-22cc-4d3f-a176-0424c20457c9 with 92016eec-4bfd-41fd-bf38-3b17927651c6
[HTTP] <-- GET /wd/hub/session/92016eec-4bfd-41fd-bf38-3b17927651c6/window/current/size 200 37 ms - 100
[HTTP] 
[HTTP] --> POST /wd/hub/session/92016eec-4bfd-41fd-bf38-3b17927651c6/elements
[HTTP] {"using":"-android uiautomator","value":"new UiSelector().className(\"android.widget.EditText\").text(\"Masukkan No. Handphone Anda\").resourceId(\"id.co.myhomecredit:id/input_phone_no\").instance(0)"}
[HTTP] <-- POST /wd/hub/session/92016eec-4bfd-41fd-bf38-3b17927651c6/elements 200 91 ms - 124
[HTTP] 
[HTTP] --> GET /wd/hub/session/92016eec-4bfd-41fd-bf38-3b17927651c6
[HTTP] {}
[HTTP] <-- GET /wd/hub/session/92016eec-4bfd-41fd-bf38-3b17927651c6 200 32 ms - 1258
[HTTP] 
[HTTP] --> GET /wd/hub/session/92016eec-4bfd-41fd-bf38-3b17927651c6
[HTTP] {}
[HTTP] <-- GET /wd/hub/session/92016eec-4bfd-41fd-bf38-3b17927651c6 200 37 ms - 1258
[HTTP] 
[HTTP] --> GET /wd/hub/session/92016eec-4bfd-41fd-bf38-3b17927651c6
[HTTP] {}
[HTTP] <-- GET /wd/hub/session/92016eec-4bfd-41fd-bf38-3b17927651c6 200 28 ms - 1258
[HTTP] 
[HTTP] --> GET /wd/hub/session/92016eec-4bfd-41fd-bf38-3b17927651c6
[HTTP] {}
[HTTP] <-- GET /wd/hub/session/92016eec-4bfd-41fd-bf38-3b17927651c6 200 43 ms - 1258
[HTTP] 
[HTTP] --> GET /wd/hub/session/92016eec-4bfd-41fd-bf38-3b17927651c6/element/a60204dd-8163-45ab-a17b-7abff6771be2/location
[HTTP] {}
[W3C] Driver proxy active, passing request on via HTTP proxy
[JSONWP Proxy] Replacing sessionId 75568984-22cc-4d3f-a176-0424c20457c9 with 92016eec-4bfd-41fd-bf38-3b17927651c6
[HTTP] <-- GET /wd/hub/session/92016eec-4bfd-41fd-bf38-3b17927651c6/element/a60204dd-8163-45ab-a17b-7abff6771be2/location 200 63 ms - 90
[HTTP] 
[HTTP] --> POST /wd/hub/session/92016eec-4bfd-41fd-bf38-3b17927651c6/element/a60204dd-8163-45ab-a17b-7abff6771be2/clear
[HTTP] {"id":"a60204dd-8163-45ab-a17b-7abff6771be2"}
[HTTP] <-- POST /wd/hub/session/92016eec-4bfd-41fd-bf38-3b17927651c6/element/a60204dd-8163-45ab-a17b-7abff6771be2/clear 200 52 ms - 89
[HTTP] 
[HTTP] --> POST /wd/hub/session/92016eec-4bfd-41fd-bf38-3b17927651c6/element/a60204dd-8163-45ab-a17b-7abff6771be2/value
[HTTP] {"id":"a60204dd-8163-45ab-a17b-7abff6771be2","value":["81394130621"]}
[HTTP] <-- POST /wd/hub/session/92016eec-4bfd-41fd-bf38-3b17927651c6/element/a60204dd-8163-45ab-a17b-7abff6771be2/value 200 1962 ms - 74
[HTTP] 
[HTTP] --> GET /wd/hub/session/92016eec-4bfd-41fd-bf38-3b17927651c6/window/current/size
[HTTP] {}
[W3C] Driver proxy active, passing request on via HTTP proxy
[JSONWP Proxy] Replacing sessionId 75568984-22cc-4d3f-a176-0424c20457c9 with 92016eec-4bfd-41fd-bf38-3b17927651c6
[HTTP] <-- GET /wd/hub/session/92016eec-4bfd-41fd-bf38-3b17927651c6/window/current/size 200 51 ms - 100
[HTTP] 
[HTTP] --> POST /wd/hub/session/92016eec-4bfd-41fd-bf38-3b17927651c6/elements
[HTTP] {"using":"-android uiautomator","value":"new UiSelector().className(\"android.widget.EditText\").text(\"Tentukan Kode PIN (4 Digit)\").resourceId(\"id.co.myhomecredit:id/setup_pin\").instance(1)"}
[HTTP] <-- POST /wd/hub/session/92016eec-4bfd-41fd-bf38-3b17927651c6/elements 200 455 ms - 124
[HTTP] 
[HTTP] --> GET /wd/hub/session/92016eec-4bfd-41fd-bf38-3b17927651c6
[HTTP] {}
[HTTP] <-- GET /wd/hub/session/92016eec-4bfd-41fd-bf38-3b17927651c6 200 36 ms - 1258
[HTTP] 
[HTTP] --> GET /wd/hub/session/92016eec-4bfd-41fd-bf38-3b17927651c6
[HTTP] {}
[HTTP] <-- GET /wd/hub/session/92016eec-4bfd-41fd-bf38-3b17927651c6 200 30 ms - 1258
[HTTP] 
[HTTP] --> GET /wd/hub/session/92016eec-4bfd-41fd-bf38-3b17927651c6
[HTTP] {}
[HTTP] <-- GET /wd/hub/session/92016eec-4bfd-41fd-bf38-3b17927651c6 200 40 ms - 1258
[HTTP] 
[HTTP] --> GET /wd/hub/session/92016eec-4bfd-41fd-bf38-3b17927651c6
[HTTP] {}
[HTTP] <-- GET /wd/hub/session/92016eec-4bfd-41fd-bf38-3b17927651c6 200 48 ms - 1258
[HTTP] 
[HTTP] --> GET /wd/hub/session/92016eec-4bfd-41fd-bf38-3b17927651c6/element/c397e5f1-7960-494d-9126-ae3120f053dc/location
[HTTP] {}
[W3C] Driver proxy active, passing request on via HTTP proxy
[JSONWP Proxy] Replacing sessionId 75568984-22cc-4d3f-a176-0424c20457c9 with 92016eec-4bfd-41fd-bf38-3b17927651c6
[HTTP] <-- GET /wd/hub/session/92016eec-4bfd-41fd-bf38-3b17927651c6/element/c397e5f1-7960-494d-9126-ae3120f053dc/location 200 55 ms - 89
[HTTP] 
[HTTP] --> POST /wd/hub/session/92016eec-4bfd-41fd-bf38-3b17927651c6/element/c397e5f1-7960-494d-9126-ae3120f053dc/clear
[HTTP] {"id":"c397e5f1-7960-494d-9126-ae3120f053dc"}
[HTTP] <-- POST /wd/hub/session/92016eec-4bfd-41fd-bf38-3b17927651c6/element/c397e5f1-7960-494d-9126-ae3120f053dc/clear 200 44 ms - 89
[HTTP] 
[HTTP] --> POST /wd/hub/session/92016eec-4bfd-41fd-bf38-3b17927651c6/element/c397e5f1-7960-494d-9126-ae3120f053dc/value
[HTTP] {"id":"c397e5f1-7960-494d-9126-ae3120f053dc","value":["1212"]}
[HTTP] <-- POST /wd/hub/session/92016eec-4bfd-41fd-bf38-3b17927651c6/element/c397e5f1-7960-494d-9126-ae3120f053dc/value 200 1169 ms - 74
[HTTP] 
[HTTP] --> GET /wd/hub/session/92016eec-4bfd-41fd-bf38-3b17927651c6/window/current/size
[HTTP] {}
[W3C] Driver proxy active, passing request on via HTTP proxy
[JSONWP Proxy] Replacing sessionId 75568984-22cc-4d3f-a176-0424c20457c9 with 92016eec-4bfd-41fd-bf38-3b17927651c6
[HTTP] <-- GET /wd/hub/session/92016eec-4bfd-41fd-bf38-3b17927651c6/window/current/size 200 59 ms - 100
[HTTP] 
[HTTP] --> POST /wd/hub/session/92016eec-4bfd-41fd-bf38-3b17927651c6/elements
[HTTP] {"using":"-android uiautomator","value":"new UiSelector().className(\"android.widget.EditText\").text(\"Konfirmasi Kode PIN\").resourceId(\"id.co.myhomecredit:id/confirm_pin\").instance(2)"}
[HTTP] <-- POST /wd/hub/session/92016eec-4bfd-41fd-bf38-3b17927651c6/elements 200 896 ms - 124
[HTTP] 
[HTTP] --> GET /wd/hub/session/92016eec-4bfd-41fd-bf38-3b17927651c6
[HTTP] {}
[HTTP] <-- GET /wd/hub/session/92016eec-4bfd-41fd-bf38-3b17927651c6 200 39 ms - 1258
[HTTP] 
[HTTP] --> GET /wd/hub/session/92016eec-4bfd-41fd-bf38-3b17927651c6
[HTTP] {}
[HTTP] <-- GET /wd/hub/session/92016eec-4bfd-41fd-bf38-3b17927651c6 200 43 ms - 1258
[HTTP] 
[HTTP] --> GET /wd/hub/session/92016eec-4bfd-41fd-bf38-3b17927651c6
[HTTP] {}
[HTTP] <-- GET /wd/hub/session/92016eec-4bfd-41fd-bf38-3b17927651c6 200 38 ms - 1258
[HTTP] 
[HTTP] --> GET /wd/hub/session/92016eec-4bfd-41fd-bf38-3b17927651c6
[HTTP] {}
[HTTP] <-- GET /wd/hub/session/92016eec-4bfd-41fd-bf38-3b17927651c6 200 32 ms - 1258
[HTTP] 
[HTTP] --> GET /wd/hub/session/92016eec-4bfd-41fd-bf38-3b17927651c6/element/b761ea84-938f-4bad-b1bc-909086aad062/location
[HTTP] {}
[W3C] Driver proxy active, passing request on via HTTP proxy
[JSONWP Proxy] Replacing sessionId 75568984-22cc-4d3f-a176-0424c20457c9 with 92016eec-4bfd-41fd-bf38-3b17927651c6
[HTTP] <-- GET /wd/hub/session/92016eec-4bfd-41fd-bf38-3b17927651c6/element/b761ea84-938f-4bad-b1bc-909086aad062/location 200 45 ms - 89
[HTTP] 
[HTTP] --> POST /wd/hub/session/92016eec-4bfd-41fd-bf38-3b17927651c6/element/b761ea84-938f-4bad-b1bc-909086aad062/clear
[HTTP] {"id":"b761ea84-938f-4bad-b1bc-909086aad062"}
[HTTP] <-- POST /wd/hub/session/92016eec-4bfd-41fd-bf38-3b17927651c6/element/b761ea84-938f-4bad-b1bc-909086aad062/clear 200 60 ms - 89
[HTTP] 
[HTTP] --> POST /wd/hub/session/92016eec-4bfd-41fd-bf38-3b17927651c6/element/b761ea84-938f-4bad-b1bc-909086aad062/value
[HTTP] {"id":"b761ea84-938f-4bad-b1bc-909086aad062","value":["1212"]}
[HTTP] <-- POST /wd/hub/session/92016eec-4bfd-41fd-bf38-3b17927651c6/element/b761ea84-938f-4bad-b1bc-909086aad062/value 200 1122 ms - 74
[HTTP] 
[HTTP] --> GET /wd/hub/session/92016eec-4bfd-41fd-bf38-3b17927651c6/window/current/size
[HTTP] {}
[W3C] Driver proxy active, passing request on via HTTP proxy
[JSONWP Proxy] Replacing sessionId 75568984-22cc-4d3f-a176-0424c20457c9 with 92016eec-4bfd-41fd-bf38-3b17927651c6
[HTTP] <-- GET /wd/hub/session/92016eec-4bfd-41fd-bf38-3b17927651c6/window/current/size 200 34 ms - 100
[HTTP] 
[HTTP] --> POST /wd/hub/session/92016eec-4bfd-41fd-bf38-3b17927651c6/elements
[HTTP] {"using":"-android uiautomator","value":"new UiSelector().className(\"android.widget.Button\").text(\"LANJUTKAN\").resourceId(\"id.co.myhomecredit:id/btn_next\").instance(0)"}
[HTTP] <-- POST /wd/hub/session/92016eec-4bfd-41fd-bf38-3b17927651c6/elements 200 469 ms - 124
[HTTP] 
[HTTP] --> GET /wd/hub/session/92016eec-4bfd-41fd-bf38-3b17927651c6
[HTTP] {}
[HTTP] <-- GET /wd/hub/session/92016eec-4bfd-41fd-bf38-3b17927651c6 200 34 ms - 1258
[HTTP] 
[HTTP] --> GET /wd/hub/session/92016eec-4bfd-41fd-bf38-3b17927651c6
[HTTP] {}
[HTTP] <-- GET /wd/hub/session/92016eec-4bfd-41fd-bf38-3b17927651c6 200 27 ms - 1258
[HTTP] 
[HTTP] --> GET /wd/hub/session/92016eec-4bfd-41fd-bf38-3b17927651c6
[HTTP] {}
[HTTP] <-- GET /wd/hub/session/92016eec-4bfd-41fd-bf38-3b17927651c6 200 33 ms - 1258
[HTTP] 
[HTTP] --> GET /wd/hub/session/92016eec-4bfd-41fd-bf38-3b17927651c6
[HTTP] {}
[HTTP] <-- GET /wd/hub/session/92016eec-4bfd-41fd-bf38-3b17927651c6 200 29 ms - 1258
[HTTP] 
[HTTP] --> GET /wd/hub/session/92016eec-4bfd-41fd-bf38-3b17927651c6/element/5cd75bf2-b750-476f-9135-609675c3d66a/location
[HTTP] {}
[W3C] Driver proxy active, passing request on via HTTP proxy
[JSONWP Proxy] Replacing sessionId 75568984-22cc-4d3f-a176-0424c20457c9 with 92016eec-4bfd-41fd-bf38-3b17927651c6
[HTTP] <-- GET /wd/hub/session/92016eec-4bfd-41fd-bf38-3b17927651c6/element/5cd75bf2-b750-476f-9135-609675c3d66a/location 200 44 ms - 89
[HTTP] 
[HTTP] --> POST /wd/hub/session/92016eec-4bfd-41fd-bf38-3b17927651c6/touch/perform
[HTTP] {"actions":[{"action":"tap","options":{"element":"5cd75bf2-b750-476f-9135-609675c3d66a","x":1,"y":1}}]}
[UiAutomator2] calling get location: 5cd75bf2-b750-476f-9135-609675c3d66a
[HTTP] <-- POST /wd/hub/session/92016eec-4bfd-41fd-bf38-3b17927651c6/touch/perform 200 1793 ms - 76
[HTTP] 
[HTTP] --> GET /wd/hub/session/92016eec-4bfd-41fd-bf38-3b17927651c6/window/current/size
[HTTP] {}
[W3C] Driver proxy active, passing request on via HTTP proxy
[JSONWP Proxy] Replacing sessionId 75568984-22cc-4d3f-a176-0424c20457c9 with 92016eec-4bfd-41fd-bf38-3b17927651c6
[HTTP] <-- GET /wd/hub/session/92016eec-4bfd-41fd-bf38-3b17927651c6/window/current/size 200 48 ms - 100
[HTTP] 
[HTTP] --> POST /wd/hub/session/92016eec-4bfd-41fd-bf38-3b17927651c6/elements
[HTTP] {"using":"-android uiautomator","value":"new UiSelector().className(\"android.widget.TextView\").text(\"Saya Setuju\").resourceId(\"id.co.myhomecredit:id/agree_button\").instance(1)"}
[HTTP] <-- POST /wd/hub/session/92016eec-4bfd-41fd-bf38-3b17927651c6/elements 200 903 ms - 124
[HTTP] 
[HTTP] --> GET /wd/hub/session/92016eec-4bfd-41fd-bf38-3b17927651c6
[HTTP] {}
[HTTP] <-- GET /wd/hub/session/92016eec-4bfd-41fd-bf38-3b17927651c6 200 32 ms - 1258
[HTTP] 
[HTTP] --> GET /wd/hub/session/92016eec-4bfd-41fd-bf38-3b17927651c6
[HTTP] {}
[HTTP] <-- GET /wd/hub/session/92016eec-4bfd-41fd-bf38-3b17927651c6 200 35 ms - 1258
[HTTP] 
[HTTP] --> GET /wd/hub/session/92016eec-4bfd-41fd-bf38-3b17927651c6
[HTTP] {}
[HTTP] <-- GET /wd/hub/session/92016eec-4bfd-41fd-bf38-3b17927651c6 200 36 ms - 1258
[HTTP] 
[HTTP] --> GET /wd/hub/session/92016eec-4bfd-41fd-bf38-3b17927651c6
[HTTP] {}
[HTTP] <-- GET /wd/hub/session/92016eec-4bfd-41fd-bf38-3b17927651c6 200 28 ms - 1258
[HTTP] 
[HTTP] --> GET /wd/hub/session/92016eec-4bfd-41fd-bf38-3b17927651c6/element/58204667-5284-45b5-ac83-04f531b0a136/location
[HTTP] {}
[W3C] Driver proxy active, passing request on via HTTP proxy
[JSONWP Proxy] Replacing sessionId 75568984-22cc-4d3f-a176-0424c20457c9 with 92016eec-4bfd-41fd-bf38-3b17927651c6
[HTTP] <-- GET /wd/hub/session/92016eec-4bfd-41fd-bf38-3b17927651c6/element/58204667-5284-45b5-ac83-04f531b0a136/location 200 890 ms - 89
[HTTP] 
[HTTP] --> POST /wd/hub/session/92016eec-4bfd-41fd-bf38-3b17927651c6/touch/perform
[HTTP] {"actions":[{"action":"tap","options":{"element":"58204667-5284-45b5-ac83-04f531b0a136","x":1,"y":1}}]}
[UiAutomator2] calling get location: 58204667-5284-45b5-ac83-04f531b0a136
[HTTP] <-- POST /wd/hub/session/92016eec-4bfd-41fd-bf38-3b17927651c6/touch/perform 200 1291 ms - 76
[HTTP] 
[HTTP] --> GET /wd/hub/session/92016eec-4bfd-41fd-bf38-3b17927651c6/context
[HTTP] {}
[HTTP] <-- GET /wd/hub/session/92016eec-4bfd-41fd-bf38-3b17927651c6/context 200 8 ms - 84
[HTTP] 
[HTTP] --> GET /wd/hub/session/92016eec-4bfd-41fd-bf38-3b17927651c6/contexts
[HTTP] {}
[HTTP] <-- GET /wd/hub/session/92016eec-4bfd-41fd-bf38-3b17927651c6/contexts 200 91 ms - 86
[HTTP] 
[HTTP] --> POST /wd/hub/session/92016eec-4bfd-41fd-bf38-3b17927651c6/context
[HTTP] {"name":"NATIVE_APP"}
[HTTP] <-- POST /wd/hub/session/92016eec-4bfd-41fd-bf38-3b17927651c6/context 200 66 ms - 76
[HTTP] 
[HTTP] --> POST /wd/hub/session/92016eec-4bfd-41fd-bf38-3b17927651c6/appium/device/open_notifications
[HTTP] {}
[HTTP] <-- POST /wd/hub/session/92016eec-4bfd-41fd-bf38-3b17927651c6/appium/device/open_notifications 200 809 ms - 76
[HTTP] 
[HTTP] --> POST /wd/hub/session/92016eec-4bfd-41fd-bf38-3b17927651c6/context
[HTTP] {"name":"NATIVE_APP"}
[HTTP] <-- POST /wd/hub/session/92016eec-4bfd-41fd-bf38-3b17927651c6/context 200 83 ms - 76
[HTTP] 
[HTTP] --> GET /wd/hub/session/92016eec-4bfd-41fd-bf38-3b17927651c6/window/current/size
[HTTP] {}
[W3C] Driver proxy active, passing request on via HTTP proxy
[JSONWP Proxy] Replacing sessionId 75568984-22cc-4d3f-a176-0424c20457c9 with 92016eec-4bfd-41fd-bf38-3b17927651c6
[HTTP] <-- GET /wd/hub/session/92016eec-4bfd-41fd-bf38-3b17927651c6/window/current/size 200 56 ms - 100
[HTTP] 
[HTTP] --> POST /wd/hub/session/92016eec-4bfd-41fd-bf38-3b17927651c6/elements
[HTTP] {"using":"-android uiautomator","value":"new UiSelector().className(\"android.widget.TextView\").text(\"HOME CREDIT\").resourceId(\"android:id/message_name\").instance(8)"}
[HTTP] <-- POST /wd/hub/session/92016eec-4bfd-41fd-bf38-3b17927651c6/elements 200 1205 ms - 124
[HTTP] 
[HTTP] --> GET /wd/hub/session/92016eec-4bfd-41fd-bf38-3b17927651c6
[HTTP] {}
[HTTP] <-- GET /wd/hub/session/92016eec-4bfd-41fd-bf38-3b17927651c6 200 37 ms - 1258
[HTTP] 
[HTTP] --> GET /wd/hub/session/92016eec-4bfd-41fd-bf38-3b17927651c6
[HTTP] {}
[HTTP] <-- GET /wd/hub/session/92016eec-4bfd-41fd-bf38-3b17927651c6 200 35 ms - 1258
[HTTP] 
[HTTP] --> GET /wd/hub/session/92016eec-4bfd-41fd-bf38-3b17927651c6
[HTTP] {}
[HTTP] <-- GET /wd/hub/session/92016eec-4bfd-41fd-bf38-3b17927651c6 200 30 ms - 1258
[HTTP] 
[HTTP] --> GET /wd/hub/session/92016eec-4bfd-41fd-bf38-3b17927651c6
[HTTP] {}
[HTTP] <-- GET /wd/hub/session/92016eec-4bfd-41fd-bf38-3b17927651c6 200 33 ms - 1258
[HTTP] 
[HTTP] --> GET /wd/hub/session/92016eec-4bfd-41fd-bf38-3b17927651c6/element/6c046aeb-c4fd-4ddc-a292-061116b91198/location
[HTTP] {}
[W3C] Driver proxy active, passing request on via HTTP proxy
[JSONWP Proxy] Replacing sessionId 75568984-22cc-4d3f-a176-0424c20457c9 with 92016eec-4bfd-41fd-bf38-3b17927651c6
[HTTP] <-- GET /wd/hub/session/92016eec-4bfd-41fd-bf38-3b17927651c6/element/6c046aeb-c4fd-4ddc-a292-061116b91198/location 200 73 ms - 89
[HTTP] 
[HTTP] --> GET /wd/hub/session/92016eec-4bfd-41fd-bf38-3b17927651c6/element/6c046aeb-c4fd-4ddc-a292-061116b91198/text
[HTTP] {}
[W3C] Driver proxy active, passing request on via HTTP proxy
[JSONWP Proxy] Replacing sessionId 75568984-22cc-4d3f-a176-0424c20457c9 with 92016eec-4bfd-41fd-bf38-3b17927651c6
[HTTP] <-- GET /wd/hub/session/92016eec-4bfd-41fd-bf38-3b17927651c6/element/6c046aeb-c4fd-4ddc-a292-061116b91198/text 200 76 ms - 85
[HTTP] 
[HTTP] --> GET /wd/hub/session/92016eec-4bfd-41fd-bf38-3b17927651c6/window/current/size
[HTTP] {}
[W3C] Driver proxy active, passing request on via HTTP proxy
[JSONWP Proxy] Replacing sessionId 75568984-22cc-4d3f-a176-0424c20457c9 with 92016eec-4bfd-41fd-bf38-3b17927651c6
[HTTP] <-- GET /wd/hub/session/92016eec-4bfd-41fd-bf38-3b17927651c6/window/current/size 200 53 ms - 100
[HTTP] 
[HTTP] --> POST /wd/hub/session/92016eec-4bfd-41fd-bf38-3b17927651c6/elements
[HTTP] {"using":"xpath","value":"//*[@class = 'android.widget.TextView' and contains(@text, 'Kode OTP untuk verifikasi anda adalah')]"}
[HTTP] <-- POST /wd/hub/session/92016eec-4bfd-41fd-bf38-3b17927651c6/elements 200 458 ms - 124
[HTTP] 
[HTTP] --> GET /wd/hub/session/92016eec-4bfd-41fd-bf38-3b17927651c6
[HTTP] {}
[HTTP] <-- GET /wd/hub/session/92016eec-4bfd-41fd-bf38-3b17927651c6 200 29 ms - 1258
[HTTP] 
[HTTP] --> GET /wd/hub/session/92016eec-4bfd-41fd-bf38-3b17927651c6
[HTTP] {}
[HTTP] <-- GET /wd/hub/session/92016eec-4bfd-41fd-bf38-3b17927651c6 200 40 ms - 1258
[HTTP] 
[HTTP] --> GET /wd/hub/session/92016eec-4bfd-41fd-bf38-3b17927651c6
[HTTP] {}
[HTTP] <-- GET /wd/hub/session/92016eec-4bfd-41fd-bf38-3b17927651c6 200 38 ms - 1258
[HTTP] 
[HTTP] --> GET /wd/hub/session/92016eec-4bfd-41fd-bf38-3b17927651c6
[HTTP] {}
[HTTP] <-- GET /wd/hub/session/92016eec-4bfd-41fd-bf38-3b17927651c6 200 34 ms - 1258
[HTTP] 
[HTTP] --> GET /wd/hub/session/92016eec-4bfd-41fd-bf38-3b17927651c6/element/e1aaf2b5-ca6c-4ed5-9367-f20b464ee4a7/location
[HTTP] {}
[W3C] Driver proxy active, passing request on via HTTP proxy
[JSONWP Proxy] Replacing sessionId 75568984-22cc-4d3f-a176-0424c20457c9 with 92016eec-4bfd-41fd-bf38-3b17927651c6
[HTTP] <-- GET /wd/hub/session/92016eec-4bfd-41fd-bf38-3b17927651c6/element/e1aaf2b5-ca6c-4ed5-9367-f20b464ee4a7/location 200 270 ms - 89
[HTTP] 
[HTTP] --> GET /wd/hub/session/92016eec-4bfd-41fd-bf38-3b17927651c6/element/e1aaf2b5-ca6c-4ed5-9367-f20b464ee4a7/text
[HTTP] {}
[W3C] Driver proxy active, passing request on via HTTP proxy
[JSONWP Proxy] Replacing sessionId 75568984-22cc-4d3f-a176-0424c20457c9 with 92016eec-4bfd-41fd-bf38-3b17927651c6
[HTTP] <-- GET /wd/hub/session/92016eec-4bfd-41fd-bf38-3b17927651c6/element/e1aaf2b5-ca6c-4ed5-9367-f20b464ee4a7/text 200 50 ms - 180
[HTTP] 
[HTTP] --> GET /wd/hub/session/92016eec-4bfd-41fd-bf38-3b17927651c6/context
[HTTP] {}
[HTTP] <-- GET /wd/hub/session/92016eec-4bfd-41fd-bf38-3b17927651c6/context 200 3 ms - 84
[HTTP] 
[HTTP] --> GET /wd/hub/session/92016eec-4bfd-41fd-bf38-3b17927651c6/contexts
[HTTP] {}
[HTTP] <-- GET /wd/hub/session/92016eec-4bfd-41fd-bf38-3b17927651c6/contexts 200 70 ms - 86
[HTTP] 
[HTTP] --> POST /wd/hub/session/92016eec-4bfd-41fd-bf38-3b17927651c6/context
[HTTP] {"name":"NATIVE_APP"}
[HTTP] <-- POST /wd/hub/session/92016eec-4bfd-41fd-bf38-3b17927651c6/context 200 84 ms - 76
[HTTP] 
[HTTP] --> GET /wd/hub/session/92016eec-4bfd-41fd-bf38-3b17927651c6/window/current/size
[HTTP] {}
[W3C] Driver proxy active, passing request on via HTTP proxy
[JSONWP Proxy] Replacing sessionId 75568984-22cc-4d3f-a176-0424c20457c9 with 92016eec-4bfd-41fd-bf38-3b17927651c6
[HTTP] <-- GET /wd/hub/session/92016eec-4bfd-41fd-bf38-3b17927651c6/window/current/size 200 50 ms - 100
[HTTP] 
[HTTP] --> POST /wd/hub/session/92016eec-4bfd-41fd-bf38-3b17927651c6/touch/perform
[HTTP] {"actions":[{"action":"press","options":{"x":50,"y":2067}},{"action":"wait","options":{"ms":500}},{"action":"moveTo","options":{"x":50,"y":1}},{"action":"release","options":{}}]}
[HTTP] <-- POST /wd/hub/session/92016eec-4bfd-41fd-bf38-3b17927651c6/touch/perform 200 1057 ms - 76
[HTTP] 
[HTTP] --> POST /wd/hub/session/92016eec-4bfd-41fd-bf38-3b17927651c6/context
[HTTP] {"name":"NATIVE_APP"}
[HTTP] <-- POST /wd/hub/session/92016eec-4bfd-41fd-bf38-3b17927651c6/context 200 57 ms - 76
[HTTP] 
[HTTP] --> GET /wd/hub/session/92016eec-4bfd-41fd-bf38-3b17927651c6/window/current/size
[HTTP] {}
[W3C] Driver proxy active, passing request on via HTTP proxy
[JSONWP Proxy] Replacing sessionId 75568984-22cc-4d3f-a176-0424c20457c9 with 92016eec-4bfd-41fd-bf38-3b17927651c6
[HTTP] <-- GET /wd/hub/session/92016eec-4bfd-41fd-bf38-3b17927651c6/window/current/size 200 41 ms - 100
[HTTP] 
[HTTP] --> POST /wd/hub/session/92016eec-4bfd-41fd-bf38-3b17927651c6/elements
[HTTP] {"using":"-android uiautomator","value":"new UiSelector().className(\"android.widget.EditText\").resourceId(\"id.co.myhomecredit:id/pin_et_input_otp\").instance(0)"}
[HTTP] <-- POST /wd/hub/session/92016eec-4bfd-41fd-bf38-3b17927651c6/elements 200 518 ms - 124
[HTTP] 
[HTTP] --> GET /wd/hub/session/92016eec-4bfd-41fd-bf38-3b17927651c6
[HTTP] {}
[HTTP] <-- GET /wd/hub/session/92016eec-4bfd-41fd-bf38-3b17927651c6 200 33 ms - 1141
[HTTP] 
[HTTP] --> GET /wd/hub/session/92016eec-4bfd-41fd-bf38-3b17927651c6
[HTTP] {}
[HTTP] <-- GET /wd/hub/session/92016eec-4bfd-41fd-bf38-3b17927651c6 200 25 ms - 1141
[HTTP] 
[HTTP] --> GET /wd/hub/session/92016eec-4bfd-41fd-bf38-3b17927651c6
[HTTP] {}
[HTTP] <-- GET /wd/hub/session/92016eec-4bfd-41fd-bf38-3b17927651c6 200 29 ms - 1141
[HTTP] 
[HTTP] --> GET /wd/hub/session/92016eec-4bfd-41fd-bf38-3b17927651c6
[HTTP] {}
[HTTP] <-- GET /wd/hub/session/92016eec-4bfd-41fd-bf38-3b17927651c6 200 25 ms - 1141
[HTTP] 
[HTTP] --> GET /wd/hub/session/92016eec-4bfd-41fd-bf38-3b17927651c6/element/0c4a7c1d-74e1-4f0c-a6a0-6f87247d750d/location
[HTTP] {}
[W3C] Driver proxy active, passing request on via HTTP proxy
[JSONWP Proxy] Replacing sessionId 75568984-22cc-4d3f-a176-0424c20457c9 with 92016eec-4bfd-41fd-bf38-3b17927651c6
[HTTP] <-- GET /wd/hub/session/92016eec-4bfd-41fd-bf38-3b17927651c6/element/0c4a7c1d-74e1-4f0c-a6a0-6f87247d750d/location 200 44 ms - 89
[HTTP] 
[HTTP] --> POST /wd/hub/session/92016eec-4bfd-41fd-bf38-3b17927651c6/element/0c4a7c1d-74e1-4f0c-a6a0-6f87247d750d/clear
[HTTP] {"id":"0c4a7c1d-74e1-4f0c-a6a0-6f87247d750d"}
[HTTP] <-- POST /wd/hub/session/92016eec-4bfd-41fd-bf38-3b17927651c6/element/0c4a7c1d-74e1-4f0c-a6a0-6f87247d750d/clear 200 67 ms - 89
[HTTP] 
[HTTP] --> POST /wd/hub/session/92016eec-4bfd-41fd-bf38-3b17927651c6/element/0c4a7c1d-74e1-4f0c-a6a0-6f87247d750d/value
[HTTP] {"id":"0c4a7c1d-74e1-4f0c-a6a0-6f87247d750d","value":["8146"]}
[HTTP] <-- POST /wd/hub/session/92016eec-4bfd-41fd-bf38-3b17927651c6/element/0c4a7c1d-74e1-4f0c-a6a0-6f87247d750d/value 200 781 ms - 74
[HTTP] 
[HTTP] --> DELETE /wd/hub/session/92016eec-4bfd-41fd-bf38-3b17927651c6
[HTTP] {}
[Appium] Removing session 92016eec-4bfd-41fd-bf38-3b17927651c6 from our master session list
[HTTP] <-- DELETE /wd/hub/session/92016eec-4bfd-41fd-bf38-3b17927651c6 200 262 ms - 76
[HTTP] 
