[Appium] Welcome to Appium v1.8.1
[Appium] Non-default server args:
[Appium]   port: 52716
[Appium]   loglevel: info
[Appium]   chromeDriverPort: 52717
[Appium]   tmpDir: /var/folders/9b/47rf2vv11fj1yk4gcyvmgn980000gn/T//Katalon/Appium/Temp1567313011354
[Appium] Appium REST http interface listener started on 0.0.0.0:52716
[HTTP] --> GET /wd/hub/status
[HTTP] {}
[HTTP] <-- GET /wd/hub/status 200 22 ms - 83
[HTTP] 
[HTTP] --> POST /wd/hub/session
[HTTP] {"desiredCapabilities":{"app":"/Users/macbookair/git/qa-mobil-hci/APK/base.apk","autoGrantPermissions":true,"automationName":"uiautomator2","deviceName":"asus ASUS_X01BDA (Android 9)","fullReset":false,"newCommandTimeout":1800,"noReset":true,"platform":"ANDROID","platformName":"Android","udid":"JCAXGF0223308CH"},"capabilities":{"desiredCapabilities":{"app":"/Users/macbookair/git/qa-mobil-hci/APK/base.apk","autoGrantPermissions":true,"automationName":"uiautomator2","deviceName":"asus ASUS_X01BDA (Android 9)","fullReset":false,"newCommandTimeout":1800,"noReset":true,"platform":"ANDROID","platformName":"Android","udid":"JCAXGF0223308CH"},"firstMatch":[{"platformName":"android"}]}}
[Appium] Could not parse W3C capabilities: 'deviceName' can't be blank. Falling back to JSONWP protocol.
[Appium] The following capabilities were provided in the JSONWP desired capabilities that are missing in W3C capabilities: ["app","autoGrantPermissions","automationName","deviceName","fullReset","newCommandTimeout","noReset","platform","platformName","udid"]. Falling back to JSONWP protocol.
[Appium] Creating new AndroidUiautomator2Driver (v1.12.0) session
[Appium] Capabilities:
[Appium]   app: /Users/macbookair/git/qa-mobil-hci/APK/base.apk
[Appium]   autoGrantPermissions: true
[Appium]   automationName: uiautomator2
[Appium]   deviceName: asus ASUS_X01BDA (Android 9)
[Appium]   fullReset: false
[Appium]   newCommandTimeout: 1800
[Appium]   noReset: true
[Appium]   platform: ANDROID
[Appium]   platformName: Android
[Appium]   udid: JCAXGF0223308CH
[BaseDriver] The following capabilities were provided, but are not recognized by appium: platform.
[BaseDriver] Session created with session id: 07090f16-dece-4906-83f2-38177a9a208b
[BaseDriver] Using local app '/Users/macbookair/git/qa-mobil-hci/APK/base.apk'
[AndroidDriver] Java version is: 1.8.0_181
[ADB] Checking whether adb is present
[ADB] Found 1 'build-tools' folders under '/Users/macbookair/.katalon/tools/android_sdk' (newest first):
[ADB]     /Users/macbookair/.katalon/tools/android_sdk/build-tools/29.0.2
[ADB] Using adb from /Users/macbookair/.katalon/tools/android_sdk/platform-tools/adb
[AndroidDriver] Retrieving device list
[AndroidDriver] Using device: JCAXGF0223308CH
[ADB] Using the alternative activity name detection method because of: Could not find apkanalyzer in /Users/macbookair/.katalon/tools/android_sdk/platform-tools/apkanalyzer,/Users/macbookair/.katalon/tools/android_sdk/emulator/apkanalyzer,/Users/macbookair/.katalon/tools/android_sdk/tools/apkanalyzer,/Users/macbookair/.katalon/tools/android_sdk/tools/bin/apkanalyzer,/Users/macbookair/.katalon/tools/android_sdk/build-tools/29.0.2/apkanalyzer. Do you have the Android SDK installed at '/Users/macbookair/.katalon/tools/android_sdk'?
[ADB] Checking whether aapt is present
[ADB] Using aapt from /Users/macbookair/.katalon/tools/android_sdk/build-tools/29.0.2/aapt
[ADB] Extracting package and launch activity from manifest
[ADB] Package name: 'id.co.myhomecredit'
[ADB] Main activity name: 'id.co.homecredit.v2.launcherpage.SplashScreenActivity'
[ADB] Getting device platform version
[ADB] Using apksigner from /Users/macbookair/.katalon/tools/android_sdk/build-tools/29.0.2/apksigner
[ADB] Cannot read version codes of '/usr/local/lib/node_modules/appium/node_modules/appium-uiautomator2-server/apks/appium-uiautomator2-server-debug-androidTest.apk' and/or 'io.appium.uiautomator2.server.test'
[ADB] Cannot read version names of '/usr/local/lib/node_modules/appium/node_modules/appium-uiautomator2-server/apks/appium-uiautomator2-server-debug-androidTest.apk' and/or 'io.appium.uiautomator2.server.test'. Assuming correct app version is already installed
[AndroidDriver] setDeviceLanguageCountry requires language or country.
[AndroidDriver] Got language: 'null' and country: 'null'
[ADB] Successfully extracted 1802 strings from '/Users/macbookair/git/qa-mobil-hci/APK/base.apk' resources for '(default)' configuration
[UiAutomator2] Starting uiautomator2 server 1.12.0
[UiAutomator2] Using UIAutomator2 server from '/usr/local/lib/node_modules/appium/node_modules/appium-uiautomator2-server/apks/appium-uiautomator2-server-v1.12.0.apk' and test from '/usr/local/lib/node_modules/appium/node_modules/appium-uiautomator2-server/apks/appium-uiautomator2-server-debug-androidTest.apk'
[UiAutomator2] Running command: 'adb -s JCAXGF0223308CH shell am instrument -w io.appium.uiautomator2.server.test/android.support.test.runner.AndroidJUnitRunner'
[UiAutomator2] Waiting up to 20000ms for UiAutomator2 to be online...
[AndroidDriver] Screen already unlocked, doing nothing
[UiAutomator2] UiAutomator2 did not start the activity we were waiting for, 'id.co.myhomecredit/id.co.homecredit.v2.launcherpage.SplashScreenActivity'. Starting it ourselves
[Appium] New AndroidUiautomator2Driver session created successfully, session 07090f16-dece-4906-83f2-38177a9a208b added to master session list
[HTTP] <-- POST /wd/hub/session 200 14769 ms - 1141
[HTTP] 
[HTTP] --> GET /wd/hub/status
[HTTP] {}
[HTTP] <-- GET /wd/hub/status 200 26 ms - 55
[HTTP] 
[HTTP] --> POST /wd/hub/session/07090f16-dece-4906-83f2-38177a9a208b/timeouts
[HTTP] {"type":"implicit","ms":30000}
[HTTP] <-- POST /wd/hub/session/07090f16-dece-4906-83f2-38177a9a208b/timeouts 400 22 ms - 4181
[HTTP] 
[HTTP] --> GET /wd/hub/session/07090f16-dece-4906-83f2-38177a9a208b/context
[HTTP] {}
[HTTP] <-- GET /wd/hub/session/07090f16-dece-4906-83f2-38177a9a208b/context 200 48 ms - 84
[HTTP] 
[HTTP] --> GET /wd/hub/session/07090f16-dece-4906-83f2-38177a9a208b/contexts
[HTTP] {}
[HTTP] <-- GET /wd/hub/session/07090f16-dece-4906-83f2-38177a9a208b/contexts 200 73 ms - 86
[HTTP] 
[HTTP] --> POST /wd/hub/session/07090f16-dece-4906-83f2-38177a9a208b/context
[HTTP] {"name":"NATIVE_APP"}
[HTTP] <-- POST /wd/hub/session/07090f16-dece-4906-83f2-38177a9a208b/context 200 53 ms - 76
[HTTP] 
[HTTP] --> GET /wd/hub/session/07090f16-dece-4906-83f2-38177a9a208b/window/current/size
[HTTP] {}
[W3C] Driver proxy active, passing request on via HTTP proxy
[JSONWP Proxy] Replacing sessionId 7dfc0c7b-8c76-4a0b-9e25-1bfc792f8b68 with 07090f16-dece-4906-83f2-38177a9a208b
[HTTP] <-- GET /wd/hub/session/07090f16-dece-4906-83f2-38177a9a208b/window/current/size 200 44 ms - 100
[HTTP] 
[HTTP] --> POST /wd/hub/session/07090f16-dece-4906-83f2-38177a9a208b/context
[HTTP] {"name":"NATIVE_APP"}
[HTTP] <-- POST /wd/hub/session/07090f16-dece-4906-83f2-38177a9a208b/context 200 56 ms - 76
[HTTP] 
[HTTP] --> GET /wd/hub/session/07090f16-dece-4906-83f2-38177a9a208b/context
[HTTP] {}
[HTTP] <-- GET /wd/hub/session/07090f16-dece-4906-83f2-38177a9a208b/context 200 3 ms - 84
[HTTP] 
[HTTP] --> GET /wd/hub/session/07090f16-dece-4906-83f2-38177a9a208b/contexts
[HTTP] {}
[HTTP] <-- GET /wd/hub/session/07090f16-dece-4906-83f2-38177a9a208b/contexts 200 59 ms - 86
[HTTP] 
[HTTP] --> POST /wd/hub/session/07090f16-dece-4906-83f2-38177a9a208b/context
[HTTP] {"name":"NATIVE_APP"}
[HTTP] <-- POST /wd/hub/session/07090f16-dece-4906-83f2-38177a9a208b/context 200 57 ms - 76
[HTTP] 
[HTTP] --> GET /wd/hub/session/07090f16-dece-4906-83f2-38177a9a208b/window/current/size
[HTTP] {}
[W3C] Driver proxy active, passing request on via HTTP proxy
[JSONWP Proxy] Replacing sessionId 7dfc0c7b-8c76-4a0b-9e25-1bfc792f8b68 with 07090f16-dece-4906-83f2-38177a9a208b
[HTTP] <-- GET /wd/hub/session/07090f16-dece-4906-83f2-38177a9a208b/window/current/size 200 45 ms - 100
[HTTP] 
[HTTP] --> POST /wd/hub/session/07090f16-dece-4906-83f2-38177a9a208b/context
[HTTP] {"name":"NATIVE_APP"}
[HTTP] <-- POST /wd/hub/session/07090f16-dece-4906-83f2-38177a9a208b/context 200 74 ms - 76
[HTTP] 
[HTTP] --> GET /wd/hub/session/07090f16-dece-4906-83f2-38177a9a208b/context
[HTTP] {}
[HTTP] <-- GET /wd/hub/session/07090f16-dece-4906-83f2-38177a9a208b/context 200 4 ms - 84
[HTTP] 
[HTTP] --> GET /wd/hub/session/07090f16-dece-4906-83f2-38177a9a208b/contexts
[HTTP] {}
[HTTP] <-- GET /wd/hub/session/07090f16-dece-4906-83f2-38177a9a208b/contexts 200 76 ms - 86
[HTTP] 
[HTTP] --> POST /wd/hub/session/07090f16-dece-4906-83f2-38177a9a208b/context
[HTTP] {"name":"NATIVE_APP"}
[HTTP] <-- POST /wd/hub/session/07090f16-dece-4906-83f2-38177a9a208b/context 200 51 ms - 76
[HTTP] 
[HTTP] --> POST /wd/hub/session/07090f16-dece-4906-83f2-38177a9a208b/touch/perform
[HTTP] {"actions":[{"action":"press","options":{"x":756,"y":1034}},{"action":"wait","options":{"ms":500}},{"action":"moveTo","options":{"x":324,"y":1034}},{"action":"release","options":{}}]}
[HTTP] <-- POST /wd/hub/session/07090f16-dece-4906-83f2-38177a9a208b/touch/perform 200 1102 ms - 76
[HTTP] 
[HTTP] --> POST /wd/hub/session/07090f16-dece-4906-83f2-38177a9a208b/context
[HTTP] {"name":"NATIVE_APP"}
[HTTP] <-- POST /wd/hub/session/07090f16-dece-4906-83f2-38177a9a208b/context 200 56 ms - 76
[HTTP] 
[HTTP] --> GET /wd/hub/session/07090f16-dece-4906-83f2-38177a9a208b/context
[HTTP] {}
[HTTP] <-- GET /wd/hub/session/07090f16-dece-4906-83f2-38177a9a208b/context 200 3 ms - 84
[HTTP] 
[HTTP] --> GET /wd/hub/session/07090f16-dece-4906-83f2-38177a9a208b/contexts
[HTTP] {}
[HTTP] <-- GET /wd/hub/session/07090f16-dece-4906-83f2-38177a9a208b/contexts 200 80 ms - 86
[HTTP] 
[HTTP] --> POST /wd/hub/session/07090f16-dece-4906-83f2-38177a9a208b/context
[HTTP] {"name":"NATIVE_APP"}
[HTTP] <-- POST /wd/hub/session/07090f16-dece-4906-83f2-38177a9a208b/context 200 49 ms - 76
[HTTP] 
[HTTP] --> POST /wd/hub/session/07090f16-dece-4906-83f2-38177a9a208b/touch/perform
[HTTP] {"actions":[{"action":"press","options":{"x":756,"y":1034}},{"action":"wait","options":{"ms":500}},{"action":"moveTo","options":{"x":324,"y":1034}},{"action":"release","options":{}}]}
[HTTP] <-- POST /wd/hub/session/07090f16-dece-4906-83f2-38177a9a208b/touch/perform 200 1065 ms - 76
[HTTP] 
[HTTP] --> POST /wd/hub/session/07090f16-dece-4906-83f2-38177a9a208b/context
[HTTP] {"name":"NATIVE_APP"}
[HTTP] <-- POST /wd/hub/session/07090f16-dece-4906-83f2-38177a9a208b/context 200 54 ms - 76
[HTTP] 
[HTTP] --> GET /wd/hub/session/07090f16-dece-4906-83f2-38177a9a208b/context
[HTTP] {}
[HTTP] <-- GET /wd/hub/session/07090f16-dece-4906-83f2-38177a9a208b/context 200 4 ms - 84
[HTTP] 
[HTTP] --> GET /wd/hub/session/07090f16-dece-4906-83f2-38177a9a208b/contexts
[HTTP] {}
[HTTP] <-- GET /wd/hub/session/07090f16-dece-4906-83f2-38177a9a208b/contexts 200 55 ms - 86
[HTTP] 
[HTTP] --> POST /wd/hub/session/07090f16-dece-4906-83f2-38177a9a208b/context
[HTTP] {"name":"NATIVE_APP"}
[HTTP] <-- POST /wd/hub/session/07090f16-dece-4906-83f2-38177a9a208b/context 200 60 ms - 76
[HTTP] 
[HTTP] --> POST /wd/hub/session/07090f16-dece-4906-83f2-38177a9a208b/touch/perform
[HTTP] {"actions":[{"action":"press","options":{"x":756,"y":1034}},{"action":"wait","options":{"ms":500}},{"action":"moveTo","options":{"x":324,"y":1034}},{"action":"release","options":{}}]}
[HTTP] <-- POST /wd/hub/session/07090f16-dece-4906-83f2-38177a9a208b/touch/perform 200 1064 ms - 76
[HTTP] 
[HTTP] --> POST /wd/hub/session/07090f16-dece-4906-83f2-38177a9a208b/context
[HTTP] {"name":"NATIVE_APP"}
[HTTP] <-- POST /wd/hub/session/07090f16-dece-4906-83f2-38177a9a208b/context 200 50 ms - 76
[HTTP] 
[HTTP] --> GET /wd/hub/session/07090f16-dece-4906-83f2-38177a9a208b/window/current/size
[HTTP] {}
[W3C] Driver proxy active, passing request on via HTTP proxy
[JSONWP Proxy] Replacing sessionId 7dfc0c7b-8c76-4a0b-9e25-1bfc792f8b68 with 07090f16-dece-4906-83f2-38177a9a208b
[HTTP] <-- GET /wd/hub/session/07090f16-dece-4906-83f2-38177a9a208b/window/current/size 200 44 ms - 100
[HTTP] 
[HTTP] --> POST /wd/hub/session/07090f16-dece-4906-83f2-38177a9a208b/elements
[HTTP] {"using":"-android uiautomator","value":"new UiSelector().className(\"android.widget.TextView\").text(\"DAFTAR\").resourceId(\"id.co.myhomecredit:id/button_register\").instance(2)"}
[HTTP] <-- POST /wd/hub/session/07090f16-dece-4906-83f2-38177a9a208b/elements 200 108 ms - 74
[HTTP] 
[HTTP] --> POST /wd/hub/session/07090f16-dece-4906-83f2-38177a9a208b/elements
[HTTP] {"using":"-android uiautomator","value":"new UiSelector().className(\"android.widget.TextView\").text(\"DAFTAR\").resourceId(\"id.co.myhomecredit:id/button_register\").instance(2)"}
[HTTP] <-- POST /wd/hub/session/07090f16-dece-4906-83f2-38177a9a208b/elements 200 85 ms - 74
[HTTP] 
[HTTP] --> POST /wd/hub/session/07090f16-dece-4906-83f2-38177a9a208b/elements
[HTTP] {"using":"-android uiautomator","value":"new UiSelector().className(\"android.widget.TextView\").text(\"DAFTAR\").resourceId(\"id.co.myhomecredit:id/button_register\").instance(2)"}
[HTTP] <-- POST /wd/hub/session/07090f16-dece-4906-83f2-38177a9a208b/elements 200 75 ms - 74
[HTTP] 
[HTTP] --> POST /wd/hub/session/07090f16-dece-4906-83f2-38177a9a208b/elements
[HTTP] {"using":"-android uiautomator","value":"new UiSelector().className(\"android.widget.TextView\").text(\"DAFTAR\").resourceId(\"id.co.myhomecredit:id/button_register\").instance(2)"}
[HTTP] <-- POST /wd/hub/session/07090f16-dece-4906-83f2-38177a9a208b/elements 200 76 ms - 74
[HTTP] 
[HTTP] --> POST /wd/hub/session/07090f16-dece-4906-83f2-38177a9a208b/elements
[HTTP] {"using":"-android uiautomator","value":"new UiSelector().className(\"android.widget.TextView\").text(\"DAFTAR\").resourceId(\"id.co.myhomecredit:id/button_register\").instance(2)"}
[HTTP] <-- POST /wd/hub/session/07090f16-dece-4906-83f2-38177a9a208b/elements 200 66 ms - 74
[HTTP] 
[HTTP] --> POST /wd/hub/session/07090f16-dece-4906-83f2-38177a9a208b/elements
[HTTP] {"using":"-android uiautomator","value":"new UiSelector().className(\"android.widget.TextView\").text(\"DAFTAR\").resourceId(\"id.co.myhomecredit:id/button_register\").instance(2)"}
[HTTP] <-- POST /wd/hub/session/07090f16-dece-4906-83f2-38177a9a208b/elements 200 67 ms - 74
[HTTP] 
[HTTP] --> POST /wd/hub/session/07090f16-dece-4906-83f2-38177a9a208b/elements
[HTTP] {"using":"-android uiautomator","value":"new UiSelector().className(\"android.widget.TextView\").text(\"DAFTAR\").resourceId(\"id.co.myhomecredit:id/button_register\").instance(2)"}
[HTTP] <-- POST /wd/hub/session/07090f16-dece-4906-83f2-38177a9a208b/elements 200 68 ms - 74
[HTTP] 
[HTTP] --> POST /wd/hub/session/07090f16-dece-4906-83f2-38177a9a208b/elements
[HTTP] {"using":"-android uiautomator","value":"new UiSelector().className(\"android.widget.TextView\").text(\"DAFTAR\").resourceId(\"id.co.myhomecredit:id/button_register\").instance(2)"}
[HTTP] <-- POST /wd/hub/session/07090f16-dece-4906-83f2-38177a9a208b/elements 200 75 ms - 74
[HTTP] 
[HTTP] --> POST /wd/hub/session/07090f16-dece-4906-83f2-38177a9a208b/elements
[HTTP] {"using":"-android uiautomator","value":"new UiSelector().className(\"android.widget.TextView\").text(\"DAFTAR\").resourceId(\"id.co.myhomecredit:id/button_register\").instance(2)"}
[HTTP] <-- POST /wd/hub/session/07090f16-dece-4906-83f2-38177a9a208b/elements 200 66 ms - 74
[HTTP] 
[HTTP] --> POST /wd/hub/session/07090f16-dece-4906-83f2-38177a9a208b/elements
[HTTP] {"using":"-android uiautomator","value":"new UiSelector().className(\"android.widget.TextView\").text(\"DAFTAR\").resourceId(\"id.co.myhomecredit:id/button_register\").instance(2)"}
[HTTP] <-- POST /wd/hub/session/07090f16-dece-4906-83f2-38177a9a208b/elements 200 62 ms - 74
[HTTP] 
[HTTP] --> POST /wd/hub/session/07090f16-dece-4906-83f2-38177a9a208b/elements
[HTTP] {"using":"-android uiautomator","value":"new UiSelector().className(\"android.widget.TextView\").text(\"DAFTAR\").resourceId(\"id.co.myhomecredit:id/button_register\").instance(2)"}
[HTTP] <-- POST /wd/hub/session/07090f16-dece-4906-83f2-38177a9a208b/elements 200 60 ms - 74
[HTTP] 
[HTTP] --> POST /wd/hub/session/07090f16-dece-4906-83f2-38177a9a208b/elements
[HTTP] {"using":"-android uiautomator","value":"new UiSelector().className(\"android.widget.TextView\").text(\"DAFTAR\").resourceId(\"id.co.myhomecredit:id/button_register\").instance(2)"}
[HTTP] <-- POST /wd/hub/session/07090f16-dece-4906-83f2-38177a9a208b/elements 200 51 ms - 74
[HTTP] 
[HTTP] --> POST /wd/hub/session/07090f16-dece-4906-83f2-38177a9a208b/elements
[HTTP] {"using":"-android uiautomator","value":"new UiSelector().className(\"android.widget.TextView\").text(\"DAFTAR\").resourceId(\"id.co.myhomecredit:id/button_register\").instance(2)"}
[HTTP] <-- POST /wd/hub/session/07090f16-dece-4906-83f2-38177a9a208b/elements 200 68 ms - 74
[HTTP] 
[HTTP] --> POST /wd/hub/session/07090f16-dece-4906-83f2-38177a9a208b/elements
[HTTP] {"using":"-android uiautomator","value":"new UiSelector().className(\"android.widget.TextView\").text(\"DAFTAR\").resourceId(\"id.co.myhomecredit:id/button_register\").instance(2)"}
[HTTP] <-- POST /wd/hub/session/07090f16-dece-4906-83f2-38177a9a208b/elements 200 56 ms - 74
[HTTP] 
[HTTP] --> POST /wd/hub/session/07090f16-dece-4906-83f2-38177a9a208b/elements
[HTTP] {"using":"-android uiautomator","value":"new UiSelector().className(\"android.widget.TextView\").text(\"DAFTAR\").resourceId(\"id.co.myhomecredit:id/button_register\").instance(2)"}
[HTTP] <-- POST /wd/hub/session/07090f16-dece-4906-83f2-38177a9a208b/elements 200 58 ms - 74
[HTTP] 
[HTTP] --> POST /wd/hub/session/07090f16-dece-4906-83f2-38177a9a208b/elements
[HTTP] {"using":"-android uiautomator","value":"new UiSelector().className(\"android.widget.TextView\").text(\"DAFTAR\").resourceId(\"id.co.myhomecredit:id/button_register\").instance(2)"}
[HTTP] <-- POST /wd/hub/session/07090f16-dece-4906-83f2-38177a9a208b/elements 200 54 ms - 74
[HTTP] 
[HTTP] --> POST /wd/hub/session/07090f16-dece-4906-83f2-38177a9a208b/elements
[HTTP] {"using":"-android uiautomator","value":"new UiSelector().className(\"android.widget.TextView\").text(\"DAFTAR\").resourceId(\"id.co.myhomecredit:id/button_register\").instance(2)"}
[HTTP] <-- POST /wd/hub/session/07090f16-dece-4906-83f2-38177a9a208b/elements 200 50 ms - 74
[HTTP] 
[HTTP] --> POST /wd/hub/session/07090f16-dece-4906-83f2-38177a9a208b/elements
[HTTP] {"using":"-android uiautomator","value":"new UiSelector().className(\"android.widget.TextView\").text(\"DAFTAR\").resourceId(\"id.co.myhomecredit:id/button_register\").instance(2)"}
[HTTP] <-- POST /wd/hub/session/07090f16-dece-4906-83f2-38177a9a208b/elements 200 65 ms - 74
[HTTP] 
[HTTP] --> POST /wd/hub/session/07090f16-dece-4906-83f2-38177a9a208b/elements
[HTTP] {"using":"-android uiautomator","value":"new UiSelector().className(\"android.widget.TextView\").text(\"DAFTAR\").resourceId(\"id.co.myhomecredit:id/button_register\").instance(2)"}
[HTTP] <-- POST /wd/hub/session/07090f16-dece-4906-83f2-38177a9a208b/elements 200 62 ms - 74
[HTTP] 
[HTTP] --> POST /wd/hub/session/07090f16-dece-4906-83f2-38177a9a208b/elements
[HTTP] {"using":"-android uiautomator","value":"new UiSelector().className(\"android.widget.TextView\").text(\"DAFTAR\").resourceId(\"id.co.myhomecredit:id/button_register\").instance(2)"}
[HTTP] <-- POST /wd/hub/session/07090f16-dece-4906-83f2-38177a9a208b/elements 200 50 ms - 74
[HTTP] 
[HTTP] --> POST /wd/hub/session/07090f16-dece-4906-83f2-38177a9a208b/elements
[HTTP] {"using":"-android uiautomator","value":"new UiSelector().className(\"android.widget.TextView\").text(\"DAFTAR\").resourceId(\"id.co.myhomecredit:id/button_register\").instance(2)"}
[HTTP] <-- POST /wd/hub/session/07090f16-dece-4906-83f2-38177a9a208b/elements 200 50 ms - 74
[HTTP] 
[HTTP] --> POST /wd/hub/session/07090f16-dece-4906-83f2-38177a9a208b/elements
[HTTP] {"using":"-android uiautomator","value":"new UiSelector().className(\"android.widget.TextView\").text(\"DAFTAR\").resourceId(\"id.co.myhomecredit:id/button_register\").instance(2)"}
[HTTP] <-- POST /wd/hub/session/07090f16-dece-4906-83f2-38177a9a208b/elements 200 58 ms - 74
[HTTP] 
[HTTP] --> POST /wd/hub/session/07090f16-dece-4906-83f2-38177a9a208b/elements
[HTTP] {"using":"-android uiautomator","value":"new UiSelector().className(\"android.widget.TextView\").text(\"DAFTAR\").resourceId(\"id.co.myhomecredit:id/button_register\").instance(2)"}
[HTTP] <-- POST /wd/hub/session/07090f16-dece-4906-83f2-38177a9a208b/elements 200 47 ms - 74
[HTTP] 
[HTTP] --> POST /wd/hub/session/07090f16-dece-4906-83f2-38177a9a208b/elements
[HTTP] {"using":"-android uiautomator","value":"new UiSelector().className(\"android.widget.TextView\").text(\"DAFTAR\").resourceId(\"id.co.myhomecredit:id/button_register\").instance(2)"}
[HTTP] <-- POST /wd/hub/session/07090f16-dece-4906-83f2-38177a9a208b/elements 200 55 ms - 74
[HTTP] 
[HTTP] --> POST /wd/hub/session/07090f16-dece-4906-83f2-38177a9a208b/elements
[HTTP] {"using":"-android uiautomator","value":"new UiSelector().className(\"android.widget.TextView\").text(\"DAFTAR\").resourceId(\"id.co.myhomecredit:id/button_register\").instance(2)"}
[HTTP] <-- POST /wd/hub/session/07090f16-dece-4906-83f2-38177a9a208b/elements 200 57 ms - 74
[HTTP] 
[HTTP] --> POST /wd/hub/session/07090f16-dece-4906-83f2-38177a9a208b/elements
[HTTP] {"using":"-android uiautomator","value":"new UiSelector().className(\"android.widget.TextView\").text(\"DAFTAR\").resourceId(\"id.co.myhomecredit:id/button_register\").instance(2)"}
[HTTP] <-- POST /wd/hub/session/07090f16-dece-4906-83f2-38177a9a208b/elements 200 52 ms - 74
[HTTP] 
[HTTP] --> POST /wd/hub/session/07090f16-dece-4906-83f2-38177a9a208b/elements
[HTTP] {"using":"-android uiautomator","value":"new UiSelector().className(\"android.widget.TextView\").text(\"DAFTAR\").resourceId(\"id.co.myhomecredit:id/button_register\").instance(2)"}
[HTTP] <-- POST /wd/hub/session/07090f16-dece-4906-83f2-38177a9a208b/elements 200 47 ms - 74
[HTTP] 
[HTTP] --> POST /wd/hub/session/07090f16-dece-4906-83f2-38177a9a208b/elements
[HTTP] {"using":"-android uiautomator","value":"new UiSelector().className(\"android.widget.TextView\").text(\"DAFTAR\").resourceId(\"id.co.myhomecredit:id/button_register\").instance(2)"}
[HTTP] <-- POST /wd/hub/session/07090f16-dece-4906-83f2-38177a9a208b/elements 200 45 ms - 74
[HTTP] 
[HTTP] --> POST /wd/hub/session/07090f16-dece-4906-83f2-38177a9a208b/elements
[HTTP] {"using":"-android uiautomator","value":"new UiSelector().className(\"android.widget.TextView\").text(\"DAFTAR\").resourceId(\"id.co.myhomecredit:id/button_register\").instance(2)"}
[HTTP] <-- POST /wd/hub/session/07090f16-dece-4906-83f2-38177a9a208b/elements 200 44 ms - 74
[HTTP] 
[HTTP] --> POST /wd/hub/session/07090f16-dece-4906-83f2-38177a9a208b/elements
[HTTP] {"using":"-android uiautomator","value":"new UiSelector().className(\"android.widget.TextView\").text(\"DAFTAR\").resourceId(\"id.co.myhomecredit:id/button_register\").instance(2)"}
[HTTP] <-- POST /wd/hub/session/07090f16-dece-4906-83f2-38177a9a208b/elements 200 51 ms - 74
[HTTP] 
[HTTP] --> POST /wd/hub/session/07090f16-dece-4906-83f2-38177a9a208b/elements
[HTTP] {"using":"-android uiautomator","value":"new UiSelector().className(\"android.widget.TextView\").text(\"DAFTAR\").resourceId(\"id.co.myhomecredit:id/button_register\").instance(2)"}
[HTTP] <-- POST /wd/hub/session/07090f16-dece-4906-83f2-38177a9a208b/elements 200 48 ms - 74
[HTTP] 
[HTTP] --> POST /wd/hub/session/07090f16-dece-4906-83f2-38177a9a208b/elements
[HTTP] {"using":"-android uiautomator","value":"new UiSelector().className(\"android.widget.TextView\").text(\"DAFTAR\").resourceId(\"id.co.myhomecredit:id/button_register\").instance(2)"}
[HTTP] <-- POST /wd/hub/session/07090f16-dece-4906-83f2-38177a9a208b/elements 200 52 ms - 74
[HTTP] 
[HTTP] --> POST /wd/hub/session/07090f16-dece-4906-83f2-38177a9a208b/elements
[HTTP] {"using":"-android uiautomator","value":"new UiSelector().className(\"android.widget.TextView\").text(\"DAFTAR\").resourceId(\"id.co.myhomecredit:id/button_register\").instance(2)"}
[HTTP] <-- POST /wd/hub/session/07090f16-dece-4906-83f2-38177a9a208b/elements 200 48 ms - 74
[HTTP] 
[HTTP] --> POST /wd/hub/session/07090f16-dece-4906-83f2-38177a9a208b/elements
[HTTP] {"using":"-android uiautomator","value":"new UiSelector().className(\"android.widget.TextView\").text(\"DAFTAR\").resourceId(\"id.co.myhomecredit:id/button_register\").instance(2)"}
[HTTP] <-- POST /wd/hub/session/07090f16-dece-4906-83f2-38177a9a208b/elements 200 64 ms - 74
[HTTP] 
[HTTP] --> POST /wd/hub/session/07090f16-dece-4906-83f2-38177a9a208b/elements
[HTTP] {"using":"-android uiautomator","value":"new UiSelector().className(\"android.widget.TextView\").text(\"DAFTAR\").resourceId(\"id.co.myhomecredit:id/button_register\").instance(2)"}
[HTTP] <-- POST /wd/hub/session/07090f16-dece-4906-83f2-38177a9a208b/elements 200 60 ms - 74
[HTTP] 
[HTTP] --> POST /wd/hub/session/07090f16-dece-4906-83f2-38177a9a208b/elements
[HTTP] {"using":"-android uiautomator","value":"new UiSelector().className(\"android.widget.TextView\").text(\"DAFTAR\").resourceId(\"id.co.myhomecredit:id/button_register\").instance(2)"}
[HTTP] <-- POST /wd/hub/session/07090f16-dece-4906-83f2-38177a9a208b/elements 200 44 ms - 74
[HTTP] 
[HTTP] --> POST /wd/hub/session/07090f16-dece-4906-83f2-38177a9a208b/elements
[HTTP] {"using":"-android uiautomator","value":"new UiSelector().className(\"android.widget.TextView\").text(\"DAFTAR\").resourceId(\"id.co.myhomecredit:id/button_register\").instance(2)"}
[HTTP] <-- POST /wd/hub/session/07090f16-dece-4906-83f2-38177a9a208b/elements 200 49 ms - 74
[HTTP] 
[HTTP] --> POST /wd/hub/session/07090f16-dece-4906-83f2-38177a9a208b/elements
[HTTP] {"using":"-android uiautomator","value":"new UiSelector().className(\"android.widget.TextView\").text(\"DAFTAR\").resourceId(\"id.co.myhomecredit:id/button_register\").instance(2)"}
[HTTP] <-- POST /wd/hub/session/07090f16-dece-4906-83f2-38177a9a208b/elements 200 51 ms - 74
[HTTP] 
[HTTP] --> POST /wd/hub/session/07090f16-dece-4906-83f2-38177a9a208b/elements
[HTTP] {"using":"-android uiautomator","value":"new UiSelector().className(\"android.widget.TextView\").text(\"DAFTAR\").resourceId(\"id.co.myhomecredit:id/button_register\").instance(2)"}
[HTTP] <-- POST /wd/hub/session/07090f16-dece-4906-83f2-38177a9a208b/elements 200 45 ms - 74
[HTTP] 
[HTTP] --> POST /wd/hub/session/07090f16-dece-4906-83f2-38177a9a208b/elements
[HTTP] {"using":"-android uiautomator","value":"new UiSelector().className(\"android.widget.TextView\").text(\"DAFTAR\").resourceId(\"id.co.myhomecredit:id/button_register\").instance(2)"}
[HTTP] <-- POST /wd/hub/session/07090f16-dece-4906-83f2-38177a9a208b/elements 200 48 ms - 74
[HTTP] 
[HTTP] --> POST /wd/hub/session/07090f16-dece-4906-83f2-38177a9a208b/elements
[HTTP] {"using":"-android uiautomator","value":"new UiSelector().className(\"android.widget.TextView\").text(\"DAFTAR\").resourceId(\"id.co.myhomecredit:id/button_register\").instance(2)"}
[HTTP] <-- POST /wd/hub/session/07090f16-dece-4906-83f2-38177a9a208b/elements 200 50 ms - 74
[HTTP] 
[HTTP] --> POST /wd/hub/session/07090f16-dece-4906-83f2-38177a9a208b/elements
[HTTP] {"using":"-android uiautomator","value":"new UiSelector().className(\"android.widget.TextView\").text(\"DAFTAR\").resourceId(\"id.co.myhomecredit:id/button_register\").instance(2)"}
[HTTP] <-- POST /wd/hub/session/07090f16-dece-4906-83f2-38177a9a208b/elements 200 48 ms - 74
[HTTP] 
[HTTP] --> POST /wd/hub/session/07090f16-dece-4906-83f2-38177a9a208b/elements
[HTTP] {"using":"-android uiautomator","value":"new UiSelector().className(\"android.widget.TextView\").text(\"DAFTAR\").resourceId(\"id.co.myhomecredit:id/button_register\").instance(2)"}
[HTTP] <-- POST /wd/hub/session/07090f16-dece-4906-83f2-38177a9a208b/elements 200 43 ms - 74
[HTTP] 
[HTTP] --> POST /wd/hub/session/07090f16-dece-4906-83f2-38177a9a208b/elements
[HTTP] {"using":"-android uiautomator","value":"new UiSelector().className(\"android.widget.TextView\").text(\"DAFTAR\").resourceId(\"id.co.myhomecredit:id/button_register\").instance(2)"}
[HTTP] <-- POST /wd/hub/session/07090f16-dece-4906-83f2-38177a9a208b/elements 200 41 ms - 74
[HTTP] 
[HTTP] --> POST /wd/hub/session/07090f16-dece-4906-83f2-38177a9a208b/elements
[HTTP] {"using":"-android uiautomator","value":"new UiSelector().className(\"android.widget.TextView\").text(\"DAFTAR\").resourceId(\"id.co.myhomecredit:id/button_register\").instance(2)"}
[HTTP] <-- POST /wd/hub/session/07090f16-dece-4906-83f2-38177a9a208b/elements 200 45 ms - 74
[HTTP] 
[HTTP] --> POST /wd/hub/session/07090f16-dece-4906-83f2-38177a9a208b/elements
[HTTP] {"using":"-android uiautomator","value":"new UiSelector().className(\"android.widget.TextView\").text(\"DAFTAR\").resourceId(\"id.co.myhomecredit:id/button_register\").instance(2)"}
[HTTP] <-- POST /wd/hub/session/07090f16-dece-4906-83f2-38177a9a208b/elements 200 42 ms - 74
[HTTP] 
[HTTP] --> POST /wd/hub/session/07090f16-dece-4906-83f2-38177a9a208b/elements
[HTTP] {"using":"-android uiautomator","value":"new UiSelector().className(\"android.widget.TextView\").text(\"DAFTAR\").resourceId(\"id.co.myhomecredit:id/button_register\").instance(2)"}
[HTTP] <-- POST /wd/hub/session/07090f16-dece-4906-83f2-38177a9a208b/elements 200 542 ms - 74
[HTTP] 
[HTTP] --> POST /wd/hub/session/07090f16-dece-4906-83f2-38177a9a208b/elements
[HTTP] {"using":"-android uiautomator","value":"new UiSelector().className(\"android.widget.TextView\").text(\"DAFTAR\").resourceId(\"id.co.myhomecredit:id/button_register\").instance(2)"}
[HTTP] <-- POST /wd/hub/session/07090f16-dece-4906-83f2-38177a9a208b/elements 200 44 ms - 74
[HTTP] 
[HTTP] --> POST /wd/hub/session/07090f16-dece-4906-83f2-38177a9a208b/elements
[HTTP] {"using":"-android uiautomator","value":"new UiSelector().className(\"android.widget.TextView\").text(\"DAFTAR\").resourceId(\"id.co.myhomecredit:id/button_register\").instance(2)"}
[HTTP] <-- POST /wd/hub/session/07090f16-dece-4906-83f2-38177a9a208b/elements 200 49 ms - 74
[HTTP] 
[HTTP] --> POST /wd/hub/session/07090f16-dece-4906-83f2-38177a9a208b/elements
[HTTP] {"using":"-android uiautomator","value":"new UiSelector().className(\"android.widget.TextView\").text(\"DAFTAR\").resourceId(\"id.co.myhomecredit:id/button_register\").instance(2)"}
[HTTP] <-- POST /wd/hub/session/07090f16-dece-4906-83f2-38177a9a208b/elements 200 50 ms - 74
[HTTP] 
[HTTP] --> POST /wd/hub/session/07090f16-dece-4906-83f2-38177a9a208b/elements
[HTTP] {"using":"-android uiautomator","value":"new UiSelector().className(\"android.widget.TextView\").text(\"DAFTAR\").resourceId(\"id.co.myhomecredit:id/button_register\").instance(2)"}
[HTTP] <-- POST /wd/hub/session/07090f16-dece-4906-83f2-38177a9a208b/elements 200 56 ms - 74
[HTTP] 
[HTTP] --> POST /wd/hub/session/07090f16-dece-4906-83f2-38177a9a208b/elements
[HTTP] {"using":"-android uiautomator","value":"new UiSelector().className(\"android.widget.TextView\").text(\"DAFTAR\").resourceId(\"id.co.myhomecredit:id/button_register\").instance(2)"}
[HTTP] <-- POST /wd/hub/session/07090f16-dece-4906-83f2-38177a9a208b/elements 200 50 ms - 74
[HTTP] 
[HTTP] --> POST /wd/hub/session/07090f16-dece-4906-83f2-38177a9a208b/elements
[HTTP] {"using":"-android uiautomator","value":"new UiSelector().className(\"android.widget.TextView\").text(\"DAFTAR\").resourceId(\"id.co.myhomecredit:id/button_register\").instance(2)"}
[HTTP] <-- POST /wd/hub/session/07090f16-dece-4906-83f2-38177a9a208b/elements 200 710 ms - 74
[HTTP] 
[HTTP] --> POST /wd/hub/session/07090f16-dece-4906-83f2-38177a9a208b/elements
[HTTP] {"using":"-android uiautomator","value":"new UiSelector().className(\"android.widget.TextView\").text(\"DAFTAR\").resourceId(\"id.co.myhomecredit:id/button_register\").instance(2)"}
[HTTP] <-- POST /wd/hub/session/07090f16-dece-4906-83f2-38177a9a208b/elements 200 45 ms - 74
[HTTP] 
[HTTP] --> POST /wd/hub/session/07090f16-dece-4906-83f2-38177a9a208b/elements
[HTTP] {"using":"-android uiautomator","value":"new UiSelector().className(\"android.widget.TextView\").text(\"DAFTAR\").resourceId(\"id.co.myhomecredit:id/button_register\").instance(2)"}
[HTTP] <-- POST /wd/hub/session/07090f16-dece-4906-83f2-38177a9a208b/elements 200 54 ms - 74
[HTTP] 
[HTTP] --> POST /wd/hub/session/07090f16-dece-4906-83f2-38177a9a208b/elements
[HTTP] {"using":"-android uiautomator","value":"new UiSelector().className(\"android.widget.TextView\").text(\"DAFTAR\").resourceId(\"id.co.myhomecredit:id/button_register\").instance(2)"}
[HTTP] <-- POST /wd/hub/session/07090f16-dece-4906-83f2-38177a9a208b/elements 200 45 ms - 74
[HTTP] 
[HTTP] --> POST /wd/hub/session/07090f16-dece-4906-83f2-38177a9a208b/elements
[HTTP] {"using":"-android uiautomator","value":"new UiSelector().className(\"android.widget.TextView\").text(\"DAFTAR\").resourceId(\"id.co.myhomecredit:id/button_register\").instance(2)"}
[HTTP] <-- POST /wd/hub/session/07090f16-dece-4906-83f2-38177a9a208b/elements 200 43 ms - 74
[HTTP] 
[HTTP] --> POST /wd/hub/session/07090f16-dece-4906-83f2-38177a9a208b/elements
[HTTP] {"using":"-android uiautomator","value":"new UiSelector().className(\"android.widget.TextView\").text(\"DAFTAR\").resourceId(\"id.co.myhomecredit:id/button_register\").instance(2)"}
[HTTP] <-- POST /wd/hub/session/07090f16-dece-4906-83f2-38177a9a208b/elements 200 48 ms - 74
[HTTP] 
[HTTP] --> POST /wd/hub/session/07090f16-dece-4906-83f2-38177a9a208b/elements
[HTTP] {"using":"-android uiautomator","value":"new UiSelector().className(\"android.widget.TextView\").text(\"DAFTAR\").resourceId(\"id.co.myhomecredit:id/button_register\").instance(2)"}
[HTTP] <-- POST /wd/hub/session/07090f16-dece-4906-83f2-38177a9a208b/elements 200 42 ms - 74
[HTTP] 
[HTTP] --> POST /wd/hub/session/07090f16-dece-4906-83f2-38177a9a208b/elements
[HTTP] {"using":"-android uiautomator","value":"new UiSelector().className(\"android.widget.TextView\").text(\"DAFTAR\").resourceId(\"id.co.myhomecredit:id/button_register\").instance(2)"}
[HTTP] <-- POST /wd/hub/session/07090f16-dece-4906-83f2-38177a9a208b/elements 200 45 ms - 74
[HTTP] 
[HTTP] --> POST /wd/hub/session/07090f16-dece-4906-83f2-38177a9a208b/elements
[HTTP] {"using":"-android uiautomator","value":"new UiSelector().className(\"android.widget.TextView\").text(\"DAFTAR\").resourceId(\"id.co.myhomecredit:id/button_register\").instance(2)"}
[HTTP] <-- POST /wd/hub/session/07090f16-dece-4906-83f2-38177a9a208b/elements 200 46 ms - 74
[HTTP] 
[HTTP] --> POST /wd/hub/session/07090f16-dece-4906-83f2-38177a9a208b/elements
[HTTP] {"using":"-android uiautomator","value":"new UiSelector().className(\"android.widget.TextView\").text(\"DAFTAR\").resourceId(\"id.co.myhomecredit:id/button_register\").instance(2)"}
[HTTP] <-- POST /wd/hub/session/07090f16-dece-4906-83f2-38177a9a208b/elements 200 46 ms - 74
[HTTP] 
[HTTP] --> POST /wd/hub/session/07090f16-dece-4906-83f2-38177a9a208b/elements
[HTTP] {"using":"-android uiautomator","value":"new UiSelector().className(\"android.widget.TextView\").text(\"DAFTAR\").resourceId(\"id.co.myhomecredit:id/button_register\").instance(2)"}
[HTTP] <-- POST /wd/hub/session/07090f16-dece-4906-83f2-38177a9a208b/elements 200 41 ms - 74
[HTTP] 
[HTTP] --> POST /wd/hub/session/07090f16-dece-4906-83f2-38177a9a208b/elements
[HTTP] {"using":"-android uiautomator","value":"new UiSelector().className(\"android.widget.TextView\").text(\"DAFTAR\").resourceId(\"id.co.myhomecredit:id/button_register\").instance(2)"}
[HTTP] <-- POST /wd/hub/session/07090f16-dece-4906-83f2-38177a9a208b/elements 200 45 ms - 74
[HTTP] 
[HTTP] --> POST /wd/hub/session/07090f16-dece-4906-83f2-38177a9a208b/elements
[HTTP] {"using":"-android uiautomator","value":"new UiSelector().className(\"android.widget.TextView\").text(\"DAFTAR\").resourceId(\"id.co.myhomecredit:id/button_register\").instance(2)"}
[HTTP] <-- POST /wd/hub/session/07090f16-dece-4906-83f2-38177a9a208b/elements 200 45 ms - 74
[HTTP] 
[HTTP] --> POST /wd/hub/session/07090f16-dece-4906-83f2-38177a9a208b/elements
[HTTP] {"using":"-android uiautomator","value":"new UiSelector().className(\"android.widget.TextView\").text(\"DAFTAR\").resourceId(\"id.co.myhomecredit:id/button_register\").instance(2)"}
[HTTP] <-- POST /wd/hub/session/07090f16-dece-4906-83f2-38177a9a208b/elements 200 47 ms - 74
[HTTP] 
[HTTP] --> POST /wd/hub/session/07090f16-dece-4906-83f2-38177a9a208b/elements
[HTTP] {"using":"-android uiautomator","value":"new UiSelector().className(\"android.widget.TextView\").text(\"DAFTAR\").resourceId(\"id.co.myhomecredit:id/button_register\").instance(2)"}
[HTTP] <-- POST /wd/hub/session/07090f16-dece-4906-83f2-38177a9a208b/elements 200 44 ms - 74
[HTTP] 
[HTTP] --> POST /wd/hub/session/07090f16-dece-4906-83f2-38177a9a208b/elements
[HTTP] {"using":"-android uiautomator","value":"new UiSelector().className(\"android.widget.TextView\").text(\"DAFTAR\").resourceId(\"id.co.myhomecredit:id/button_register\").instance(2)"}
[HTTP] <-- POST /wd/hub/session/07090f16-dece-4906-83f2-38177a9a208b/elements 200 44 ms - 74
[HTTP] 
[HTTP] --> POST /wd/hub/session/07090f16-dece-4906-83f2-38177a9a208b/elements
[HTTP] {"using":"-android uiautomator","value":"new UiSelector().className(\"android.widget.TextView\").text(\"DAFTAR\").resourceId(\"id.co.myhomecredit:id/button_register\").instance(2)"}
[HTTP] <-- POST /wd/hub/session/07090f16-dece-4906-83f2-38177a9a208b/elements 200 45 ms - 74
[HTTP] 
[HTTP] --> POST /wd/hub/session/07090f16-dece-4906-83f2-38177a9a208b/elements
[HTTP] {"using":"-android uiautomator","value":"new UiSelector().className(\"android.widget.TextView\").text(\"DAFTAR\").resourceId(\"id.co.myhomecredit:id/button_register\").instance(2)"}
[HTTP] <-- POST /wd/hub/session/07090f16-dece-4906-83f2-38177a9a208b/elements 200 44 ms - 74
[HTTP] 
[HTTP] --> POST /wd/hub/session/07090f16-dece-4906-83f2-38177a9a208b/elements
[HTTP] {"using":"-android uiautomator","value":"new UiSelector().className(\"android.widget.TextView\").text(\"DAFTAR\").resourceId(\"id.co.myhomecredit:id/button_register\").instance(2)"}
[HTTP] <-- POST /wd/hub/session/07090f16-dece-4906-83f2-38177a9a208b/elements 200 43 ms - 74
[HTTP] 
[HTTP] --> POST /wd/hub/session/07090f16-dece-4906-83f2-38177a9a208b/elements
[HTTP] {"using":"-android uiautomator","value":"new UiSelector().className(\"android.widget.TextView\").text(\"DAFTAR\").resourceId(\"id.co.myhomecredit:id/button_register\").instance(2)"}
[HTTP] <-- POST /wd/hub/session/07090f16-dece-4906-83f2-38177a9a208b/elements 200 42 ms - 74
[HTTP] 
[HTTP] --> POST /wd/hub/session/07090f16-dece-4906-83f2-38177a9a208b/elements
[HTTP] {"using":"-android uiautomator","value":"new UiSelector().className(\"android.widget.TextView\").text(\"DAFTAR\").resourceId(\"id.co.myhomecredit:id/button_register\").instance(2)"}
[HTTP] <-- POST /wd/hub/session/07090f16-dece-4906-83f2-38177a9a208b/elements 200 59 ms - 74
[HTTP] 
[HTTP] --> POST /wd/hub/session/07090f16-dece-4906-83f2-38177a9a208b/elements
[HTTP] {"using":"-android uiautomator","value":"new UiSelector().className(\"android.widget.TextView\").text(\"DAFTAR\").resourceId(\"id.co.myhomecredit:id/button_register\").instance(2)"}
[HTTP] <-- POST /wd/hub/session/07090f16-dece-4906-83f2-38177a9a208b/elements 200 48 ms - 74
[HTTP] 
[HTTP] --> POST /wd/hub/session/07090f16-dece-4906-83f2-38177a9a208b/elements
[HTTP] {"using":"-android uiautomator","value":"new UiSelector().className(\"android.widget.TextView\").text(\"DAFTAR\").resourceId(\"id.co.myhomecredit:id/button_register\").instance(2)"}
[HTTP] <-- POST /wd/hub/session/07090f16-dece-4906-83f2-38177a9a208b/elements 200 51 ms - 74
[HTTP] 
[HTTP] --> POST /wd/hub/session/07090f16-dece-4906-83f2-38177a9a208b/elements
[HTTP] {"using":"-android uiautomator","value":"new UiSelector().className(\"android.widget.TextView\").text(\"DAFTAR\").resourceId(\"id.co.myhomecredit:id/button_register\").instance(2)"}
[HTTP] <-- POST /wd/hub/session/07090f16-dece-4906-83f2-38177a9a208b/elements 200 44 ms - 74
[HTTP] 
[HTTP] --> POST /wd/hub/session/07090f16-dece-4906-83f2-38177a9a208b/elements
[HTTP] {"using":"-android uiautomator","value":"new UiSelector().className(\"android.widget.TextView\").text(\"DAFTAR\").resourceId(\"id.co.myhomecredit:id/button_register\").instance(2)"}
[HTTP] <-- POST /wd/hub/session/07090f16-dece-4906-83f2-38177a9a208b/elements 200 41 ms - 74
[HTTP] 
[HTTP] --> POST /wd/hub/session/07090f16-dece-4906-83f2-38177a9a208b/elements
[HTTP] {"using":"-android uiautomator","value":"new UiSelector().className(\"android.widget.TextView\").text(\"DAFTAR\").resourceId(\"id.co.myhomecredit:id/button_register\").instance(2)"}
[HTTP] <-- POST /wd/hub/session/07090f16-dece-4906-83f2-38177a9a208b/elements 200 47 ms - 74
[HTTP] 
[HTTP] --> POST /wd/hub/session/07090f16-dece-4906-83f2-38177a9a208b/elements
[HTTP] {"using":"-android uiautomator","value":"new UiSelector().className(\"android.widget.TextView\").text(\"DAFTAR\").resourceId(\"id.co.myhomecredit:id/button_register\").instance(2)"}
[HTTP] <-- POST /wd/hub/session/07090f16-dece-4906-83f2-38177a9a208b/elements 200 42 ms - 74
[HTTP] 
[HTTP] --> POST /wd/hub/session/07090f16-dece-4906-83f2-38177a9a208b/elements
[HTTP] {"using":"-android uiautomator","value":"new UiSelector().className(\"android.widget.TextView\").text(\"DAFTAR\").resourceId(\"id.co.myhomecredit:id/button_register\").instance(2)"}
[HTTP] <-- POST /wd/hub/session/07090f16-dece-4906-83f2-38177a9a208b/elements 200 52 ms - 74
[HTTP] 
[HTTP] --> POST /wd/hub/session/07090f16-dece-4906-83f2-38177a9a208b/elements
[HTTP] {"using":"-android uiautomator","value":"new UiSelector().className(\"android.widget.TextView\").text(\"DAFTAR\").resourceId(\"id.co.myhomecredit:id/button_register\").instance(2)"}
[HTTP] <-- POST /wd/hub/session/07090f16-dece-4906-83f2-38177a9a208b/elements 200 40 ms - 74
[HTTP] 
[HTTP] --> POST /wd/hub/session/07090f16-dece-4906-83f2-38177a9a208b/elements
[HTTP] {"using":"-android uiautomator","value":"new UiSelector().className(\"android.widget.TextView\").text(\"DAFTAR\").resourceId(\"id.co.myhomecredit:id/button_register\").instance(2)"}
[HTTP] <-- POST /wd/hub/session/07090f16-dece-4906-83f2-38177a9a208b/elements 200 41 ms - 74
[HTTP] 
[HTTP] --> POST /wd/hub/session/07090f16-dece-4906-83f2-38177a9a208b/elements
[HTTP] {"using":"-android uiautomator","value":"new UiSelector().className(\"android.widget.TextView\").text(\"DAFTAR\").resourceId(\"id.co.myhomecredit:id/button_register\").instance(2)"}
[HTTP] <-- POST /wd/hub/session/07090f16-dece-4906-83f2-38177a9a208b/elements 200 42 ms - 74
[HTTP] 
[HTTP] --> POST /wd/hub/session/07090f16-dece-4906-83f2-38177a9a208b/elements
[HTTP] {"using":"-android uiautomator","value":"new UiSelector().className(\"android.widget.TextView\").text(\"DAFTAR\").resourceId(\"id.co.myhomecredit:id/button_register\").instance(2)"}
[HTTP] <-- POST /wd/hub/session/07090f16-dece-4906-83f2-38177a9a208b/elements 200 42 ms - 74
[HTTP] 
[HTTP] --> POST /wd/hub/session/07090f16-dece-4906-83f2-38177a9a208b/elements
[HTTP] {"using":"-android uiautomator","value":"new UiSelector().className(\"android.widget.TextView\").text(\"DAFTAR\").resourceId(\"id.co.myhomecredit:id/button_register\").instance(2)"}
[HTTP] <-- POST /wd/hub/session/07090f16-dece-4906-83f2-38177a9a208b/elements 200 43 ms - 74
[HTTP] 
[HTTP] --> POST /wd/hub/session/07090f16-dece-4906-83f2-38177a9a208b/elements
[HTTP] {"using":"-android uiautomator","value":"new UiSelector().className(\"android.widget.TextView\").text(\"DAFTAR\").resourceId(\"id.co.myhomecredit:id/button_register\").instance(2)"}
[HTTP] <-- POST /wd/hub/session/07090f16-dece-4906-83f2-38177a9a208b/elements 200 43 ms - 74
[HTTP] 
[HTTP] --> POST /wd/hub/session/07090f16-dece-4906-83f2-38177a9a208b/elements
[HTTP] {"using":"-android uiautomator","value":"new UiSelector().className(\"android.widget.TextView\").text(\"DAFTAR\").resourceId(\"id.co.myhomecredit:id/button_register\").instance(2)"}
[HTTP] <-- POST /wd/hub/session/07090f16-dece-4906-83f2-38177a9a208b/elements 200 47 ms - 74
[HTTP] 
[HTTP] --> POST /wd/hub/session/07090f16-dece-4906-83f2-38177a9a208b/elements
[HTTP] {"using":"-android uiautomator","value":"new UiSelector().className(\"android.widget.TextView\").text(\"DAFTAR\").resourceId(\"id.co.myhomecredit:id/button_register\").instance(2)"}
[HTTP] <-- POST /wd/hub/session/07090f16-dece-4906-83f2-38177a9a208b/elements 200 48 ms - 74
[HTTP] 
[HTTP] --> POST /wd/hub/session/07090f16-dece-4906-83f2-38177a9a208b/elements
[HTTP] {"using":"-android uiautomator","value":"new UiSelector().className(\"android.widget.TextView\").text(\"DAFTAR\").resourceId(\"id.co.myhomecredit:id/button_register\").instance(2)"}
[HTTP] <-- POST /wd/hub/session/07090f16-dece-4906-83f2-38177a9a208b/elements 200 44 ms - 74
[HTTP] 
[HTTP] --> POST /wd/hub/session/07090f16-dece-4906-83f2-38177a9a208b/elements
[HTTP] {"using":"-android uiautomator","value":"new UiSelector().className(\"android.widget.TextView\").text(\"DAFTAR\").resourceId(\"id.co.myhomecredit:id/button_register\").instance(2)"}
[HTTP] <-- POST /wd/hub/session/07090f16-dece-4906-83f2-38177a9a208b/elements 200 44 ms - 74
[HTTP] 
[HTTP] --> POST /wd/hub/session/07090f16-dece-4906-83f2-38177a9a208b/elements
[HTTP] {"using":"-android uiautomator","value":"new UiSelector().className(\"android.widget.TextView\").text(\"DAFTAR\").resourceId(\"id.co.myhomecredit:id/button_register\").instance(2)"}
[HTTP] <-- POST /wd/hub/session/07090f16-dece-4906-83f2-38177a9a208b/elements 200 48 ms - 74
[HTTP] 
[HTTP] --> POST /wd/hub/session/07090f16-dece-4906-83f2-38177a9a208b/elements
[HTTP] {"using":"-android uiautomator","value":"new UiSelector().className(\"android.widget.TextView\").text(\"DAFTAR\").resourceId(\"id.co.myhomecredit:id/button_register\").instance(2)"}
[HTTP] <-- POST /wd/hub/session/07090f16-dece-4906-83f2-38177a9a208b/elements 200 48 ms - 74
[HTTP] 
[HTTP] --> POST /wd/hub/session/07090f16-dece-4906-83f2-38177a9a208b/elements
[HTTP] {"using":"-android uiautomator","value":"new UiSelector().className(\"android.widget.TextView\").text(\"DAFTAR\").resourceId(\"id.co.myhomecredit:id/button_register\").instance(2)"}
[HTTP] <-- POST /wd/hub/session/07090f16-dece-4906-83f2-38177a9a208b/elements 200 41 ms - 74
[HTTP] 
[HTTP] --> POST /wd/hub/session/07090f16-dece-4906-83f2-38177a9a208b/elements
[HTTP] {"using":"-android uiautomator","value":"new UiSelector().className(\"android.widget.TextView\").text(\"DAFTAR\").resourceId(\"id.co.myhomecredit:id/button_register\").instance(2)"}
[HTTP] <-- POST /wd/hub/session/07090f16-dece-4906-83f2-38177a9a208b/elements 200 42 ms - 74
[HTTP] 
[HTTP] --> POST /wd/hub/session/07090f16-dece-4906-83f2-38177a9a208b/elements
[HTTP] {"using":"-android uiautomator","value":"new UiSelector().className(\"android.widget.TextView\").text(\"DAFTAR\").resourceId(\"id.co.myhomecredit:id/button_register\").instance(2)"}
[HTTP] <-- POST /wd/hub/session/07090f16-dece-4906-83f2-38177a9a208b/elements 200 46 ms - 74
[HTTP] 
[HTTP] --> POST /wd/hub/session/07090f16-dece-4906-83f2-38177a9a208b/elements
[HTTP] {"using":"-android uiautomator","value":"new UiSelector().className(\"android.widget.TextView\").text(\"DAFTAR\").resourceId(\"id.co.myhomecredit:id/button_register\").instance(2)"}
[HTTP] <-- POST /wd/hub/session/07090f16-dece-4906-83f2-38177a9a208b/elements 200 42 ms - 74
[HTTP] 
[HTTP] --> POST /wd/hub/session/07090f16-dece-4906-83f2-38177a9a208b/elements
[HTTP] {"using":"-android uiautomator","value":"new UiSelector().className(\"android.widget.TextView\").text(\"DAFTAR\").resourceId(\"id.co.myhomecredit:id/button_register\").instance(2)"}
[HTTP] <-- POST /wd/hub/session/07090f16-dece-4906-83f2-38177a9a208b/elements 200 54 ms - 74
[HTTP] 
[HTTP] --> POST /wd/hub/session/07090f16-dece-4906-83f2-38177a9a208b/elements
[HTTP] {"using":"-android uiautomator","value":"new UiSelector().className(\"android.widget.TextView\").text(\"DAFTAR\").resourceId(\"id.co.myhomecredit:id/button_register\").instance(2)"}
[HTTP] <-- POST /wd/hub/session/07090f16-dece-4906-83f2-38177a9a208b/elements 200 55 ms - 74
[HTTP] 
[HTTP] --> POST /wd/hub/session/07090f16-dece-4906-83f2-38177a9a208b/elements
[HTTP] {"using":"-android uiautomator","value":"new UiSelector().className(\"android.widget.TextView\").text(\"DAFTAR\").resourceId(\"id.co.myhomecredit:id/button_register\").instance(2)"}
[HTTP] <-- POST /wd/hub/session/07090f16-dece-4906-83f2-38177a9a208b/elements 200 36 ms - 74
[HTTP] 
[HTTP] --> POST /wd/hub/session/07090f16-dece-4906-83f2-38177a9a208b/elements
[HTTP] {"using":"-android uiautomator","value":"new UiSelector().className(\"android.widget.TextView\").text(\"DAFTAR\").resourceId(\"id.co.myhomecredit:id/button_register\").instance(2)"}
[HTTP] <-- POST /wd/hub/session/07090f16-dece-4906-83f2-38177a9a208b/elements 200 44 ms - 74
[HTTP] 
[HTTP] --> POST /wd/hub/session/07090f16-dece-4906-83f2-38177a9a208b/elements
[HTTP] {"using":"-android uiautomator","value":"new UiSelector().className(\"android.widget.TextView\").text(\"DAFTAR\").resourceId(\"id.co.myhomecredit:id/button_register\").instance(2)"}
[HTTP] <-- POST /wd/hub/session/07090f16-dece-4906-83f2-38177a9a208b/elements 200 54 ms - 74
[HTTP] 
[HTTP] --> POST /wd/hub/session/07090f16-dece-4906-83f2-38177a9a208b/elements
[HTTP] {"using":"-android uiautomator","value":"new UiSelector().className(\"android.widget.TextView\").text(\"DAFTAR\").resourceId(\"id.co.myhomecredit:id/button_register\").instance(2)"}
[HTTP] <-- POST /wd/hub/session/07090f16-dece-4906-83f2-38177a9a208b/elements 200 42 ms - 74
[HTTP] 
[HTTP] --> POST /wd/hub/session/07090f16-dece-4906-83f2-38177a9a208b/elements
[HTTP] {"using":"-android uiautomator","value":"new UiSelector().className(\"android.widget.TextView\").text(\"DAFTAR\").resourceId(\"id.co.myhomecredit:id/button_register\").instance(2)"}
[HTTP] <-- POST /wd/hub/session/07090f16-dece-4906-83f2-38177a9a208b/elements 200 39 ms - 74
[HTTP] 
[HTTP] --> POST /wd/hub/session/07090f16-dece-4906-83f2-38177a9a208b/elements
[HTTP] {"using":"-android uiautomator","value":"new UiSelector().className(\"android.widget.TextView\").text(\"DAFTAR\").resourceId(\"id.co.myhomecredit:id/button_register\").instance(2)"}
[HTTP] <-- POST /wd/hub/session/07090f16-dece-4906-83f2-38177a9a208b/elements 200 42 ms - 74
[HTTP] 
[HTTP] --> POST /wd/hub/session/07090f16-dece-4906-83f2-38177a9a208b/elements
[HTTP] {"using":"-android uiautomator","value":"new UiSelector().className(\"android.widget.TextView\").text(\"DAFTAR\").resourceId(\"id.co.myhomecredit:id/button_register\").instance(2)"}
[HTTP] <-- POST /wd/hub/session/07090f16-dece-4906-83f2-38177a9a208b/elements 200 41 ms - 74
[HTTP] 
[HTTP] --> POST /wd/hub/session/07090f16-dece-4906-83f2-38177a9a208b/elements
[HTTP] {"using":"-android uiautomator","value":"new UiSelector().className(\"android.widget.TextView\").text(\"DAFTAR\").resourceId(\"id.co.myhomecredit:id/button_register\").instance(2)"}
[HTTP] <-- POST /wd/hub/session/07090f16-dece-4906-83f2-38177a9a208b/elements 200 41 ms - 74
[HTTP] 
[HTTP] --> POST /wd/hub/session/07090f16-dece-4906-83f2-38177a9a208b/elements
[HTTP] {"using":"-android uiautomator","value":"new UiSelector().className(\"android.widget.TextView\").text(\"DAFTAR\").resourceId(\"id.co.myhomecredit:id/button_register\").instance(2)"}
[HTTP] <-- POST /wd/hub/session/07090f16-dece-4906-83f2-38177a9a208b/elements 200 48 ms - 74
[HTTP] 
[HTTP] --> POST /wd/hub/session/07090f16-dece-4906-83f2-38177a9a208b/elements
[HTTP] {"using":"-android uiautomator","value":"new UiSelector().className(\"android.widget.TextView\").text(\"DAFTAR\").resourceId(\"id.co.myhomecredit:id/button_register\").instance(2)"}
[HTTP] <-- POST /wd/hub/session/07090f16-dece-4906-83f2-38177a9a208b/elements 200 44 ms - 74
[HTTP] 
[HTTP] --> POST /wd/hub/session/07090f16-dece-4906-83f2-38177a9a208b/elements
[HTTP] {"using":"-android uiautomator","value":"new UiSelector().className(\"android.widget.TextView\").text(\"DAFTAR\").resourceId(\"id.co.myhomecredit:id/button_register\").instance(2)"}
[HTTP] <-- POST /wd/hub/session/07090f16-dece-4906-83f2-38177a9a208b/elements 200 39 ms - 74
[HTTP] 
[HTTP] --> POST /wd/hub/session/07090f16-dece-4906-83f2-38177a9a208b/elements
[HTTP] {"using":"-android uiautomator","value":"new UiSelector().className(\"android.widget.TextView\").text(\"DAFTAR\").resourceId(\"id.co.myhomecredit:id/button_register\").instance(2)"}
[HTTP] <-- POST /wd/hub/session/07090f16-dece-4906-83f2-38177a9a208b/elements 200 43 ms - 74
[HTTP] 
[HTTP] --> POST /wd/hub/session/07090f16-dece-4906-83f2-38177a9a208b/elements
[HTTP] {"using":"-android uiautomator","value":"new UiSelector().className(\"android.widget.TextView\").text(\"DAFTAR\").resourceId(\"id.co.myhomecredit:id/button_register\").instance(2)"}
[HTTP] <-- POST /wd/hub/session/07090f16-dece-4906-83f2-38177a9a208b/elements 200 57 ms - 74
[HTTP] 
[HTTP] --> POST /wd/hub/session/07090f16-dece-4906-83f2-38177a9a208b/elements
[HTTP] {"using":"-android uiautomator","value":"new UiSelector().className(\"android.widget.TextView\").text(\"DAFTAR\").resourceId(\"id.co.myhomecredit:id/button_register\").instance(2)"}
[HTTP] <-- POST /wd/hub/session/07090f16-dece-4906-83f2-38177a9a208b/elements 200 40 ms - 74
[HTTP] 
[HTTP] --> POST /wd/hub/session/07090f16-dece-4906-83f2-38177a9a208b/elements
[HTTP] {"using":"-android uiautomator","value":"new UiSelector().className(\"android.widget.TextView\").text(\"DAFTAR\").resourceId(\"id.co.myhomecredit:id/button_register\").instance(2)"}
[HTTP] <-- POST /wd/hub/session/07090f16-dece-4906-83f2-38177a9a208b/elements 200 38 ms - 74
[HTTP] 
[HTTP] --> POST /wd/hub/session/07090f16-dece-4906-83f2-38177a9a208b/elements
[HTTP] {"using":"-android uiautomator","value":"new UiSelector().className(\"android.widget.TextView\").text(\"DAFTAR\").resourceId(\"id.co.myhomecredit:id/button_register\").instance(2)"}
[HTTP] <-- POST /wd/hub/session/07090f16-dece-4906-83f2-38177a9a208b/elements 200 38 ms - 74
[HTTP] 
[HTTP] --> POST /wd/hub/session/07090f16-dece-4906-83f2-38177a9a208b/elements
[HTTP] {"using":"-android uiautomator","value":"new UiSelector().className(\"android.widget.TextView\").text(\"DAFTAR\").resourceId(\"id.co.myhomecredit:id/button_register\").instance(2)"}
[HTTP] <-- POST /wd/hub/session/07090f16-dece-4906-83f2-38177a9a208b/elements 200 45 ms - 74
[HTTP] 
[HTTP] --> POST /wd/hub/session/07090f16-dece-4906-83f2-38177a9a208b/elements
[HTTP] {"using":"-android uiautomator","value":"new UiSelector().className(\"android.widget.TextView\").text(\"DAFTAR\").resourceId(\"id.co.myhomecredit:id/button_register\").instance(2)"}
[HTTP] <-- POST /wd/hub/session/07090f16-dece-4906-83f2-38177a9a208b/elements 200 58 ms - 74
[HTTP] 
[HTTP] --> POST /wd/hub/session/07090f16-dece-4906-83f2-38177a9a208b/elements
[HTTP] {"using":"-android uiautomator","value":"new UiSelector().className(\"android.widget.TextView\").text(\"DAFTAR\").resourceId(\"id.co.myhomecredit:id/button_register\").instance(2)"}
[HTTP] <-- POST /wd/hub/session/07090f16-dece-4906-83f2-38177a9a208b/elements 200 41 ms - 74
[HTTP] 
[HTTP] --> POST /wd/hub/session/07090f16-dece-4906-83f2-38177a9a208b/elements
[HTTP] {"using":"-android uiautomator","value":"new UiSelector().className(\"android.widget.TextView\").text(\"DAFTAR\").resourceId(\"id.co.myhomecredit:id/button_register\").instance(2)"}
[HTTP] <-- POST /wd/hub/session/07090f16-dece-4906-83f2-38177a9a208b/elements 200 39 ms - 74
[HTTP] 
[HTTP] --> POST /wd/hub/session/07090f16-dece-4906-83f2-38177a9a208b/elements
[HTTP] {"using":"-android uiautomator","value":"new UiSelector().className(\"android.widget.TextView\").text(\"DAFTAR\").resourceId(\"id.co.myhomecredit:id/button_register\").instance(2)"}
[HTTP] <-- POST /wd/hub/session/07090f16-dece-4906-83f2-38177a9a208b/elements 200 41 ms - 74
[HTTP] 
[HTTP] --> POST /wd/hub/session/07090f16-dece-4906-83f2-38177a9a208b/elements
[HTTP] {"using":"-android uiautomator","value":"new UiSelector().className(\"android.widget.TextView\").text(\"DAFTAR\").resourceId(\"id.co.myhomecredit:id/button_register\").instance(2)"}
[HTTP] <-- POST /wd/hub/session/07090f16-dece-4906-83f2-38177a9a208b/elements 200 41 ms - 74
[HTTP] 
[HTTP] --> POST /wd/hub/session/07090f16-dece-4906-83f2-38177a9a208b/elements
[HTTP] {"using":"-android uiautomator","value":"new UiSelector().className(\"android.widget.TextView\").text(\"DAFTAR\").resourceId(\"id.co.myhomecredit:id/button_register\").instance(2)"}
[HTTP] <-- POST /wd/hub/session/07090f16-dece-4906-83f2-38177a9a208b/elements 200 42 ms - 74
[HTTP] 
[HTTP] --> POST /wd/hub/session/07090f16-dece-4906-83f2-38177a9a208b/elements
[HTTP] {"using":"-android uiautomator","value":"new UiSelector().className(\"android.widget.TextView\").text(\"DAFTAR\").resourceId(\"id.co.myhomecredit:id/button_register\").instance(2)"}
[HTTP] <-- POST /wd/hub/session/07090f16-dece-4906-83f2-38177a9a208b/elements 200 39 ms - 74
[HTTP] 
[HTTP] --> POST /wd/hub/session/07090f16-dece-4906-83f2-38177a9a208b/elements
[HTTP] {"using":"-android uiautomator","value":"new UiSelector().className(\"android.widget.TextView\").text(\"DAFTAR\").resourceId(\"id.co.myhomecredit:id/button_register\").instance(2)"}
[HTTP] <-- POST /wd/hub/session/07090f16-dece-4906-83f2-38177a9a208b/elements 200 38 ms - 74
[HTTP] 
[HTTP] --> POST /wd/hub/session/07090f16-dece-4906-83f2-38177a9a208b/elements
[HTTP] {"using":"-android uiautomator","value":"new UiSelector().className(\"android.widget.TextView\").text(\"DAFTAR\").resourceId(\"id.co.myhomecredit:id/button_register\").instance(2)"}
[HTTP] <-- POST /wd/hub/session/07090f16-dece-4906-83f2-38177a9a208b/elements 200 37 ms - 74
[HTTP] 
[HTTP] --> POST /wd/hub/session/07090f16-dece-4906-83f2-38177a9a208b/elements
[HTTP] {"using":"-android uiautomator","value":"new UiSelector().className(\"android.widget.TextView\").text(\"DAFTAR\").resourceId(\"id.co.myhomecredit:id/button_register\").instance(2)"}
[HTTP] <-- POST /wd/hub/session/07090f16-dece-4906-83f2-38177a9a208b/elements 200 39 ms - 74
[HTTP] 
[HTTP] --> POST /wd/hub/session/07090f16-dece-4906-83f2-38177a9a208b/elements
[HTTP] {"using":"-android uiautomator","value":"new UiSelector().className(\"android.widget.TextView\").text(\"DAFTAR\").resourceId(\"id.co.myhomecredit:id/button_register\").instance(2)"}
[HTTP] <-- POST /wd/hub/session/07090f16-dece-4906-83f2-38177a9a208b/elements 200 49 ms - 74
[HTTP] 
[HTTP] --> POST /wd/hub/session/07090f16-dece-4906-83f2-38177a9a208b/elements
[HTTP] {"using":"-android uiautomator","value":"new UiSelector().className(\"android.widget.TextView\").text(\"DAFTAR\").resourceId(\"id.co.myhomecredit:id/button_register\").instance(2)"}
[HTTP] <-- POST /wd/hub/session/07090f16-dece-4906-83f2-38177a9a208b/elements 200 55 ms - 74
[HTTP] 
[HTTP] --> POST /wd/hub/session/07090f16-dece-4906-83f2-38177a9a208b/elements
[HTTP] {"using":"-android uiautomator","value":"new UiSelector().className(\"android.widget.TextView\").text(\"DAFTAR\").resourceId(\"id.co.myhomecredit:id/button_register\").instance(2)"}
[HTTP] <-- POST /wd/hub/session/07090f16-dece-4906-83f2-38177a9a208b/elements 200 38 ms - 74
[HTTP] 
[HTTP] --> POST /wd/hub/session/07090f16-dece-4906-83f2-38177a9a208b/elements
[HTTP] {"using":"-android uiautomator","value":"new UiSelector().className(\"android.widget.TextView\").text(\"DAFTAR\").resourceId(\"id.co.myhomecredit:id/button_register\").instance(2)"}
[HTTP] <-- POST /wd/hub/session/07090f16-dece-4906-83f2-38177a9a208b/elements 200 40 ms - 74
[HTTP] 
[HTTP] --> POST /wd/hub/session/07090f16-dece-4906-83f2-38177a9a208b/elements
[HTTP] {"using":"-android uiautomator","value":"new UiSelector().className(\"android.widget.TextView\").text(\"DAFTAR\").resourceId(\"id.co.myhomecredit:id/button_register\").instance(2)"}
[HTTP] <-- POST /wd/hub/session/07090f16-dece-4906-83f2-38177a9a208b/elements 200 36 ms - 74
[HTTP] 
[HTTP] --> POST /wd/hub/session/07090f16-dece-4906-83f2-38177a9a208b/elements
[HTTP] {"using":"-android uiautomator","value":"new UiSelector().className(\"android.widget.TextView\").text(\"DAFTAR\").resourceId(\"id.co.myhomecredit:id/button_register\").instance(2)"}
[HTTP] <-- POST /wd/hub/session/07090f16-dece-4906-83f2-38177a9a208b/elements 200 38 ms - 74
[HTTP] 
[HTTP] --> POST /wd/hub/session/07090f16-dece-4906-83f2-38177a9a208b/elements
[HTTP] {"using":"-android uiautomator","value":"new UiSelector().className(\"android.widget.TextView\").text(\"DAFTAR\").resourceId(\"id.co.myhomecredit:id/button_register\").instance(2)"}
[HTTP] <-- POST /wd/hub/session/07090f16-dece-4906-83f2-38177a9a208b/elements 200 34 ms - 74
[HTTP] 
[HTTP] --> POST /wd/hub/session/07090f16-dece-4906-83f2-38177a9a208b/elements
[HTTP] {"using":"-android uiautomator","value":"new UiSelector().className(\"android.widget.TextView\").text(\"DAFTAR\").resourceId(\"id.co.myhomecredit:id/button_register\").instance(2)"}
[HTTP] <-- POST /wd/hub/session/07090f16-dece-4906-83f2-38177a9a208b/elements 200 34 ms - 74
[HTTP] 
[HTTP] --> POST /wd/hub/session/07090f16-dece-4906-83f2-38177a9a208b/elements
[HTTP] {"using":"-android uiautomator","value":"new UiSelector().className(\"android.widget.TextView\").text(\"DAFTAR\").resourceId(\"id.co.myhomecredit:id/button_register\").instance(2)"}
[HTTP] <-- POST /wd/hub/session/07090f16-dece-4906-83f2-38177a9a208b/elements 200 37 ms - 74
[HTTP] 
[HTTP] --> POST /wd/hub/session/07090f16-dece-4906-83f2-38177a9a208b/elements
[HTTP] {"using":"-android uiautomator","value":"new UiSelector().className(\"android.widget.TextView\").text(\"DAFTAR\").resourceId(\"id.co.myhomecredit:id/button_register\").instance(2)"}
[HTTP] <-- POST /wd/hub/session/07090f16-dece-4906-83f2-38177a9a208b/elements 200 36 ms - 74
[HTTP] 
[HTTP] --> POST /wd/hub/session/07090f16-dece-4906-83f2-38177a9a208b/elements
[HTTP] {"using":"-android uiautomator","value":"new UiSelector().className(\"android.widget.TextView\").text(\"DAFTAR\").resourceId(\"id.co.myhomecredit:id/button_register\").instance(2)"}
[HTTP] <-- POST /wd/hub/session/07090f16-dece-4906-83f2-38177a9a208b/elements 200 35 ms - 74
[HTTP] 
[HTTP] --> POST /wd/hub/session/07090f16-dece-4906-83f2-38177a9a208b/elements
[HTTP] {"using":"-android uiautomator","value":"new UiSelector().className(\"android.widget.TextView\").text(\"DAFTAR\").resourceId(\"id.co.myhomecredit:id/button_register\").instance(2)"}
[HTTP] <-- POST /wd/hub/session/07090f16-dece-4906-83f2-38177a9a208b/elements 200 38 ms - 74
[HTTP] 
[HTTP] --> POST /wd/hub/session/07090f16-dece-4906-83f2-38177a9a208b/elements
[HTTP] {"using":"-android uiautomator","value":"new UiSelector().className(\"android.widget.TextView\").text(\"DAFTAR\").resourceId(\"id.co.myhomecredit:id/button_register\").instance(2)"}
[HTTP] <-- POST /wd/hub/session/07090f16-dece-4906-83f2-38177a9a208b/elements 200 35 ms - 74
[HTTP] 
[HTTP] --> POST /wd/hub/session/07090f16-dece-4906-83f2-38177a9a208b/elements
[HTTP] {"using":"-android uiautomator","value":"new UiSelector().className(\"android.widget.TextView\").text(\"DAFTAR\").resourceId(\"id.co.myhomecredit:id/button_register\").instance(2)"}
[HTTP] <-- POST /wd/hub/session/07090f16-dece-4906-83f2-38177a9a208b/elements 200 32 ms - 74
[HTTP] 
[HTTP] --> POST /wd/hub/session/07090f16-dece-4906-83f2-38177a9a208b/elements
[HTTP] {"using":"-android uiautomator","value":"new UiSelector().className(\"android.widget.TextView\").text(\"DAFTAR\").resourceId(\"id.co.myhomecredit:id/button_register\").instance(2)"}
[HTTP] <-- POST /wd/hub/session/07090f16-dece-4906-83f2-38177a9a208b/elements 200 38 ms - 74
[HTTP] 
[HTTP] --> POST /wd/hub/session/07090f16-dece-4906-83f2-38177a9a208b/elements
[HTTP] {"using":"-android uiautomator","value":"new UiSelector().className(\"android.widget.TextView\").text(\"DAFTAR\").resourceId(\"id.co.myhomecredit:id/button_register\").instance(2)"}
[HTTP] <-- POST /wd/hub/session/07090f16-dece-4906-83f2-38177a9a208b/elements 200 43 ms - 74
[HTTP] 
[HTTP] --> POST /wd/hub/session/07090f16-dece-4906-83f2-38177a9a208b/elements
[HTTP] {"using":"-android uiautomator","value":"new UiSelector().className(\"android.widget.TextView\").text(\"DAFTAR\").resourceId(\"id.co.myhomecredit:id/button_register\").instance(2)"}
[HTTP] <-- POST /wd/hub/session/07090f16-dece-4906-83f2-38177a9a208b/elements 200 33 ms - 74
[HTTP] 
[HTTP] --> POST /wd/hub/session/07090f16-dece-4906-83f2-38177a9a208b/elements
[HTTP] {"using":"-android uiautomator","value":"new UiSelector().className(\"android.widget.TextView\").text(\"DAFTAR\").resourceId(\"id.co.myhomecredit:id/button_register\").instance(2)"}
[HTTP] <-- POST /wd/hub/session/07090f16-dece-4906-83f2-38177a9a208b/elements 200 33 ms - 74
[HTTP] 
[HTTP] --> POST /wd/hub/session/07090f16-dece-4906-83f2-38177a9a208b/elements
[HTTP] {"using":"-android uiautomator","value":"new UiSelector().className(\"android.widget.TextView\").text(\"DAFTAR\").resourceId(\"id.co.myhomecredit:id/button_register\").instance(2)"}
[HTTP] <-- POST /wd/hub/session/07090f16-dece-4906-83f2-38177a9a208b/elements 200 36 ms - 74
[HTTP] 
[HTTP] --> POST /wd/hub/session/07090f16-dece-4906-83f2-38177a9a208b/elements
[HTTP] {"using":"-android uiautomator","value":"new UiSelector().className(\"android.widget.TextView\").text(\"DAFTAR\").resourceId(\"id.co.myhomecredit:id/button_register\").instance(2)"}
[HTTP] <-- POST /wd/hub/session/07090f16-dece-4906-83f2-38177a9a208b/elements 200 36 ms - 74
[HTTP] 
[HTTP] --> POST /wd/hub/session/07090f16-dece-4906-83f2-38177a9a208b/elements
[HTTP] {"using":"-android uiautomator","value":"new UiSelector().className(\"android.widget.TextView\").text(\"DAFTAR\").resourceId(\"id.co.myhomecredit:id/button_register\").instance(2)"}
[HTTP] <-- POST /wd/hub/session/07090f16-dece-4906-83f2-38177a9a208b/elements 200 40 ms - 74
[HTTP] 
[HTTP] --> POST /wd/hub/session/07090f16-dece-4906-83f2-38177a9a208b/elements
[HTTP] {"using":"-android uiautomator","value":"new UiSelector().className(\"android.widget.TextView\").text(\"DAFTAR\").resourceId(\"id.co.myhomecredit:id/button_register\").instance(2)"}
[HTTP] <-- POST /wd/hub/session/07090f16-dece-4906-83f2-38177a9a208b/elements 200 36 ms - 74
[HTTP] 
[HTTP] --> POST /wd/hub/session/07090f16-dece-4906-83f2-38177a9a208b/elements
[HTTP] {"using":"-android uiautomator","value":"new UiSelector().className(\"android.widget.TextView\").text(\"DAFTAR\").resourceId(\"id.co.myhomecredit:id/button_register\").instance(2)"}
[HTTP] <-- POST /wd/hub/session/07090f16-dece-4906-83f2-38177a9a208b/elements 200 37 ms - 74
[HTTP] 
[HTTP] --> POST /wd/hub/session/07090f16-dece-4906-83f2-38177a9a208b/elements
[HTTP] {"using":"-android uiautomator","value":"new UiSelector().className(\"android.widget.TextView\").text(\"DAFTAR\").resourceId(\"id.co.myhomecredit:id/button_register\").instance(2)"}
[HTTP] <-- POST /wd/hub/session/07090f16-dece-4906-83f2-38177a9a208b/elements 200 35 ms - 74
[HTTP] 
[HTTP] --> POST /wd/hub/session/07090f16-dece-4906-83f2-38177a9a208b/elements
[HTTP] {"using":"-android uiautomator","value":"new UiSelector().className(\"android.widget.TextView\").text(\"DAFTAR\").resourceId(\"id.co.myhomecredit:id/button_register\").instance(2)"}
[HTTP] <-- POST /wd/hub/session/07090f16-dece-4906-83f2-38177a9a208b/elements 200 36 ms - 74
[HTTP] 
[HTTP] --> POST /wd/hub/session/07090f16-dece-4906-83f2-38177a9a208b/elements
[HTTP] {"using":"-android uiautomator","value":"new UiSelector().className(\"android.widget.TextView\").text(\"DAFTAR\").resourceId(\"id.co.myhomecredit:id/button_register\").instance(2)"}
[HTTP] <-- POST /wd/hub/session/07090f16-dece-4906-83f2-38177a9a208b/elements 200 35 ms - 74
[HTTP] 
[HTTP] --> POST /wd/hub/session/07090f16-dece-4906-83f2-38177a9a208b/elements
[HTTP] {"using":"-android uiautomator","value":"new UiSelector().className(\"android.widget.TextView\").text(\"DAFTAR\").resourceId(\"id.co.myhomecredit:id/button_register\").instance(2)"}
[HTTP] <-- POST /wd/hub/session/07090f16-dece-4906-83f2-38177a9a208b/elements 200 38 ms - 74
[HTTP] 
[HTTP] --> POST /wd/hub/session/07090f16-dece-4906-83f2-38177a9a208b/elements
[HTTP] {"using":"-android uiautomator","value":"new UiSelector().className(\"android.widget.TextView\").text(\"DAFTAR\").resourceId(\"id.co.myhomecredit:id/button_register\").instance(2)"}
[HTTP] <-- POST /wd/hub/session/07090f16-dece-4906-83f2-38177a9a208b/elements 200 38 ms - 74
[HTTP] 
[HTTP] --> POST /wd/hub/session/07090f16-dece-4906-83f2-38177a9a208b/elements
[HTTP] {"using":"-android uiautomator","value":"new UiSelector().className(\"android.widget.TextView\").text(\"DAFTAR\").resourceId(\"id.co.myhomecredit:id/button_register\").instance(2)"}
[HTTP] <-- POST /wd/hub/session/07090f16-dece-4906-83f2-38177a9a208b/elements 200 41 ms - 74
[HTTP] 
[HTTP] --> POST /wd/hub/session/07090f16-dece-4906-83f2-38177a9a208b/elements
[HTTP] {"using":"-android uiautomator","value":"new UiSelector().className(\"android.widget.TextView\").text(\"DAFTAR\").resourceId(\"id.co.myhomecredit:id/button_register\").instance(2)"}
[HTTP] <-- POST /wd/hub/session/07090f16-dece-4906-83f2-38177a9a208b/elements 200 42 ms - 74
[HTTP] 
[HTTP] --> POST /wd/hub/session/07090f16-dece-4906-83f2-38177a9a208b/elements
[HTTP] {"using":"-android uiautomator","value":"new UiSelector().className(\"android.widget.TextView\").text(\"DAFTAR\").resourceId(\"id.co.myhomecredit:id/button_register\").instance(2)"}
[HTTP] <-- POST /wd/hub/session/07090f16-dece-4906-83f2-38177a9a208b/elements 200 34 ms - 74
[HTTP] 
[HTTP] --> POST /wd/hub/session/07090f16-dece-4906-83f2-38177a9a208b/elements
[HTTP] {"using":"-android uiautomator","value":"new UiSelector().className(\"android.widget.TextView\").text(\"DAFTAR\").resourceId(\"id.co.myhomecredit:id/button_register\").instance(2)"}
[HTTP] <-- POST /wd/hub/session/07090f16-dece-4906-83f2-38177a9a208b/elements 200 36 ms - 74
[HTTP] 
[HTTP] --> POST /wd/hub/session/07090f16-dece-4906-83f2-38177a9a208b/elements
[HTTP] {"using":"-android uiautomator","value":"new UiSelector().className(\"android.widget.TextView\").text(\"DAFTAR\").resourceId(\"id.co.myhomecredit:id/button_register\").instance(2)"}
[HTTP] <-- POST /wd/hub/session/07090f16-dece-4906-83f2-38177a9a208b/elements 200 33 ms - 74
[HTTP] 
[HTTP] --> POST /wd/hub/session/07090f16-dece-4906-83f2-38177a9a208b/elements
[HTTP] {"using":"-android uiautomator","value":"new UiSelector().className(\"android.widget.TextView\").text(\"DAFTAR\").resourceId(\"id.co.myhomecredit:id/button_register\").instance(2)"}
[HTTP] <-- POST /wd/hub/session/07090f16-dece-4906-83f2-38177a9a208b/elements 200 36 ms - 74
[HTTP] 
[HTTP] --> POST /wd/hub/session/07090f16-dece-4906-83f2-38177a9a208b/elements
[HTTP] {"using":"-android uiautomator","value":"new UiSelector().className(\"android.widget.TextView\").text(\"DAFTAR\").resourceId(\"id.co.myhomecredit:id/button_register\").instance(2)"}
[HTTP] <-- POST /wd/hub/session/07090f16-dece-4906-83f2-38177a9a208b/elements 200 39 ms - 74
[HTTP] 
[HTTP] --> POST /wd/hub/session/07090f16-dece-4906-83f2-38177a9a208b/elements
[HTTP] {"using":"-android uiautomator","value":"new UiSelector().className(\"android.widget.TextView\").text(\"DAFTAR\").resourceId(\"id.co.myhomecredit:id/button_register\").instance(2)"}
[HTTP] <-- POST /wd/hub/session/07090f16-dece-4906-83f2-38177a9a208b/elements 200 33 ms - 74
[HTTP] 
[HTTP] --> POST /wd/hub/session/07090f16-dece-4906-83f2-38177a9a208b/elements
[HTTP] {"using":"-android uiautomator","value":"new UiSelector().className(\"android.widget.TextView\").text(\"DAFTAR\").resourceId(\"id.co.myhomecredit:id/button_register\").instance(2)"}
[HTTP] <-- POST /wd/hub/session/07090f16-dece-4906-83f2-38177a9a208b/elements 200 43 ms - 74
[HTTP] 
[HTTP] --> POST /wd/hub/session/07090f16-dece-4906-83f2-38177a9a208b/elements
[HTTP] {"using":"-android uiautomator","value":"new UiSelector().className(\"android.widget.TextView\").text(\"DAFTAR\").resourceId(\"id.co.myhomecredit:id/button_register\").instance(2)"}
[HTTP] <-- POST /wd/hub/session/07090f16-dece-4906-83f2-38177a9a208b/elements 200 36 ms - 74
[HTTP] 
[HTTP] --> POST /wd/hub/session/07090f16-dece-4906-83f2-38177a9a208b/elements
[HTTP] {"using":"-android uiautomator","value":"new UiSelector().className(\"android.widget.TextView\").text(\"DAFTAR\").resourceId(\"id.co.myhomecredit:id/button_register\").instance(2)"}
[HTTP] <-- POST /wd/hub/session/07090f16-dece-4906-83f2-38177a9a208b/elements 200 35 ms - 74
[HTTP] 
[HTTP] --> POST /wd/hub/session/07090f16-dece-4906-83f2-38177a9a208b/elements
[HTTP] {"using":"-android uiautomator","value":"new UiSelector().className(\"android.widget.TextView\").text(\"DAFTAR\").resourceId(\"id.co.myhomecredit:id/button_register\").instance(2)"}
[HTTP] <-- POST /wd/hub/session/07090f16-dece-4906-83f2-38177a9a208b/elements 200 39 ms - 74
[HTTP] 
[HTTP] --> POST /wd/hub/session/07090f16-dece-4906-83f2-38177a9a208b/elements
[HTTP] {"using":"-android uiautomator","value":"new UiSelector().className(\"android.widget.TextView\").text(\"DAFTAR\").resourceId(\"id.co.myhomecredit:id/button_register\").instance(2)"}
[HTTP] <-- POST /wd/hub/session/07090f16-dece-4906-83f2-38177a9a208b/elements 200 38 ms - 74
[HTTP] 
[HTTP] --> POST /wd/hub/session/07090f16-dece-4906-83f2-38177a9a208b/elements
[HTTP] {"using":"-android uiautomator","value":"new UiSelector().className(\"android.widget.TextView\").text(\"DAFTAR\").resourceId(\"id.co.myhomecredit:id/button_register\").instance(2)"}
[HTTP] <-- POST /wd/hub/session/07090f16-dece-4906-83f2-38177a9a208b/elements 200 38 ms - 74
[HTTP] 
[HTTP] --> POST /wd/hub/session/07090f16-dece-4906-83f2-38177a9a208b/elements
[HTTP] {"using":"-android uiautomator","value":"new UiSelector().className(\"android.widget.TextView\").text(\"DAFTAR\").resourceId(\"id.co.myhomecredit:id/button_register\").instance(2)"}
[HTTP] <-- POST /wd/hub/session/07090f16-dece-4906-83f2-38177a9a208b/elements 200 33 ms - 74
[HTTP] 
[HTTP] --> POST /wd/hub/session/07090f16-dece-4906-83f2-38177a9a208b/elements
[HTTP] {"using":"-android uiautomator","value":"new UiSelector().className(\"android.widget.TextView\").text(\"DAFTAR\").resourceId(\"id.co.myhomecredit:id/button_register\").instance(2)"}
[HTTP] <-- POST /wd/hub/session/07090f16-dece-4906-83f2-38177a9a208b/elements 200 29 ms - 74
[HTTP] 
[HTTP] --> POST /wd/hub/session/07090f16-dece-4906-83f2-38177a9a208b/elements
[HTTP] {"using":"-android uiautomator","value":"new UiSelector().className(\"android.widget.TextView\").text(\"DAFTAR\").resourceId(\"id.co.myhomecredit:id/button_register\").instance(2)"}
[HTTP] <-- POST /wd/hub/session/07090f16-dece-4906-83f2-38177a9a208b/elements 200 35 ms - 74
[HTTP] 
[HTTP] --> POST /wd/hub/session/07090f16-dece-4906-83f2-38177a9a208b/elements
[HTTP] {"using":"-android uiautomator","value":"new UiSelector().className(\"android.widget.TextView\").text(\"DAFTAR\").resourceId(\"id.co.myhomecredit:id/button_register\").instance(2)"}
[HTTP] <-- POST /wd/hub/session/07090f16-dece-4906-83f2-38177a9a208b/elements 200 34 ms - 74
[HTTP] 
[HTTP] --> GET /wd/hub/session/07090f16-dece-4906-83f2-38177a9a208b/context
[HTTP] {}
[HTTP] <-- GET /wd/hub/session/07090f16-dece-4906-83f2-38177a9a208b/context 200 2 ms - 84
[HTTP] 
[HTTP] --> GET /wd/hub/session/07090f16-dece-4906-83f2-38177a9a208b/contexts
[HTTP] {}
[HTTP] <-- GET /wd/hub/session/07090f16-dece-4906-83f2-38177a9a208b/contexts 200 66 ms - 86
[HTTP] 
[HTTP] --> POST /wd/hub/session/07090f16-dece-4906-83f2-38177a9a208b/context
[HTTP] {"name":"NATIVE_APP"}
[HTTP] <-- POST /wd/hub/session/07090f16-dece-4906-83f2-38177a9a208b/context 200 60 ms - 76
[HTTP] 
[HTTP] --> GET /wd/hub/session/07090f16-dece-4906-83f2-38177a9a208b/screenshot
[HTTP] {}
[HTTP] <-- GET /wd/hub/session/07090f16-dece-4906-83f2-38177a9a208b/screenshot 200 997 ms - 218036
[HTTP] 
[HTTP] --> POST /wd/hub/session/07090f16-dece-4906-83f2-38177a9a208b/context
[HTTP] {"name":"NATIVE_APP"}
[HTTP] <-- POST /wd/hub/session/07090f16-dece-4906-83f2-38177a9a208b/context 200 53 ms - 76
[HTTP] 
[HTTP] --> GET /wd/hub/session/07090f16-dece-4906-83f2-38177a9a208b/context
[HTTP] {}
[HTTP] <-- GET /wd/hub/session/07090f16-dece-4906-83f2-38177a9a208b/context 200 2 ms - 84
[HTTP] 
[HTTP] --> GET /wd/hub/session/07090f16-dece-4906-83f2-38177a9a208b/contexts
[HTTP] {}
[HTTP] <-- GET /wd/hub/session/07090f16-dece-4906-83f2-38177a9a208b/contexts 200 67 ms - 86
[HTTP] 
[HTTP] --> POST /wd/hub/session/07090f16-dece-4906-83f2-38177a9a208b/context
[HTTP] {"name":"NATIVE_APP"}
[HTTP] <-- POST /wd/hub/session/07090f16-dece-4906-83f2-38177a9a208b/context 200 57 ms - 76
[HTTP] 
[HTTP] --> GET /wd/hub/session/07090f16-dece-4906-83f2-38177a9a208b/screenshot
[HTTP] {}
[HTTP] <-- GET /wd/hub/session/07090f16-dece-4906-83f2-38177a9a208b/screenshot 200 478 ms - 218036
[HTTP] 
[HTTP] --> POST /wd/hub/session/07090f16-dece-4906-83f2-38177a9a208b/context
[HTTP] {"name":"NATIVE_APP"}
[HTTP] <-- POST /wd/hub/session/07090f16-dece-4906-83f2-38177a9a208b/context 200 55 ms - 76
[HTTP] 
[HTTP] --> GET /wd/hub/status
[HTTP] {}
[HTTP] <-- GET /wd/hub/status 200 15 ms - 55
[HTTP] 
[HTTP] --> POST /wd/hub/session
[HTTP] {"desiredCapabilities":{"app":"/Users/macbookair/git/qa-mobil-hci/APK/base.apk","autoGrantPermissions":true,"automationName":"uiautomator2","deviceName":"asus ASUS_X01BDA (Android 9)","fullReset":false,"newCommandTimeout":1800,"noReset":true,"platform":"ANDROID","platformName":"Android","udid":"JCAXGF0223308CH"},"capabilities":{"desiredCapabilities":{"app":"/Users/macbookair/git/qa-mobil-hci/APK/base.apk","autoGrantPermissions":true,"automationName":"uiautomator2","deviceName":"asus ASUS_X01BDA (Android 9)","fullReset":false,"newCommandTimeout":1800,"noReset":true,"platform":"ANDROID","platformName":"Android","udid":"JCAXGF0223308CH"},"firstMatch":[{"platformName":"android"}]}}
[Appium] Could not parse W3C capabilities: 'deviceName' can't be blank. Falling back to JSONWP protocol.
[Appium] The following capabilities were provided in the JSONWP desired capabilities that are missing in W3C capabilities: ["app","autoGrantPermissions","automationName","deviceName","fullReset","newCommandTimeout","noReset","platform","platformName","udid"]. Falling back to JSONWP protocol.
[Appium] Creating new AndroidUiautomator2Driver (v1.12.0) session
[Appium] Capabilities:
[Appium]   app: /Users/macbookair/git/qa-mobil-hci/APK/base.apk
[Appium]   autoGrantPermissions: true
[Appium]   automationName: uiautomator2
[Appium]   deviceName: asus ASUS_X01BDA (Android 9)
[Appium]   fullReset: false
[Appium]   newCommandTimeout: 1800
[Appium]   noReset: true
[Appium]   platform: ANDROID
[Appium]   platformName: Android
[Appium]   udid: JCAXGF0223308CH
[BaseDriver] The following capabilities were provided, but are not recognized by appium: platform.
[BaseDriver] Session created with session id: 3328cec4-3e98-460b-a194-c74993c1c8ae
[BaseDriver] Using local app '/Users/macbookair/git/qa-mobil-hci/APK/base.apk'
[AndroidDriver] Java version is: 1.8.0_181
[AndroidDriver] Retrieving device list
[AndroidDriver] Using device: JCAXGF0223308CH
[ADB] Using the alternative activity name detection method because of: Could not find apkanalyzer in /Users/macbookair/.katalon/tools/android_sdk/platform-tools/apkanalyzer,/Users/macbookair/.katalon/tools/android_sdk/emulator/apkanalyzer,/Users/macbookair/.katalon/tools/android_sdk/tools/apkanalyzer,/Users/macbookair/.katalon/tools/android_sdk/tools/bin/apkanalyzer,/Users/macbookair/.katalon/tools/android_sdk/build-tools/29.0.2/apkanalyzer. Do you have the Android SDK installed at '/Users/macbookair/.katalon/tools/android_sdk'?
[ADB] Extracting package and launch activity from manifest
[ADB] Package name: 'id.co.myhomecredit'
[ADB] Main activity name: 'id.co.homecredit.v2.launcherpage.SplashScreenActivity'
[ADB] Getting device platform version
[ADB] Cannot read version codes of '/usr/local/lib/node_modules/appium/node_modules/appium-uiautomator2-server/apks/appium-uiautomator2-server-debug-androidTest.apk' and/or 'io.appium.uiautomator2.server.test'
[ADB] Cannot read version names of '/usr/local/lib/node_modules/appium/node_modules/appium-uiautomator2-server/apks/appium-uiautomator2-server-debug-androidTest.apk' and/or 'io.appium.uiautomator2.server.test'. Assuming correct app version is already installed
[AndroidDriver] setDeviceLanguageCountry requires language or country.
[AndroidDriver] Got language: 'null' and country: 'null'
[ADB] Successfully extracted 1802 strings from '/Users/macbookair/git/qa-mobil-hci/APK/base.apk' resources for '(default)' configuration
[UiAutomator2] Starting uiautomator2 server 1.12.0
[UiAutomator2] Using UIAutomator2 server from '/usr/local/lib/node_modules/appium/node_modules/appium-uiautomator2-server/apks/appium-uiautomator2-server-v1.12.0.apk' and test from '/usr/local/lib/node_modules/appium/node_modules/appium-uiautomator2-server/apks/appium-uiautomator2-server-debug-androidTest.apk'
[UiAutomator2] Running command: 'adb -s JCAXGF0223308CH shell am instrument -w io.appium.uiautomator2.server.test/android.support.test.runner.AndroidJUnitRunner'
[UiAutomator2] Waiting up to 20000ms for UiAutomator2 to be online...
[AndroidDriver] Screen already unlocked, doing nothing
[UiAutomator2] UiAutomator2 did not start the activity we were waiting for, 'id.co.myhomecredit/id.co.homecredit.v2.launcherpage.SplashScreenActivity'. Starting it ourselves
[Appium] New AndroidUiautomator2Driver session created successfully, session 3328cec4-3e98-460b-a194-c74993c1c8ae added to master session list
[HTTP] <-- POST /wd/hub/session 200 12761 ms - 1141
[HTTP] 
[HTTP] --> GET /wd/hub/status
[HTTP] {}
[HTTP] <-- GET /wd/hub/status 200 22 ms - 55
[HTTP] 
[HTTP] --> POST /wd/hub/session/3328cec4-3e98-460b-a194-c74993c1c8ae/timeouts
[HTTP] {"type":"implicit","ms":30000}
[HTTP] <-- POST /wd/hub/session/3328cec4-3e98-460b-a194-c74993c1c8ae/timeouts 400 5 ms - 4181
[HTTP] 
[HTTP] --> GET /wd/hub/session/3328cec4-3e98-460b-a194-c74993c1c8ae/context
[HTTP] {}
[HTTP] <-- GET /wd/hub/session/3328cec4-3e98-460b-a194-c74993c1c8ae/context 200 4 ms - 84
[HTTP] 
[HTTP] --> GET /wd/hub/session/3328cec4-3e98-460b-a194-c74993c1c8ae/contexts
[HTTP] {}
[HTTP] <-- GET /wd/hub/session/3328cec4-3e98-460b-a194-c74993c1c8ae/contexts 200 60 ms - 86
[HTTP] 
[HTTP] --> POST /wd/hub/session/3328cec4-3e98-460b-a194-c74993c1c8ae/context
[HTTP] {"name":"NATIVE_APP"}
[HTTP] <-- POST /wd/hub/session/3328cec4-3e98-460b-a194-c74993c1c8ae/context 200 55 ms - 76
[HTTP] 
[HTTP] --> GET /wd/hub/session/3328cec4-3e98-460b-a194-c74993c1c8ae/window/current/size
[HTTP] {}
[W3C] Driver proxy active, passing request on via HTTP proxy
[JSONWP Proxy] Replacing sessionId 510a42cd-df85-410a-bb6f-ec5ac6c7aed0 with 3328cec4-3e98-460b-a194-c74993c1c8ae
[HTTP] <-- GET /wd/hub/session/3328cec4-3e98-460b-a194-c74993c1c8ae/window/current/size 200 50 ms - 100
[HTTP] 
[HTTP] --> POST /wd/hub/session/3328cec4-3e98-460b-a194-c74993c1c8ae/context
[HTTP] {"name":"NATIVE_APP"}
[HTTP] <-- POST /wd/hub/session/3328cec4-3e98-460b-a194-c74993c1c8ae/context 200 57 ms - 76
[HTTP] 
[HTTP] --> GET /wd/hub/session/3328cec4-3e98-460b-a194-c74993c1c8ae/context
[HTTP] {}
[HTTP] <-- GET /wd/hub/session/3328cec4-3e98-460b-a194-c74993c1c8ae/context 200 3 ms - 84
[HTTP] 
[HTTP] --> GET /wd/hub/session/3328cec4-3e98-460b-a194-c74993c1c8ae/contexts
[HTTP] {}
[HTTP] <-- GET /wd/hub/session/3328cec4-3e98-460b-a194-c74993c1c8ae/contexts 200 63 ms - 86
[HTTP] 
[HTTP] --> POST /wd/hub/session/3328cec4-3e98-460b-a194-c74993c1c8ae/context
[HTTP] {"name":"NATIVE_APP"}
[HTTP] <-- POST /wd/hub/session/3328cec4-3e98-460b-a194-c74993c1c8ae/context 200 55 ms - 76
[HTTP] 
[HTTP] --> GET /wd/hub/session/3328cec4-3e98-460b-a194-c74993c1c8ae/window/current/size
[HTTP] {}
[W3C] Driver proxy active, passing request on via HTTP proxy
[JSONWP Proxy] Replacing sessionId 510a42cd-df85-410a-bb6f-ec5ac6c7aed0 with 3328cec4-3e98-460b-a194-c74993c1c8ae
[HTTP] <-- GET /wd/hub/session/3328cec4-3e98-460b-a194-c74993c1c8ae/window/current/size 200 56 ms - 100
[HTTP] 
[HTTP] --> POST /wd/hub/session/3328cec4-3e98-460b-a194-c74993c1c8ae/context
[HTTP] {"name":"NATIVE_APP"}
[HTTP] <-- POST /wd/hub/session/3328cec4-3e98-460b-a194-c74993c1c8ae/context 200 53 ms - 76
[HTTP] 
[HTTP] --> GET /wd/hub/session/3328cec4-3e98-460b-a194-c74993c1c8ae/context
[HTTP] {}
[HTTP] <-- GET /wd/hub/session/3328cec4-3e98-460b-a194-c74993c1c8ae/context 200 5 ms - 84
[HTTP] 
[HTTP] --> GET /wd/hub/session/3328cec4-3e98-460b-a194-c74993c1c8ae/contexts
[HTTP] {}
[HTTP] <-- GET /wd/hub/session/3328cec4-3e98-460b-a194-c74993c1c8ae/contexts 200 61 ms - 86
[HTTP] 
[HTTP] --> POST /wd/hub/session/3328cec4-3e98-460b-a194-c74993c1c8ae/context
[HTTP] {"name":"NATIVE_APP"}
[HTTP] <-- POST /wd/hub/session/3328cec4-3e98-460b-a194-c74993c1c8ae/context 200 56 ms - 76
[HTTP] 
[HTTP] --> POST /wd/hub/session/3328cec4-3e98-460b-a194-c74993c1c8ae/touch/perform
[HTTP] {"actions":[{"action":"press","options":{"x":756,"y":1034}},{"action":"wait","options":{"ms":500}},{"action":"moveTo","options":{"x":324,"y":1034}},{"action":"release","options":{}}]}
[HTTP] <-- POST /wd/hub/session/3328cec4-3e98-460b-a194-c74993c1c8ae/touch/perform 200 1057 ms - 76
[HTTP] 
[HTTP] --> POST /wd/hub/session/3328cec4-3e98-460b-a194-c74993c1c8ae/context
[HTTP] {"name":"NATIVE_APP"}
[HTTP] <-- POST /wd/hub/session/3328cec4-3e98-460b-a194-c74993c1c8ae/context 200 54 ms - 76
[HTTP] 
[BaseDriver] Shutting down because we waited 1800 seconds for a command
[Appium] Closing session, cause was 'New Command Timeout of 1800 seconds expired. Try customizing the timeout using the 'newCommandTimeout' desired capability'
[Appium] Removing session 07090f16-dece-4906-83f2-38177a9a208b from our master session list
[UiAutomator2] Did not get confirmation UiAutomator2 deleteSession worked; Error was: ProxyRequestError: Could not proxy command to remote server. Original error: Error: socket hang up
[BaseDriver] Shutting down because we waited 1800 seconds for a command
[Appium] Closing session, cause was 'New Command Timeout of 1800 seconds expired. Try customizing the timeout using the 'newCommandTimeout' desired capability'
[Appium] Removing session 3328cec4-3e98-460b-a194-c74993c1c8ae from our master session list
[UiAutomator2] Did not get confirmation UiAutomator2 deleteSession worked; Error was: ProxyRequestError: Could not proxy command to remote server. Original error: Error: socket hang up
[Appium] Received SIGTERM - shutting down
