[Appium] Welcome to Appium v1.8.1
[Appium] Non-default server args:
[Appium]   port: 53243
[Appium]   loglevel: info
[Appium]   chromeDriverPort: 53244
[Appium]   tmpDir: /var/folders/9b/47rf2vv11fj1yk4gcyvmgn980000gn/T//Katalon/Appium/Temp1567313136214
[Appium] Appium REST http interface listener started on 0.0.0.0:53243
[HTTP] --> GET /wd/hub/status
[HTTP] {}
[HTTP] <-- GET /wd/hub/status 200 21 ms - 83
[HTTP] 
[HTTP] --> POST /wd/hub/session
[HTTP] {"desiredCapabilities":{"app":"/Users/macbookair/git/qa-mobil-hci/APK/base.apk","autoGrantPermissions":true,"automationName":"uiautomator2","deviceName":"asus ASUS_X01BDA (Android 9)","fullReset":false,"newCommandTimeout":1800,"noReset":true,"platform":"ANDROID","platformName":"Android","udid":"JCAXGF0223308CH"},"capabilities":{"desiredCapabilities":{"app":"/Users/macbookair/git/qa-mobil-hci/APK/base.apk","autoGrantPermissions":true,"automationName":"uiautomator2","deviceName":"asus ASUS_X01BDA (Android 9)","fullReset":false,"newCommandTimeout":1800,"noReset":true,"platform":"ANDROID","platformName":"Android","udid":"JCAXGF0223308CH"},"firstMatch":[{"platformName":"android"}]}}
[Appium] Could not parse W3C capabilities: 'deviceName' can't be blank. Falling back to JSONWP protocol.
[Appium] The following capabilities were provided in the JSONWP desired capabilities that are missing in W3C capabilities: ["app","autoGrantPermissions","automationName","deviceName","fullReset","newCommandTimeout","noReset","platform","platformName","udid"]. Falling back to JSONWP protocol.
[Appium] Creating new AndroidUiautomator2Driver (v1.12.0) session
[Appium] Capabilities:
[Appium]   app: /Users/macbookair/git/qa-mobil-hci/APK/base.apk
[Appium]   autoGrantPermissions: true
[Appium]   automationName: uiautomator2
[Appium]   deviceName: asus ASUS_X01BDA (Android 9)
[Appium]   fullReset: false
[Appium]   newCommandTimeout: 1800
[Appium]   noReset: true
[Appium]   platform: ANDROID
[Appium]   platformName: Android
[Appium]   udid: JCAXGF0223308CH
[BaseDriver] The following capabilities were provided, but are not recognized by appium: platform.
[BaseDriver] Session created with session id: 46a3ec4e-367c-4037-ba30-4ca53b83711a
[BaseDriver] Using local app '/Users/macbookair/git/qa-mobil-hci/APK/base.apk'
[AndroidDriver] Java version is: 1.8.0_181
[ADB] Checking whether adb is present
[ADB] Found 1 'build-tools' folders under '/Users/macbookair/.katalon/tools/android_sdk' (newest first):
[ADB]     /Users/macbookair/.katalon/tools/android_sdk/build-tools/29.0.2
[ADB] Using adb from /Users/macbookair/.katalon/tools/android_sdk/platform-tools/adb
[AndroidDriver] Retrieving device list
[AndroidDriver] Using device: JCAXGF0223308CH
[ADB] Using the alternative activity name detection method because of: Could not find apkanalyzer in /Users/macbookair/.katalon/tools/android_sdk/platform-tools/apkanalyzer,/Users/macbookair/.katalon/tools/android_sdk/emulator/apkanalyzer,/Users/macbookair/.katalon/tools/android_sdk/tools/apkanalyzer,/Users/macbookair/.katalon/tools/android_sdk/tools/bin/apkanalyzer,/Users/macbookair/.katalon/tools/android_sdk/build-tools/29.0.2/apkanalyzer. Do you have the Android SDK installed at '/Users/macbookair/.katalon/tools/android_sdk'?
[ADB] Checking whether aapt is present
[ADB] Using aapt from /Users/macbookair/.katalon/tools/android_sdk/build-tools/29.0.2/aapt
[ADB] Extracting package and launch activity from manifest
[ADB] Package name: 'id.co.myhomecredit'
[ADB] Main activity name: 'id.co.homecredit.v2.launcherpage.SplashScreenActivity'
[ADB] Getting device platform version
[ADB] Using apksigner from /Users/macbookair/.katalon/tools/android_sdk/build-tools/29.0.2/apksigner
[ADB] Cannot read version codes of '/usr/local/lib/node_modules/appium/node_modules/appium-uiautomator2-server/apks/appium-uiautomator2-server-debug-androidTest.apk' and/or 'io.appium.uiautomator2.server.test'
[ADB] Cannot read version names of '/usr/local/lib/node_modules/appium/node_modules/appium-uiautomator2-server/apks/appium-uiautomator2-server-debug-androidTest.apk' and/or 'io.appium.uiautomator2.server.test'. Assuming correct app version is already installed
[AndroidDriver] setDeviceLanguageCountry requires language or country.
[AndroidDriver] Got language: 'null' and country: 'null'
[ADB] Successfully extracted 1802 strings from '/Users/macbookair/git/qa-mobil-hci/APK/base.apk' resources for '(default)' configuration
[UiAutomator2] Starting uiautomator2 server 1.12.0
[UiAutomator2] Using UIAutomator2 server from '/usr/local/lib/node_modules/appium/node_modules/appium-uiautomator2-server/apks/appium-uiautomator2-server-v1.12.0.apk' and test from '/usr/local/lib/node_modules/appium/node_modules/appium-uiautomator2-server/apks/appium-uiautomator2-server-debug-androidTest.apk'
[UiAutomator2] Running command: 'adb -s JCAXGF0223308CH shell am instrument -w io.appium.uiautomator2.server.test/android.support.test.runner.AndroidJUnitRunner'
[UiAutomator2] Waiting up to 20000ms for UiAutomator2 to be online...
[AndroidDriver] Screen already unlocked, doing nothing
[UiAutomator2] UiAutomator2 did not start the activity we were waiting for, 'id.co.myhomecredit/id.co.homecredit.v2.launcherpage.SplashScreenActivity'. Starting it ourselves
[Appium] New AndroidUiautomator2Driver session created successfully, session 46a3ec4e-367c-4037-ba30-4ca53b83711a added to master session list
[HTTP] <-- POST /wd/hub/session 200 13225 ms - 1141
[HTTP] 
[HTTP] --> GET /wd/hub/status
[HTTP] {}
[HTTP] <-- GET /wd/hub/status 200 28 ms - 55
[HTTP] 
[HTTP] --> POST /wd/hub/session/46a3ec4e-367c-4037-ba30-4ca53b83711a/timeouts
[HTTP] {"type":"implicit","ms":30000}
[HTTP] <-- POST /wd/hub/session/46a3ec4e-367c-4037-ba30-4ca53b83711a/timeouts 400 21 ms - 4181
[HTTP] 
[HTTP] --> GET /wd/hub/session/46a3ec4e-367c-4037-ba30-4ca53b83711a/context
[HTTP] {}
[HTTP] <-- GET /wd/hub/session/46a3ec4e-367c-4037-ba30-4ca53b83711a/context 200 51 ms - 84
[HTTP] 
[HTTP] --> GET /wd/hub/session/46a3ec4e-367c-4037-ba30-4ca53b83711a/contexts
[HTTP] {}
[HTTP] <-- GET /wd/hub/session/46a3ec4e-367c-4037-ba30-4ca53b83711a/contexts 200 66 ms - 86
[HTTP] 
[HTTP] --> POST /wd/hub/session/46a3ec4e-367c-4037-ba30-4ca53b83711a/context
[HTTP] {"name":"NATIVE_APP"}
[HTTP] <-- POST /wd/hub/session/46a3ec4e-367c-4037-ba30-4ca53b83711a/context 200 67 ms - 76
[HTTP] 
[HTTP] --> GET /wd/hub/session/46a3ec4e-367c-4037-ba30-4ca53b83711a/window/current/size
[HTTP] {}
[W3C] Driver proxy active, passing request on via HTTP proxy
[JSONWP Proxy] Replacing sessionId e9dff82a-62fe-4f8b-90c5-95df45b01187 with 46a3ec4e-367c-4037-ba30-4ca53b83711a
[HTTP] <-- GET /wd/hub/session/46a3ec4e-367c-4037-ba30-4ca53b83711a/window/current/size 200 51 ms - 100
[HTTP] 
[HTTP] --> POST /wd/hub/session/46a3ec4e-367c-4037-ba30-4ca53b83711a/context
[HTTP] {"name":"NATIVE_APP"}
[HTTP] <-- POST /wd/hub/session/46a3ec4e-367c-4037-ba30-4ca53b83711a/context 200 60 ms - 76
[HTTP] 
[HTTP] --> GET /wd/hub/session/46a3ec4e-367c-4037-ba30-4ca53b83711a/context
[HTTP] {}
[HTTP] <-- GET /wd/hub/session/46a3ec4e-367c-4037-ba30-4ca53b83711a/context 200 4 ms - 84
[HTTP] 
[HTTP] --> GET /wd/hub/session/46a3ec4e-367c-4037-ba30-4ca53b83711a/contexts
[HTTP] {}
[HTTP] <-- GET /wd/hub/session/46a3ec4e-367c-4037-ba30-4ca53b83711a/contexts 200 63 ms - 86
[HTTP] 
[HTTP] --> POST /wd/hub/session/46a3ec4e-367c-4037-ba30-4ca53b83711a/context
[HTTP] {"name":"NATIVE_APP"}
[HTTP] <-- POST /wd/hub/session/46a3ec4e-367c-4037-ba30-4ca53b83711a/context 200 57 ms - 76
[HTTP] 
[HTTP] --> GET /wd/hub/session/46a3ec4e-367c-4037-ba30-4ca53b83711a/window/current/size
[HTTP] {}
[W3C] Driver proxy active, passing request on via HTTP proxy
[JSONWP Proxy] Replacing sessionId e9dff82a-62fe-4f8b-90c5-95df45b01187 with 46a3ec4e-367c-4037-ba30-4ca53b83711a
[HTTP] <-- GET /wd/hub/session/46a3ec4e-367c-4037-ba30-4ca53b83711a/window/current/size 200 54 ms - 100
[HTTP] 
[HTTP] --> POST /wd/hub/session/46a3ec4e-367c-4037-ba30-4ca53b83711a/context
[HTTP] {"name":"NATIVE_APP"}
[HTTP] <-- POST /wd/hub/session/46a3ec4e-367c-4037-ba30-4ca53b83711a/context 200 57 ms - 76
[HTTP] 
[HTTP] --> GET /wd/hub/session/46a3ec4e-367c-4037-ba30-4ca53b83711a/context
[HTTP] {}
[HTTP] <-- GET /wd/hub/session/46a3ec4e-367c-4037-ba30-4ca53b83711a/context 200 3 ms - 84
[HTTP] 
[HTTP] --> GET /wd/hub/session/46a3ec4e-367c-4037-ba30-4ca53b83711a/contexts
[HTTP] {}
[HTTP] <-- GET /wd/hub/session/46a3ec4e-367c-4037-ba30-4ca53b83711a/contexts 200 57 ms - 86
[HTTP] 
[HTTP] --> POST /wd/hub/session/46a3ec4e-367c-4037-ba30-4ca53b83711a/context
[HTTP] {"name":"NATIVE_APP"}
[HTTP] <-- POST /wd/hub/session/46a3ec4e-367c-4037-ba30-4ca53b83711a/context 200 54 ms - 76
[HTTP] 
[HTTP] --> POST /wd/hub/session/46a3ec4e-367c-4037-ba30-4ca53b83711a/touch/perform
[HTTP] {"actions":[{"action":"press","options":{"x":756,"y":1034}},{"action":"wait","options":{"ms":500}},{"action":"moveTo","options":{"x":324,"y":1034}},{"action":"release","options":{}}]}
[HTTP] <-- POST /wd/hub/session/46a3ec4e-367c-4037-ba30-4ca53b83711a/touch/perform 200 1102 ms - 76
[HTTP] 
[HTTP] --> POST /wd/hub/session/46a3ec4e-367c-4037-ba30-4ca53b83711a/context
[HTTP] {"name":"NATIVE_APP"}
[HTTP] <-- POST /wd/hub/session/46a3ec4e-367c-4037-ba30-4ca53b83711a/context 200 54 ms - 76
[HTTP] 
[HTTP] --> GET /wd/hub/session/46a3ec4e-367c-4037-ba30-4ca53b83711a/context
[HTTP] {}
[HTTP] <-- GET /wd/hub/session/46a3ec4e-367c-4037-ba30-4ca53b83711a/context 200 4 ms - 84
[HTTP] 
[HTTP] --> GET /wd/hub/session/46a3ec4e-367c-4037-ba30-4ca53b83711a/contexts
[HTTP] {}
[HTTP] <-- GET /wd/hub/session/46a3ec4e-367c-4037-ba30-4ca53b83711a/contexts 200 68 ms - 86
[HTTP] 
[HTTP] --> POST /wd/hub/session/46a3ec4e-367c-4037-ba30-4ca53b83711a/context
[HTTP] {"name":"NATIVE_APP"}
[HTTP] <-- POST /wd/hub/session/46a3ec4e-367c-4037-ba30-4ca53b83711a/context 200 60 ms - 76
[HTTP] 
[HTTP] --> POST /wd/hub/session/46a3ec4e-367c-4037-ba30-4ca53b83711a/touch/perform
[HTTP] {"actions":[{"action":"press","options":{"x":756,"y":1034}},{"action":"wait","options":{"ms":500}},{"action":"moveTo","options":{"x":324,"y":1034}},{"action":"release","options":{}}]}
[HTTP] <-- POST /wd/hub/session/46a3ec4e-367c-4037-ba30-4ca53b83711a/touch/perform 200 1082 ms - 76
[HTTP] 
[HTTP] --> POST /wd/hub/session/46a3ec4e-367c-4037-ba30-4ca53b83711a/context
[HTTP] {"name":"NATIVE_APP"}
[HTTP] <-- POST /wd/hub/session/46a3ec4e-367c-4037-ba30-4ca53b83711a/context 200 62 ms - 76
[HTTP] 
[HTTP] --> GET /wd/hub/session/46a3ec4e-367c-4037-ba30-4ca53b83711a/context
[HTTP] {}
[HTTP] <-- GET /wd/hub/session/46a3ec4e-367c-4037-ba30-4ca53b83711a/context 200 4 ms - 84
[HTTP] 
[HTTP] --> GET /wd/hub/session/46a3ec4e-367c-4037-ba30-4ca53b83711a/contexts
[HTTP] {}
[HTTP] <-- GET /wd/hub/session/46a3ec4e-367c-4037-ba30-4ca53b83711a/contexts 200 63 ms - 86
[HTTP] 
[HTTP] --> POST /wd/hub/session/46a3ec4e-367c-4037-ba30-4ca53b83711a/context
[HTTP] {"name":"NATIVE_APP"}
[HTTP] <-- POST /wd/hub/session/46a3ec4e-367c-4037-ba30-4ca53b83711a/context 200 55 ms - 76
[HTTP] 
[HTTP] --> POST /wd/hub/session/46a3ec4e-367c-4037-ba30-4ca53b83711a/touch/perform
[HTTP] {"actions":[{"action":"press","options":{"x":756,"y":1034}},{"action":"wait","options":{"ms":500}},{"action":"moveTo","options":{"x":324,"y":1034}},{"action":"release","options":{}}]}
[HTTP] <-- POST /wd/hub/session/46a3ec4e-367c-4037-ba30-4ca53b83711a/touch/perform 200 1039 ms - 76
[HTTP] 
[HTTP] --> POST /wd/hub/session/46a3ec4e-367c-4037-ba30-4ca53b83711a/context
[HTTP] {"name":"NATIVE_APP"}
[HTTP] <-- POST /wd/hub/session/46a3ec4e-367c-4037-ba30-4ca53b83711a/context 200 115 ms - 76
[HTTP] 
[HTTP] --> GET /wd/hub/session/46a3ec4e-367c-4037-ba30-4ca53b83711a/window/current/size
[HTTP] {}
[W3C] Driver proxy active, passing request on via HTTP proxy
[JSONWP Proxy] Replacing sessionId e9dff82a-62fe-4f8b-90c5-95df45b01187 with 46a3ec4e-367c-4037-ba30-4ca53b83711a
[HTTP] <-- GET /wd/hub/session/46a3ec4e-367c-4037-ba30-4ca53b83711a/window/current/size 200 62 ms - 100
[HTTP] 
[HTTP] --> POST /wd/hub/session/46a3ec4e-367c-4037-ba30-4ca53b83711a/elements
[HTTP] {"using":"-android uiautomator","value":"new UiSelector().className(\"android.widget.TextView\").text(\"DAFTAR\").resourceId(\"id.co.myhomecredit:id/button_register\").instance(2)"}
[HTTP] <-- POST /wd/hub/session/46a3ec4e-367c-4037-ba30-4ca53b83711a/elements 200 850 ms - 124
[HTTP] 
[HTTP] --> GET /wd/hub/session/46a3ec4e-367c-4037-ba30-4ca53b83711a
[HTTP] {}
[HTTP] <-- GET /wd/hub/session/46a3ec4e-367c-4037-ba30-4ca53b83711a 200 37 ms - 1258
[HTTP] 
[HTTP] --> GET /wd/hub/session/46a3ec4e-367c-4037-ba30-4ca53b83711a
[HTTP] {}
[HTTP] <-- GET /wd/hub/session/46a3ec4e-367c-4037-ba30-4ca53b83711a 200 49 ms - 1258
[HTTP] 
[HTTP] --> GET /wd/hub/session/46a3ec4e-367c-4037-ba30-4ca53b83711a
[HTTP] {}
[HTTP] <-- GET /wd/hub/session/46a3ec4e-367c-4037-ba30-4ca53b83711a 200 39 ms - 1258
[HTTP] 
[HTTP] --> GET /wd/hub/session/46a3ec4e-367c-4037-ba30-4ca53b83711a
[HTTP] {}
[HTTP] <-- GET /wd/hub/session/46a3ec4e-367c-4037-ba30-4ca53b83711a 200 39 ms - 1258
[HTTP] 
[HTTP] --> GET /wd/hub/session/46a3ec4e-367c-4037-ba30-4ca53b83711a/element/885b5288-14cd-43f7-9884-b63b0b2fb717/location
[HTTP] {}
[W3C] Driver proxy active, passing request on via HTTP proxy
[JSONWP Proxy] Replacing sessionId e9dff82a-62fe-4f8b-90c5-95df45b01187 with 46a3ec4e-367c-4037-ba30-4ca53b83711a
[HTTP] <-- GET /wd/hub/session/46a3ec4e-367c-4037-ba30-4ca53b83711a/element/885b5288-14cd-43f7-9884-b63b0b2fb717/location 200 72 ms - 90
[HTTP] 
[HTTP] --> POST /wd/hub/session/46a3ec4e-367c-4037-ba30-4ca53b83711a/touch/perform
[HTTP] {"actions":[{"action":"tap","options":{"element":"885b5288-14cd-43f7-9884-b63b0b2fb717","x":1,"y":1}}]}
[UiAutomator2] calling get location: 885b5288-14cd-43f7-9884-b63b0b2fb717
[HTTP] <-- POST /wd/hub/session/46a3ec4e-367c-4037-ba30-4ca53b83711a/touch/perform 200 1003 ms - 76
[HTTP] 
[HTTP] --> GET /wd/hub/session/46a3ec4e-367c-4037-ba30-4ca53b83711a/window/current/size
[HTTP] {}
[W3C] Driver proxy active, passing request on via HTTP proxy
[JSONWP Proxy] Replacing sessionId e9dff82a-62fe-4f8b-90c5-95df45b01187 with 46a3ec4e-367c-4037-ba30-4ca53b83711a
[HTTP] <-- GET /wd/hub/session/46a3ec4e-367c-4037-ba30-4ca53b83711a/window/current/size 200 46 ms - 100
[HTTP] 
[HTTP] --> POST /wd/hub/session/46a3ec4e-367c-4037-ba30-4ca53b83711a/elements
[HTTP] {"using":"-android uiautomator","value":"new UiSelector().className(\"android.widget.TextView\").text(\"Tanggal Lahir\").resourceId(\"id.co.myhomecredit:id/input_dob\").instance(1)"}
[HTTP] <-- POST /wd/hub/session/46a3ec4e-367c-4037-ba30-4ca53b83711a/elements 200 104 ms - 124
[HTTP] 
[HTTP] --> GET /wd/hub/session/46a3ec4e-367c-4037-ba30-4ca53b83711a
[HTTP] {}
[HTTP] <-- GET /wd/hub/session/46a3ec4e-367c-4037-ba30-4ca53b83711a 200 45 ms - 1258
[HTTP] 
[HTTP] --> GET /wd/hub/session/46a3ec4e-367c-4037-ba30-4ca53b83711a
[HTTP] {}
[HTTP] <-- GET /wd/hub/session/46a3ec4e-367c-4037-ba30-4ca53b83711a 200 48 ms - 1258
[HTTP] 
[HTTP] --> GET /wd/hub/session/46a3ec4e-367c-4037-ba30-4ca53b83711a
[HTTP] {}
[HTTP] <-- GET /wd/hub/session/46a3ec4e-367c-4037-ba30-4ca53b83711a 200 38 ms - 1258
[HTTP] 
[HTTP] --> GET /wd/hub/session/46a3ec4e-367c-4037-ba30-4ca53b83711a
[HTTP] {}
[HTTP] <-- GET /wd/hub/session/46a3ec4e-367c-4037-ba30-4ca53b83711a 200 30 ms - 1258
[HTTP] 
[HTTP] --> GET /wd/hub/session/46a3ec4e-367c-4037-ba30-4ca53b83711a/element/3660b774-8c73-4043-ab22-c412b1172f31/location
[HTTP] {}
[W3C] Driver proxy active, passing request on via HTTP proxy
[JSONWP Proxy] Replacing sessionId e9dff82a-62fe-4f8b-90c5-95df45b01187 with 46a3ec4e-367c-4037-ba30-4ca53b83711a
[HTTP] <-- GET /wd/hub/session/46a3ec4e-367c-4037-ba30-4ca53b83711a/element/3660b774-8c73-4043-ab22-c412b1172f31/location 200 53 ms - 88
[HTTP] 
[HTTP] --> POST /wd/hub/session/46a3ec4e-367c-4037-ba30-4ca53b83711a/touch/perform
[HTTP] {"actions":[{"action":"tap","options":{"element":"3660b774-8c73-4043-ab22-c412b1172f31","x":1,"y":1}}]}
[UiAutomator2] calling get location: 3660b774-8c73-4043-ab22-c412b1172f31
[HTTP] <-- POST /wd/hub/session/46a3ec4e-367c-4037-ba30-4ca53b83711a/touch/perform 200 904 ms - 76
[HTTP] 
[HTTP] --> GET /wd/hub/session/46a3ec4e-367c-4037-ba30-4ca53b83711a/window/current/size
[HTTP] {}
[W3C] Driver proxy active, passing request on via HTTP proxy
[JSONWP Proxy] Replacing sessionId e9dff82a-62fe-4f8b-90c5-95df45b01187 with 46a3ec4e-367c-4037-ba30-4ca53b83711a
[HTTP] <-- GET /wd/hub/session/46a3ec4e-367c-4037-ba30-4ca53b83711a/window/current/size 200 54 ms - 100
[HTTP] 
[HTTP] --> POST /wd/hub/session/46a3ec4e-367c-4037-ba30-4ca53b83711a/elements
[HTTP] {"using":"-android uiautomator","value":"new UiSelector().className(\"android.widget.Button\").text(\"OK\").resourceId(\"android:id/button1\").instance(7)"}
[HTTP] <-- POST /wd/hub/session/46a3ec4e-367c-4037-ba30-4ca53b83711a/elements 200 112 ms - 124
[HTTP] 
[HTTP] --> GET /wd/hub/session/46a3ec4e-367c-4037-ba30-4ca53b83711a
[HTTP] {}
[HTTP] <-- GET /wd/hub/session/46a3ec4e-367c-4037-ba30-4ca53b83711a 200 33 ms - 1258
[HTTP] 
[HTTP] --> GET /wd/hub/session/46a3ec4e-367c-4037-ba30-4ca53b83711a
[HTTP] {}
[HTTP] <-- GET /wd/hub/session/46a3ec4e-367c-4037-ba30-4ca53b83711a 200 32 ms - 1258
[HTTP] 
[HTTP] --> GET /wd/hub/session/46a3ec4e-367c-4037-ba30-4ca53b83711a
[HTTP] {}
[HTTP] <-- GET /wd/hub/session/46a3ec4e-367c-4037-ba30-4ca53b83711a 200 34 ms - 1258
[HTTP] 
[HTTP] --> GET /wd/hub/session/46a3ec4e-367c-4037-ba30-4ca53b83711a
[HTTP] {}
[HTTP] <-- GET /wd/hub/session/46a3ec4e-367c-4037-ba30-4ca53b83711a 200 40 ms - 1258
[HTTP] 
[HTTP] --> GET /wd/hub/session/46a3ec4e-367c-4037-ba30-4ca53b83711a/element/35f517a7-2346-4ba1-b1de-62083384ab21/location
[HTTP] {}
[W3C] Driver proxy active, passing request on via HTTP proxy
[JSONWP Proxy] Replacing sessionId e9dff82a-62fe-4f8b-90c5-95df45b01187 with 46a3ec4e-367c-4037-ba30-4ca53b83711a
[HTTP] <-- GET /wd/hub/session/46a3ec4e-367c-4037-ba30-4ca53b83711a/element/35f517a7-2346-4ba1-b1de-62083384ab21/location 200 70 ms - 90
[HTTP] 
[HTTP] --> POST /wd/hub/session/46a3ec4e-367c-4037-ba30-4ca53b83711a/touch/perform
[HTTP] {"actions":[{"action":"tap","options":{"element":"35f517a7-2346-4ba1-b1de-62083384ab21","x":1,"y":1}}]}
[UiAutomator2] calling get location: 35f517a7-2346-4ba1-b1de-62083384ab21
[HTTP] <-- POST /wd/hub/session/46a3ec4e-367c-4037-ba30-4ca53b83711a/touch/perform 200 3118 ms - 76
[HTTP] 
[HTTP] --> GET /wd/hub/session/46a3ec4e-367c-4037-ba30-4ca53b83711a/window/current/size
[HTTP] {}
[W3C] Driver proxy active, passing request on via HTTP proxy
[JSONWP Proxy] Replacing sessionId e9dff82a-62fe-4f8b-90c5-95df45b01187 with 46a3ec4e-367c-4037-ba30-4ca53b83711a
[HTTP] <-- GET /wd/hub/session/46a3ec4e-367c-4037-ba30-4ca53b83711a/window/current/size 200 36 ms - 100
[HTTP] 
[HTTP] --> POST /wd/hub/session/46a3ec4e-367c-4037-ba30-4ca53b83711a/elements
[HTTP] {"using":"-android uiautomator","value":"new UiSelector().className(\"android.widget.EditText\").text(\"Masukkan No. Handphone Anda\").resourceId(\"id.co.myhomecredit:id/input_phone_no\").instance(0)"}
[HTTP] <-- POST /wd/hub/session/46a3ec4e-367c-4037-ba30-4ca53b83711a/elements 200 90 ms - 124
[HTTP] 
[HTTP] --> GET /wd/hub/session/46a3ec4e-367c-4037-ba30-4ca53b83711a
[HTTP] {}
[HTTP] <-- GET /wd/hub/session/46a3ec4e-367c-4037-ba30-4ca53b83711a 200 34 ms - 1258
[HTTP] 
[HTTP] --> GET /wd/hub/session/46a3ec4e-367c-4037-ba30-4ca53b83711a
[HTTP] {}
[HTTP] <-- GET /wd/hub/session/46a3ec4e-367c-4037-ba30-4ca53b83711a 200 32 ms - 1258
[HTTP] 
[HTTP] --> GET /wd/hub/session/46a3ec4e-367c-4037-ba30-4ca53b83711a
[HTTP] {}
[HTTP] <-- GET /wd/hub/session/46a3ec4e-367c-4037-ba30-4ca53b83711a 200 31 ms - 1258
[HTTP] 
[HTTP] --> GET /wd/hub/session/46a3ec4e-367c-4037-ba30-4ca53b83711a
[HTTP] {}
[HTTP] <-- GET /wd/hub/session/46a3ec4e-367c-4037-ba30-4ca53b83711a 200 26 ms - 1258
[HTTP] 
[HTTP] --> GET /wd/hub/session/46a3ec4e-367c-4037-ba30-4ca53b83711a/element/dc9b7fd5-699a-46a2-960f-3c35b702bb62/location
[HTTP] {}
[W3C] Driver proxy active, passing request on via HTTP proxy
[JSONWP Proxy] Replacing sessionId e9dff82a-62fe-4f8b-90c5-95df45b01187 with 46a3ec4e-367c-4037-ba30-4ca53b83711a
[HTTP] <-- GET /wd/hub/session/46a3ec4e-367c-4037-ba30-4ca53b83711a/element/dc9b7fd5-699a-46a2-960f-3c35b702bb62/location 200 45 ms - 90
[HTTP] 
[HTTP] --> POST /wd/hub/session/46a3ec4e-367c-4037-ba30-4ca53b83711a/element/dc9b7fd5-699a-46a2-960f-3c35b702bb62/clear
[HTTP] {"id":"dc9b7fd5-699a-46a2-960f-3c35b702bb62"}
[HTTP] <-- POST /wd/hub/session/46a3ec4e-367c-4037-ba30-4ca53b83711a/element/dc9b7fd5-699a-46a2-960f-3c35b702bb62/clear 200 49 ms - 89
[HTTP] 
[HTTP] --> POST /wd/hub/session/46a3ec4e-367c-4037-ba30-4ca53b83711a/element/dc9b7fd5-699a-46a2-960f-3c35b702bb62/value
[HTTP] {"id":"dc9b7fd5-699a-46a2-960f-3c35b702bb62","value":["8157121233"]}
[HTTP] <-- POST /wd/hub/session/46a3ec4e-367c-4037-ba30-4ca53b83711a/element/dc9b7fd5-699a-46a2-960f-3c35b702bb62/value 200 1225 ms - 74
[HTTP] 
[HTTP] --> GET /wd/hub/session/46a3ec4e-367c-4037-ba30-4ca53b83711a/window/current/size
[HTTP] {}
[W3C] Driver proxy active, passing request on via HTTP proxy
[JSONWP Proxy] Replacing sessionId e9dff82a-62fe-4f8b-90c5-95df45b01187 with 46a3ec4e-367c-4037-ba30-4ca53b83711a
[HTTP] <-- GET /wd/hub/session/46a3ec4e-367c-4037-ba30-4ca53b83711a/window/current/size 200 37 ms - 100
[HTTP] 
[HTTP] --> POST /wd/hub/session/46a3ec4e-367c-4037-ba30-4ca53b83711a/elements
[HTTP] {"using":"-android uiautomator","value":"new UiSelector().className(\"android.widget.EditText\").text(\"Tentukan Kode PIN (4 Digit)\").resourceId(\"id.co.myhomecredit:id/setup_pin\").instance(1)"}
[HTTP] <-- POST /wd/hub/session/46a3ec4e-367c-4037-ba30-4ca53b83711a/elements 200 464 ms - 124
[HTTP] 
[HTTP] --> GET /wd/hub/session/46a3ec4e-367c-4037-ba30-4ca53b83711a
[HTTP] {}
[HTTP] <-- GET /wd/hub/session/46a3ec4e-367c-4037-ba30-4ca53b83711a 200 28 ms - 1258
[HTTP] 
[HTTP] --> GET /wd/hub/session/46a3ec4e-367c-4037-ba30-4ca53b83711a
[HTTP] {}
[HTTP] <-- GET /wd/hub/session/46a3ec4e-367c-4037-ba30-4ca53b83711a 200 31 ms - 1258
[HTTP] 
[HTTP] --> GET /wd/hub/session/46a3ec4e-367c-4037-ba30-4ca53b83711a
[HTTP] {}
[HTTP] <-- GET /wd/hub/session/46a3ec4e-367c-4037-ba30-4ca53b83711a 200 34 ms - 1258
[HTTP] 
[HTTP] --> GET /wd/hub/session/46a3ec4e-367c-4037-ba30-4ca53b83711a
[HTTP] {}
[HTTP] <-- GET /wd/hub/session/46a3ec4e-367c-4037-ba30-4ca53b83711a 200 43 ms - 1258
[HTTP] 
[HTTP] --> GET /wd/hub/session/46a3ec4e-367c-4037-ba30-4ca53b83711a/element/2cb97f17-da43-4566-bb20-5412a89c8ab7/location
[HTTP] {}
[W3C] Driver proxy active, passing request on via HTTP proxy
[JSONWP Proxy] Replacing sessionId e9dff82a-62fe-4f8b-90c5-95df45b01187 with 46a3ec4e-367c-4037-ba30-4ca53b83711a
[HTTP] <-- GET /wd/hub/session/46a3ec4e-367c-4037-ba30-4ca53b83711a/element/2cb97f17-da43-4566-bb20-5412a89c8ab7/location 200 50 ms - 89
[HTTP] 
[HTTP] --> POST /wd/hub/session/46a3ec4e-367c-4037-ba30-4ca53b83711a/element/2cb97f17-da43-4566-bb20-5412a89c8ab7/clear
[HTTP] {"id":"2cb97f17-da43-4566-bb20-5412a89c8ab7"}
[HTTP] <-- POST /wd/hub/session/46a3ec4e-367c-4037-ba30-4ca53b83711a/element/2cb97f17-da43-4566-bb20-5412a89c8ab7/clear 200 43 ms - 89
[HTTP] 
[HTTP] --> POST /wd/hub/session/46a3ec4e-367c-4037-ba30-4ca53b83711a/element/2cb97f17-da43-4566-bb20-5412a89c8ab7/value
[HTTP] {"id":"2cb97f17-da43-4566-bb20-5412a89c8ab7","value":["1212"]}
[HTTP] <-- POST /wd/hub/session/46a3ec4e-367c-4037-ba30-4ca53b83711a/element/2cb97f17-da43-4566-bb20-5412a89c8ab7/value 200 1146 ms - 74
[HTTP] 
[HTTP] --> GET /wd/hub/session/46a3ec4e-367c-4037-ba30-4ca53b83711a/window/current/size
[HTTP] {}
[W3C] Driver proxy active, passing request on via HTTP proxy
[JSONWP Proxy] Replacing sessionId e9dff82a-62fe-4f8b-90c5-95df45b01187 with 46a3ec4e-367c-4037-ba30-4ca53b83711a
[HTTP] <-- GET /wd/hub/session/46a3ec4e-367c-4037-ba30-4ca53b83711a/window/current/size 200 33 ms - 100
[HTTP] 
[HTTP] --> POST /wd/hub/session/46a3ec4e-367c-4037-ba30-4ca53b83711a/elements
[HTTP] {"using":"-android uiautomator","value":"new UiSelector().className(\"android.widget.EditText\").text(\"Konfirmasi Kode PIN\").resourceId(\"id.co.myhomecredit:id/confirm_pin\").instance(2)"}
[HTTP] <-- POST /wd/hub/session/46a3ec4e-367c-4037-ba30-4ca53b83711a/elements 200 477 ms - 124
[HTTP] 
[HTTP] --> GET /wd/hub/session/46a3ec4e-367c-4037-ba30-4ca53b83711a
[HTTP] {}
[HTTP] <-- GET /wd/hub/session/46a3ec4e-367c-4037-ba30-4ca53b83711a 200 27 ms - 1258
[HTTP] 
[HTTP] --> GET /wd/hub/session/46a3ec4e-367c-4037-ba30-4ca53b83711a
[HTTP] {}
[HTTP] <-- GET /wd/hub/session/46a3ec4e-367c-4037-ba30-4ca53b83711a 200 25 ms - 1258
[HTTP] 
[HTTP] --> GET /wd/hub/session/46a3ec4e-367c-4037-ba30-4ca53b83711a
[HTTP] {}
[HTTP] <-- GET /wd/hub/session/46a3ec4e-367c-4037-ba30-4ca53b83711a 200 30 ms - 1258
[HTTP] 
[HTTP] --> GET /wd/hub/session/46a3ec4e-367c-4037-ba30-4ca53b83711a
[HTTP] {}
[HTTP] <-- GET /wd/hub/session/46a3ec4e-367c-4037-ba30-4ca53b83711a 200 27 ms - 1258
[HTTP] 
[HTTP] --> GET /wd/hub/session/46a3ec4e-367c-4037-ba30-4ca53b83711a/element/f2e1a14d-e726-434c-b8fe-d150593e3a8b/location
[HTTP] {}
[W3C] Driver proxy active, passing request on via HTTP proxy
[JSONWP Proxy] Replacing sessionId e9dff82a-62fe-4f8b-90c5-95df45b01187 with 46a3ec4e-367c-4037-ba30-4ca53b83711a
[HTTP] <-- GET /wd/hub/session/46a3ec4e-367c-4037-ba30-4ca53b83711a/element/f2e1a14d-e726-434c-b8fe-d150593e3a8b/location 200 42 ms - 89
[HTTP] 
[HTTP] --> POST /wd/hub/session/46a3ec4e-367c-4037-ba30-4ca53b83711a/element/f2e1a14d-e726-434c-b8fe-d150593e3a8b/clear
[HTTP] {"id":"f2e1a14d-e726-434c-b8fe-d150593e3a8b"}
[HTTP] <-- POST /wd/hub/session/46a3ec4e-367c-4037-ba30-4ca53b83711a/element/f2e1a14d-e726-434c-b8fe-d150593e3a8b/clear 200 58 ms - 89
[HTTP] 
[HTTP] --> POST /wd/hub/session/46a3ec4e-367c-4037-ba30-4ca53b83711a/element/f2e1a14d-e726-434c-b8fe-d150593e3a8b/value
[HTTP] {"id":"f2e1a14d-e726-434c-b8fe-d150593e3a8b","value":["1212"]}
[HTTP] <-- POST /wd/hub/session/46a3ec4e-367c-4037-ba30-4ca53b83711a/element/f2e1a14d-e726-434c-b8fe-d150593e3a8b/value 200 1113 ms - 74
[HTTP] 
[HTTP] --> GET /wd/hub/session/46a3ec4e-367c-4037-ba30-4ca53b83711a/window/current/size
[HTTP] {}
[W3C] Driver proxy active, passing request on via HTTP proxy
[JSONWP Proxy] Replacing sessionId e9dff82a-62fe-4f8b-90c5-95df45b01187 with 46a3ec4e-367c-4037-ba30-4ca53b83711a
[HTTP] <-- GET /wd/hub/session/46a3ec4e-367c-4037-ba30-4ca53b83711a/window/current/size 200 35 ms - 100
[HTTP] 
[HTTP] --> POST /wd/hub/session/46a3ec4e-367c-4037-ba30-4ca53b83711a/elements
[HTTP] {"using":"-android uiautomator","value":"new UiSelector().className(\"android.widget.Button\").text(\"LANJUTKAN\").resourceId(\"id.co.myhomecredit:id/btn_next\").instance(0)"}
[HTTP] <-- POST /wd/hub/session/46a3ec4e-367c-4037-ba30-4ca53b83711a/elements 200 480 ms - 124
[HTTP] 
[HTTP] --> GET /wd/hub/session/46a3ec4e-367c-4037-ba30-4ca53b83711a
[HTTP] {}
[HTTP] <-- GET /wd/hub/session/46a3ec4e-367c-4037-ba30-4ca53b83711a 200 32 ms - 1258
[HTTP] 
[HTTP] --> GET /wd/hub/session/46a3ec4e-367c-4037-ba30-4ca53b83711a
[HTTP] {}
[HTTP] <-- GET /wd/hub/session/46a3ec4e-367c-4037-ba30-4ca53b83711a 200 36 ms - 1258
[HTTP] 
[HTTP] --> GET /wd/hub/session/46a3ec4e-367c-4037-ba30-4ca53b83711a
[HTTP] {}
[HTTP] <-- GET /wd/hub/session/46a3ec4e-367c-4037-ba30-4ca53b83711a 200 30 ms - 1258
[HTTP] 
[HTTP] --> GET /wd/hub/session/46a3ec4e-367c-4037-ba30-4ca53b83711a
[HTTP] {}
[HTTP] <-- GET /wd/hub/session/46a3ec4e-367c-4037-ba30-4ca53b83711a 200 31 ms - 1258
[HTTP] 
[HTTP] --> GET /wd/hub/session/46a3ec4e-367c-4037-ba30-4ca53b83711a/element/55426702-2344-4b0e-ae78-bf648ac4b9fa/location
[HTTP] {}
[W3C] Driver proxy active, passing request on via HTTP proxy
[JSONWP Proxy] Replacing sessionId e9dff82a-62fe-4f8b-90c5-95df45b01187 with 46a3ec4e-367c-4037-ba30-4ca53b83711a
[HTTP] <-- GET /wd/hub/session/46a3ec4e-367c-4037-ba30-4ca53b83711a/element/55426702-2344-4b0e-ae78-bf648ac4b9fa/location 200 44 ms - 89
[HTTP] 
[HTTP] --> POST /wd/hub/session/46a3ec4e-367c-4037-ba30-4ca53b83711a/touch/perform
[HTTP] {"actions":[{"action":"tap","options":{"element":"55426702-2344-4b0e-ae78-bf648ac4b9fa","x":1,"y":1}}]}
[UiAutomator2] calling get location: 55426702-2344-4b0e-ae78-bf648ac4b9fa
[HTTP] <-- POST /wd/hub/session/46a3ec4e-367c-4037-ba30-4ca53b83711a/touch/perform 200 1709 ms - 76
[HTTP] 
[HTTP] --> GET /wd/hub/session/46a3ec4e-367c-4037-ba30-4ca53b83711a/window/current/size
[HTTP] {}
[W3C] Driver proxy active, passing request on via HTTP proxy
[JSONWP Proxy] Replacing sessionId e9dff82a-62fe-4f8b-90c5-95df45b01187 with 46a3ec4e-367c-4037-ba30-4ca53b83711a
[HTTP] <-- GET /wd/hub/session/46a3ec4e-367c-4037-ba30-4ca53b83711a/window/current/size 200 44 ms - 100
[HTTP] 
[HTTP] --> POST /wd/hub/session/46a3ec4e-367c-4037-ba30-4ca53b83711a/elements
[HTTP] {"using":"-android uiautomator","value":"new UiSelector().className(\"android.widget.TextView\").text(\"Saya Setuju\").resourceId(\"id.co.myhomecredit:id/agree_button\").instance(1)"}
[HTTP] <-- POST /wd/hub/session/46a3ec4e-367c-4037-ba30-4ca53b83711a/elements 200 79 ms - 124
[HTTP] 
[HTTP] --> GET /wd/hub/session/46a3ec4e-367c-4037-ba30-4ca53b83711a
[HTTP] {}
[HTTP] <-- GET /wd/hub/session/46a3ec4e-367c-4037-ba30-4ca53b83711a 200 40 ms - 1258
[HTTP] 
[HTTP] --> GET /wd/hub/session/46a3ec4e-367c-4037-ba30-4ca53b83711a
[HTTP] {}
[HTTP] <-- GET /wd/hub/session/46a3ec4e-367c-4037-ba30-4ca53b83711a 200 34 ms - 1258
[HTTP] 
[HTTP] --> GET /wd/hub/session/46a3ec4e-367c-4037-ba30-4ca53b83711a
[HTTP] {}
[HTTP] <-- GET /wd/hub/session/46a3ec4e-367c-4037-ba30-4ca53b83711a 200 28 ms - 1258
[HTTP] 
[HTTP] --> GET /wd/hub/session/46a3ec4e-367c-4037-ba30-4ca53b83711a
[HTTP] {}
[HTTP] <-- GET /wd/hub/session/46a3ec4e-367c-4037-ba30-4ca53b83711a 200 30 ms - 1258
[HTTP] 
[HTTP] --> GET /wd/hub/session/46a3ec4e-367c-4037-ba30-4ca53b83711a/element/a917503c-3475-49f9-9866-3fd2a4e264ed/location
[HTTP] {}
[W3C] Driver proxy active, passing request on via HTTP proxy
[JSONWP Proxy] Replacing sessionId e9dff82a-62fe-4f8b-90c5-95df45b01187 with 46a3ec4e-367c-4037-ba30-4ca53b83711a
[HTTP] <-- GET /wd/hub/session/46a3ec4e-367c-4037-ba30-4ca53b83711a/element/a917503c-3475-49f9-9866-3fd2a4e264ed/location 200 48 ms - 89
[HTTP] 
[HTTP] --> POST /wd/hub/session/46a3ec4e-367c-4037-ba30-4ca53b83711a/touch/perform
[HTTP] {"actions":[{"action":"tap","options":{"element":"a917503c-3475-49f9-9866-3fd2a4e264ed","x":1,"y":1}}]}
[UiAutomator2] calling get location: a917503c-3475-49f9-9866-3fd2a4e264ed
[HTTP] <-- POST /wd/hub/session/46a3ec4e-367c-4037-ba30-4ca53b83711a/touch/perform 200 868 ms - 76
[HTTP] 
[HTTP] --> GET /wd/hub/session/46a3ec4e-367c-4037-ba30-4ca53b83711a/window/current/size
[HTTP] {}
[W3C] Driver proxy active, passing request on via HTTP proxy
[JSONWP Proxy] Replacing sessionId e9dff82a-62fe-4f8b-90c5-95df45b01187 with 46a3ec4e-367c-4037-ba30-4ca53b83711a
[HTTP] <-- GET /wd/hub/session/46a3ec4e-367c-4037-ba30-4ca53b83711a/window/current/size 200 35 ms - 100
[HTTP] 
[HTTP] --> POST /wd/hub/session/46a3ec4e-367c-4037-ba30-4ca53b83711a/elements
[HTTP] {"using":"-android uiautomator","value":"new UiSelector().className(\"android.widget.EditText\").resourceId(\"id.co.myhomecredit:id/pin_et_input_otp\").instance(0)"}
[HTTP] <-- POST /wd/hub/session/46a3ec4e-367c-4037-ba30-4ca53b83711a/elements 200 82 ms - 74
[HTTP] 
[HTTP] --> POST /wd/hub/session/46a3ec4e-367c-4037-ba30-4ca53b83711a/elements
[HTTP] {"using":"-android uiautomator","value":"new UiSelector().className(\"android.widget.EditText\").resourceId(\"id.co.myhomecredit:id/pin_et_input_otp\").instance(0)"}
[HTTP] <-- POST /wd/hub/session/46a3ec4e-367c-4037-ba30-4ca53b83711a/elements 200 65 ms - 74
[HTTP] 
[HTTP] --> POST /wd/hub/session/46a3ec4e-367c-4037-ba30-4ca53b83711a/elements
[HTTP] {"using":"-android uiautomator","value":"new UiSelector().className(\"android.widget.EditText\").resourceId(\"id.co.myhomecredit:id/pin_et_input_otp\").instance(0)"}
[HTTP] <-- POST /wd/hub/session/46a3ec4e-367c-4037-ba30-4ca53b83711a/elements 200 541 ms - 74
[HTTP] 
[HTTP] --> POST /wd/hub/session/46a3ec4e-367c-4037-ba30-4ca53b83711a/elements
[HTTP] {"using":"-android uiautomator","value":"new UiSelector().className(\"android.widget.EditText\").resourceId(\"id.co.myhomecredit:id/pin_et_input_otp\").instance(0)"}
[HTTP] <-- POST /wd/hub/session/46a3ec4e-367c-4037-ba30-4ca53b83711a/elements 200 63 ms - 74
[HTTP] 
[HTTP] --> POST /wd/hub/session/46a3ec4e-367c-4037-ba30-4ca53b83711a/elements
[HTTP] {"using":"-android uiautomator","value":"new UiSelector().className(\"android.widget.EditText\").resourceId(\"id.co.myhomecredit:id/pin_et_input_otp\").instance(0)"}
[HTTP] <-- POST /wd/hub/session/46a3ec4e-367c-4037-ba30-4ca53b83711a/elements 200 59 ms - 74
[HTTP] 
[HTTP] --> POST /wd/hub/session/46a3ec4e-367c-4037-ba30-4ca53b83711a/elements
[HTTP] {"using":"-android uiautomator","value":"new UiSelector().className(\"android.widget.EditText\").resourceId(\"id.co.myhomecredit:id/pin_et_input_otp\").instance(0)"}
[HTTP] <-- POST /wd/hub/session/46a3ec4e-367c-4037-ba30-4ca53b83711a/elements 200 65 ms - 74
[HTTP] 
[HTTP] --> POST /wd/hub/session/46a3ec4e-367c-4037-ba30-4ca53b83711a/elements
[HTTP] {"using":"-android uiautomator","value":"new UiSelector().className(\"android.widget.EditText\").resourceId(\"id.co.myhomecredit:id/pin_et_input_otp\").instance(0)"}
[HTTP] <-- POST /wd/hub/session/46a3ec4e-367c-4037-ba30-4ca53b83711a/elements 200 76 ms - 74
[HTTP] 
[HTTP] --> POST /wd/hub/session/46a3ec4e-367c-4037-ba30-4ca53b83711a/elements
[HTTP] {"using":"-android uiautomator","value":"new UiSelector().className(\"android.widget.EditText\").resourceId(\"id.co.myhomecredit:id/pin_et_input_otp\").instance(0)"}
[HTTP] <-- POST /wd/hub/session/46a3ec4e-367c-4037-ba30-4ca53b83711a/elements 200 55 ms - 74
[HTTP] 
[HTTP] --> POST /wd/hub/session/46a3ec4e-367c-4037-ba30-4ca53b83711a/elements
[HTTP] {"using":"-android uiautomator","value":"new UiSelector().className(\"android.widget.EditText\").resourceId(\"id.co.myhomecredit:id/pin_et_input_otp\").instance(0)"}
[HTTP] <-- POST /wd/hub/session/46a3ec4e-367c-4037-ba30-4ca53b83711a/elements 200 61 ms - 74
[HTTP] 
[HTTP] --> POST /wd/hub/session/46a3ec4e-367c-4037-ba30-4ca53b83711a/elements
[HTTP] {"using":"-android uiautomator","value":"new UiSelector().className(\"android.widget.EditText\").resourceId(\"id.co.myhomecredit:id/pin_et_input_otp\").instance(0)"}
[HTTP] <-- POST /wd/hub/session/46a3ec4e-367c-4037-ba30-4ca53b83711a/elements 200 554 ms - 74
[HTTP] 
[HTTP] --> POST /wd/hub/session/46a3ec4e-367c-4037-ba30-4ca53b83711a/elements
[HTTP] {"using":"-android uiautomator","value":"new UiSelector().className(\"android.widget.EditText\").resourceId(\"id.co.myhomecredit:id/pin_et_input_otp\").instance(0)"}
[HTTP] <-- POST /wd/hub/session/46a3ec4e-367c-4037-ba30-4ca53b83711a/elements 200 67 ms - 74
[HTTP] 
[HTTP] --> POST /wd/hub/session/46a3ec4e-367c-4037-ba30-4ca53b83711a/elements
[HTTP] {"using":"-android uiautomator","value":"new UiSelector().className(\"android.widget.EditText\").resourceId(\"id.co.myhomecredit:id/pin_et_input_otp\").instance(0)"}
[HTTP] <-- POST /wd/hub/session/46a3ec4e-367c-4037-ba30-4ca53b83711a/elements 200 57 ms - 74
[HTTP] 
[HTTP] --> POST /wd/hub/session/46a3ec4e-367c-4037-ba30-4ca53b83711a/elements
[HTTP] {"using":"-android uiautomator","value":"new UiSelector().className(\"android.widget.EditText\").resourceId(\"id.co.myhomecredit:id/pin_et_input_otp\").instance(0)"}
[HTTP] <-- POST /wd/hub/session/46a3ec4e-367c-4037-ba30-4ca53b83711a/elements 200 51 ms - 74
[HTTP] 
[HTTP] --> POST /wd/hub/session/46a3ec4e-367c-4037-ba30-4ca53b83711a/elements
[HTTP] {"using":"-android uiautomator","value":"new UiSelector().className(\"android.widget.EditText\").resourceId(\"id.co.myhomecredit:id/pin_et_input_otp\").instance(0)"}
[HTTP] <-- POST /wd/hub/session/46a3ec4e-367c-4037-ba30-4ca53b83711a/elements 200 65 ms - 74
[HTTP] 
[HTTP] --> POST /wd/hub/session/46a3ec4e-367c-4037-ba30-4ca53b83711a/elements
[HTTP] {"using":"-android uiautomator","value":"new UiSelector().className(\"android.widget.EditText\").resourceId(\"id.co.myhomecredit:id/pin_et_input_otp\").instance(0)"}
[HTTP] <-- POST /wd/hub/session/46a3ec4e-367c-4037-ba30-4ca53b83711a/elements 200 56 ms - 74
[HTTP] 
[HTTP] --> POST /wd/hub/session/46a3ec4e-367c-4037-ba30-4ca53b83711a/elements
[HTTP] {"using":"-android uiautomator","value":"new UiSelector().className(\"android.widget.EditText\").resourceId(\"id.co.myhomecredit:id/pin_et_input_otp\").instance(0)"}
[HTTP] <-- POST /wd/hub/session/46a3ec4e-367c-4037-ba30-4ca53b83711a/elements 200 70 ms - 74
[HTTP] 
[HTTP] --> POST /wd/hub/session/46a3ec4e-367c-4037-ba30-4ca53b83711a/elements
[HTTP] {"using":"-android uiautomator","value":"new UiSelector().className(\"android.widget.EditText\").resourceId(\"id.co.myhomecredit:id/pin_et_input_otp\").instance(0)"}
[HTTP] <-- POST /wd/hub/session/46a3ec4e-367c-4037-ba30-4ca53b83711a/elements 200 62 ms - 74
[HTTP] 
[HTTP] --> POST /wd/hub/session/46a3ec4e-367c-4037-ba30-4ca53b83711a/elements
[HTTP] {"using":"-android uiautomator","value":"new UiSelector().className(\"android.widget.EditText\").resourceId(\"id.co.myhomecredit:id/pin_et_input_otp\").instance(0)"}
[HTTP] <-- POST /wd/hub/session/46a3ec4e-367c-4037-ba30-4ca53b83711a/elements 200 53 ms - 74
[HTTP] 
[HTTP] --> POST /wd/hub/session/46a3ec4e-367c-4037-ba30-4ca53b83711a/elements
[HTTP] {"using":"-android uiautomator","value":"new UiSelector().className(\"android.widget.EditText\").resourceId(\"id.co.myhomecredit:id/pin_et_input_otp\").instance(0)"}
[HTTP] <-- POST /wd/hub/session/46a3ec4e-367c-4037-ba30-4ca53b83711a/elements 200 61 ms - 74
[HTTP] 
[HTTP] --> POST /wd/hub/session/46a3ec4e-367c-4037-ba30-4ca53b83711a/elements
[HTTP] {"using":"-android uiautomator","value":"new UiSelector().className(\"android.widget.EditText\").resourceId(\"id.co.myhomecredit:id/pin_et_input_otp\").instance(0)"}
[HTTP] <-- POST /wd/hub/session/46a3ec4e-367c-4037-ba30-4ca53b83711a/elements 200 56 ms - 74
[HTTP] 
[HTTP] --> POST /wd/hub/session/46a3ec4e-367c-4037-ba30-4ca53b83711a/elements
[HTTP] {"using":"-android uiautomator","value":"new UiSelector().className(\"android.widget.EditText\").resourceId(\"id.co.myhomecredit:id/pin_et_input_otp\").instance(0)"}
[HTTP] <-- POST /wd/hub/session/46a3ec4e-367c-4037-ba30-4ca53b83711a/elements 200 62 ms - 74
[HTTP] 
[HTTP] --> POST /wd/hub/session/46a3ec4e-367c-4037-ba30-4ca53b83711a/elements
[HTTP] {"using":"-android uiautomator","value":"new UiSelector().className(\"android.widget.EditText\").resourceId(\"id.co.myhomecredit:id/pin_et_input_otp\").instance(0)"}
[HTTP] <-- POST /wd/hub/session/46a3ec4e-367c-4037-ba30-4ca53b83711a/elements 200 56 ms - 74
[HTTP] 
[HTTP] --> POST /wd/hub/session/46a3ec4e-367c-4037-ba30-4ca53b83711a/elements
[HTTP] {"using":"-android uiautomator","value":"new UiSelector().className(\"android.widget.EditText\").resourceId(\"id.co.myhomecredit:id/pin_et_input_otp\").instance(0)"}
[HTTP] <-- POST /wd/hub/session/46a3ec4e-367c-4037-ba30-4ca53b83711a/elements 200 68 ms - 74
[HTTP] 
[HTTP] --> POST /wd/hub/session/46a3ec4e-367c-4037-ba30-4ca53b83711a/elements
[HTTP] {"using":"-android uiautomator","value":"new UiSelector().className(\"android.widget.EditText\").resourceId(\"id.co.myhomecredit:id/pin_et_input_otp\").instance(0)"}
[HTTP] <-- POST /wd/hub/session/46a3ec4e-367c-4037-ba30-4ca53b83711a/elements 200 51 ms - 74
[HTTP] 
[HTTP] --> POST /wd/hub/session/46a3ec4e-367c-4037-ba30-4ca53b83711a/elements
[HTTP] {"using":"-android uiautomator","value":"new UiSelector().className(\"android.widget.EditText\").resourceId(\"id.co.myhomecredit:id/pin_et_input_otp\").instance(0)"}
[HTTP] <-- POST /wd/hub/session/46a3ec4e-367c-4037-ba30-4ca53b83711a/elements 200 53 ms - 74
[HTTP] 
[HTTP] --> POST /wd/hub/session/46a3ec4e-367c-4037-ba30-4ca53b83711a/elements
[HTTP] {"using":"-android uiautomator","value":"new UiSelector().className(\"android.widget.EditText\").resourceId(\"id.co.myhomecredit:id/pin_et_input_otp\").instance(0)"}
[HTTP] <-- POST /wd/hub/session/46a3ec4e-367c-4037-ba30-4ca53b83711a/elements 200 52 ms - 74
[HTTP] 
[HTTP] --> POST /wd/hub/session/46a3ec4e-367c-4037-ba30-4ca53b83711a/elements
[HTTP] {"using":"-android uiautomator","value":"new UiSelector().className(\"android.widget.EditText\").resourceId(\"id.co.myhomecredit:id/pin_et_input_otp\").instance(0)"}
[HTTP] <-- POST /wd/hub/session/46a3ec4e-367c-4037-ba30-4ca53b83711a/elements 200 58 ms - 74
[HTTP] 
[HTTP] --> POST /wd/hub/session/46a3ec4e-367c-4037-ba30-4ca53b83711a/elements
[HTTP] {"using":"-android uiautomator","value":"new UiSelector().className(\"android.widget.EditText\").resourceId(\"id.co.myhomecredit:id/pin_et_input_otp\").instance(0)"}
[HTTP] <-- POST /wd/hub/session/46a3ec4e-367c-4037-ba30-4ca53b83711a/elements 200 58 ms - 74
[HTTP] 
[HTTP] --> POST /wd/hub/session/46a3ec4e-367c-4037-ba30-4ca53b83711a/elements
[HTTP] {"using":"-android uiautomator","value":"new UiSelector().className(\"android.widget.EditText\").resourceId(\"id.co.myhomecredit:id/pin_et_input_otp\").instance(0)"}
[HTTP] <-- POST /wd/hub/session/46a3ec4e-367c-4037-ba30-4ca53b83711a/elements 200 54 ms - 74
[HTTP] 
[HTTP] --> POST /wd/hub/session/46a3ec4e-367c-4037-ba30-4ca53b83711a/elements
[HTTP] {"using":"-android uiautomator","value":"new UiSelector().className(\"android.widget.EditText\").resourceId(\"id.co.myhomecredit:id/pin_et_input_otp\").instance(0)"}
[HTTP] <-- POST /wd/hub/session/46a3ec4e-367c-4037-ba30-4ca53b83711a/elements 200 53 ms - 74
[HTTP] 
[HTTP] --> POST /wd/hub/session/46a3ec4e-367c-4037-ba30-4ca53b83711a/elements
[HTTP] {"using":"-android uiautomator","value":"new UiSelector().className(\"android.widget.EditText\").resourceId(\"id.co.myhomecredit:id/pin_et_input_otp\").instance(0)"}
[HTTP] <-- POST /wd/hub/session/46a3ec4e-367c-4037-ba30-4ca53b83711a/elements 200 56 ms - 74
[HTTP] 
[HTTP] --> POST /wd/hub/session/46a3ec4e-367c-4037-ba30-4ca53b83711a/elements
[HTTP] {"using":"-android uiautomator","value":"new UiSelector().className(\"android.widget.EditText\").resourceId(\"id.co.myhomecredit:id/pin_et_input_otp\").instance(0)"}
[HTTP] <-- POST /wd/hub/session/46a3ec4e-367c-4037-ba30-4ca53b83711a/elements 200 56 ms - 74
[HTTP] 
[HTTP] --> POST /wd/hub/session/46a3ec4e-367c-4037-ba30-4ca53b83711a/elements
[HTTP] {"using":"-android uiautomator","value":"new UiSelector().className(\"android.widget.EditText\").resourceId(\"id.co.myhomecredit:id/pin_et_input_otp\").instance(0)"}
[HTTP] <-- POST /wd/hub/session/46a3ec4e-367c-4037-ba30-4ca53b83711a/elements 200 58 ms - 74
[HTTP] 
[HTTP] --> POST /wd/hub/session/46a3ec4e-367c-4037-ba30-4ca53b83711a/elements
[HTTP] {"using":"-android uiautomator","value":"new UiSelector().className(\"android.widget.EditText\").resourceId(\"id.co.myhomecredit:id/pin_et_input_otp\").instance(0)"}
[HTTP] <-- POST /wd/hub/session/46a3ec4e-367c-4037-ba30-4ca53b83711a/elements - - ms - -
[HTTP] 
[BaseDriver] Shutting down because we waited 1800 seconds for a command
[Appium] Closing session, cause was 'New Command Timeout of 1800 seconds expired. Try customizing the timeout using the 'newCommandTimeout' desired capability'
[Appium] Removing session 46a3ec4e-367c-4037-ba30-4ca53b83711a from our master session list
[UiAutomator2] Did not get confirmation UiAutomator2 deleteSession worked; Error was: ProxyRequestError: Could not proxy command to remote server. Original error: Error: socket hang up
[Appium] Received SIGTERM - shutting down
